CRITICAL - 2022-08-03 15:26:54 --> Undefined offset: 0
#0 /home3/kronicke/public_html/veatfresh/app/Controllers/Product.php(119): CodeIgniter\Debug\Exceptions->errorHandler(8, 'Undefined offse...', '/home3/kronicke...', 119, Array)
#1 /home3/kronicke/public_html/veatfresh/system/CodeIgniter.php(825): App\Controllers\Product->product_detail('assets', 'imgs', 'shop', 'product-16-2.jp...')
#2 /home3/kronicke/public_html/veatfresh/system/CodeIgniter.php(412): CodeIgniter\CodeIgniter->runController(Object(App\Controllers\Product))
#3 /home3/kronicke/public_html/veatfresh/system/CodeIgniter.php(320): CodeIgniter\CodeIgniter->handleRequest(NULL, Object(Config\Cache), false)
#4 /home3/kronicke/public_html/veatfresh/index.php(37): CodeIgniter\CodeIgniter->run()
#5 {main}
CRITICAL - 2022-08-03 15:26:55 --> Undefined offset: 0
#0 /home3/kronicke/public_html/veatfresh/app/Controllers/Product.php(119): CodeIgniter\Debug\Exceptions->errorHandler(8, 'Undefined offse...', '/home3/kronicke...', 119, Array)
#1 /home3/kronicke/public_html/veatfresh/system/CodeIgniter.php(825): App\Controllers\Product->product_detail('assets', 'imgs', 'shop', 'product-16-1.jp...')
#2 /home3/kronicke/public_html/veatfresh/system/CodeIgniter.php(412): CodeIgniter\CodeIgniter->runController(Object(App\Controllers\Product))
#3 /home3/kronicke/public_html/veatfresh/system/CodeIgniter.php(320): CodeIgniter\CodeIgniter->handleRequest(NULL, Object(Config\Cache), false)
#4 /home3/kronicke/public_html/veatfresh/index.php(37): CodeIgniter\CodeIgniter->run()
#5 {main}
CRITICAL - 2022-08-03 15:26:55 --> Undefined offset: 0
#0 /home3/kronicke/public_html/veatfresh/app/Controllers/Product.php(119): CodeIgniter\Debug\Exceptions->errorHandler(8, 'Undefined offse...', '/home3/kronicke...', 119, Array)
#1 /home3/kronicke/public_html/veatfresh/system/CodeIgniter.php(825): App\Controllers\Product->product_detail('assets', 'imgs', 'shop', 'product-16-3.jp...')
#2 /home3/kronicke/public_html/veatfresh/system/CodeIgniter.php(412): CodeIgniter\CodeIgniter->runController(Object(App\Controllers\Product))
#3 /home3/kronicke/public_html/veatfresh/system/CodeIgniter.php(320): CodeIgniter\CodeIgniter->handleRequest(NULL, Object(Config\Cache), false)
#4 /home3/kronicke/public_html/veatfresh/index.php(37): CodeIgniter\CodeIgniter->run()
#5 {main}
CRITICAL - 2022-08-03 15:26:55 --> Undefined offset: 0
#0 /home3/kronicke/public_html/veatfresh/app/Controllers/Product.php(119): CodeIgniter\Debug\Exceptions->errorHandler(8, 'Undefined offse...', '/home3/kronicke...', 119, Array)
#1 /home3/kronicke/public_html/veatfresh/system/CodeIgniter.php(825): App\Controllers\Product->product_detail('assets', 'imgs', 'shop', 'product-16-5.jp...')
#2 /home3/kronicke/public_html/veatfresh/system/CodeIgniter.php(412): CodeIgniter\CodeIgniter->runController(Object(App\Controllers\Product))
#3 /home3/kronicke/public_html/veatfresh/system/CodeIgniter.php(320): CodeIgniter\CodeIgniter->handleRequest(NULL, Object(Config\Cache), false)
#4 /home3/kronicke/public_html/veatfresh/index.php(37): CodeIgniter\CodeIgniter->run()
#5 {main}
CRITICAL - 2022-08-03 15:26:55 --> Undefined offset: 0
#0 /home3/kronicke/public_html/veatfresh/app/Controllers/Product.php(119): CodeIgniter\Debug\Exceptions->errorHandler(8, 'Undefined offse...', '/home3/kronicke...', 119, Array)
#1 /home3/kronicke/public_html/veatfresh/system/CodeIgniter.php(825): App\Controllers\Product->product_detail('assets', 'imgs', 'shop', 'thumbnail-4.jpg')
#2 /home3/kronicke/public_html/veatfresh/system/CodeIgniter.php(412): CodeIgniter\CodeIgniter->runController(Object(App\Controllers\Product))
#3 /home3/kronicke/public_html/veatfresh/system/CodeIgniter.php(320): CodeIgniter\CodeIgniter->handleRequest(NULL, Object(Config\Cache), false)
#4 /home3/kronicke/public_html/veatfresh/index.php(37): CodeIgniter\CodeIgniter->run()
#5 {main}
CRITICAL - 2022-08-03 15:26:55 --> Undefined offset: 0
#0 /home3/kronicke/public_html/veatfresh/app/Controllers/Product.php(119): CodeIgniter\Debug\Exceptions->errorHandler(8, 'Undefined offse...', '/home3/kronicke...', 119, Array)
#1 /home3/kronicke/public_html/veatfresh/system/CodeIgniter.php(825): App\Controllers\Product->product_detail('assets', 'imgs', 'shop', 'thumbnail-5.jpg')
#2 /home3/kronicke/public_html/veatfresh/system/CodeIgniter.php(412): CodeIgniter\CodeIgniter->runController(Object(App\Controllers\Product))
#3 /home3/kronicke/public_html/veatfresh/system/CodeIgniter.php(320): CodeIgniter\CodeIgniter->handleRequest(NULL, Object(Config\Cache), false)
#4 /home3/kronicke/public_html/veatfresh/index.php(37): CodeIgniter\CodeIgniter->run()
#5 {main}
CRITICAL - 2022-08-03 15:26:55 --> Undefined offset: 0
#0 /home3/kronicke/public_html/veatfresh/app/Controllers/Product.php(119): CodeIgniter\Debug\Exceptions->errorHandler(8, 'Undefined offse...', '/home3/kronicke...', 119, Array)
#1 /home3/kronicke/public_html/veatfresh/system/CodeIgniter.php(825): App\Controllers\Product->product_detail('assets', 'imgs', 'shop', 'thumbnail-3.jpg')
#2 /home3/kronicke/public_html/veatfresh/system/CodeIgniter.php(412): CodeIgniter\CodeIgniter->runController(Object(App\Controllers\Product))
#3 /home3/kronicke/public_html/veatfresh/system/CodeIgniter.php(320): CodeIgniter\CodeIgniter->handleRequest(NULL, Object(Config\Cache), false)
#4 /home3/kronicke/public_html/veatfresh/index.php(37): CodeIgniter\CodeIgniter->run()
#5 {main}
CRITICAL - 2022-08-03 15:26:55 --> Undefined offset: 0
#0 /home3/kronicke/public_html/veatfresh/app/Controllers/Product.php(119): CodeIgniter\Debug\Exceptions->errorHandler(8, 'Undefined offse...', '/home3/kronicke...', 119, Array)
#1 /home3/kronicke/public_html/veatfresh/system/CodeIgniter.php(825): App\Controllers\Product->product_detail('assets', 'imgs', 'shop', 'thumbnail-9.jpg')
#2 /home3/kronicke/public_html/veatfresh/system/CodeIgniter.php(412): CodeIgniter\CodeIgniter->runController(Object(App\Controllers\Product))
#3 /home3/kronicke/public_html/veatfresh/system/CodeIgniter.php(320): CodeIgniter\CodeIgniter->handleRequest(NULL, Object(Config\Cache), false)
#4 /home3/kronicke/public_html/veatfresh/index.php(37): CodeIgniter\CodeIgniter->run()
#5 {main}
CRITICAL - 2022-08-03 15:26:55 --> Undefined offset: 0
#0 /home3/kronicke/public_html/veatfresh/app/Controllers/Product.php(119): CodeIgniter\Debug\Exceptions->errorHandler(8, 'Undefined offse...', '/home3/kronicke...', 119, Array)
#1 /home3/kronicke/public_html/veatfresh/system/CodeIgniter.php(825): App\Controllers\Product->product_detail('assets', 'imgs', 'shop', 'thumbnail-8.jpg')
#2 /home3/kronicke/public_html/veatfresh/system/CodeIgniter.php(412): CodeIgniter\CodeIgniter->runController(Object(App\Controllers\Product))
#3 /home3/kronicke/public_html/veatfresh/system/CodeIgniter.php(320): CodeIgniter\CodeIgniter->handleRequest(NULL, Object(Config\Cache), false)
#4 /home3/kronicke/public_html/veatfresh/index.php(37): CodeIgniter\CodeIgniter->run()
#5 {main}
CRITICAL - 2022-08-03 15:26:55 --> Undefined offset: 0
#0 /home3/kronicke/public_html/veatfresh/app/Controllers/Product.php(119): CodeIgniter\Debug\Exceptions->errorHandler(8, 'Undefined offse...', '/home3/kronicke...', 119, Array)
#1 /home3/kronicke/public_html/veatfresh/system/CodeIgniter.php(825): App\Controllers\Product->product_detail('assets', 'imgs', 'shop', 'thumbnail-6.jpg')
#2 /home3/kronicke/public_html/veatfresh/system/CodeIgniter.php(412): CodeIgniter\CodeIgniter->runController(Object(App\Controllers\Product))
#3 /home3/kronicke/public_html/veatfresh/system/CodeIgniter.php(320): CodeIgniter\CodeIgniter->handleRequest(NULL, Object(Config\Cache), false)
#4 /home3/kronicke/public_html/veatfresh/index.php(37): CodeIgniter\CodeIgniter->run()
#5 {main}
CRITICAL - 2022-08-03 15:26:55 --> Undefined offset: 0
#0 /home3/kronicke/public_html/veatfresh/app/Controllers/Product.php(119): CodeIgniter\Debug\Exceptions->errorHandler(8, 'Undefined offse...', '/home3/kronicke...', 119, Array)
#1 /home3/kronicke/public_html/veatfresh/system/CodeIgniter.php(825): App\Controllers\Product->product_detail('assets', 'imgs', 'shop', 'product-16-4.jp...')
#2 /home3/kronicke/public_html/veatfresh/system/CodeIgniter.php(412): CodeIgniter\CodeIgniter->runController(Object(App\Controllers\Product))
#3 /home3/kronicke/public_html/veatfresh/system/CodeIgniter.php(320): CodeIgniter\CodeIgniter->handleRequest(NULL, Object(Config\Cache), false)
#4 /home3/kronicke/public_html/veatfresh/index.php(37): CodeIgniter\CodeIgniter->run()
#5 {main}
CRITICAL - 2022-08-03 15:26:55 --> Undefined offset: 0
#0 /home3/kronicke/public_html/veatfresh/app/Controllers/Product.php(119): CodeIgniter\Debug\Exceptions->errorHandler(8, 'Undefined offse...', '/home3/kronicke...', 119, Array)
#1 /home3/kronicke/public_html/veatfresh/system/CodeIgniter.php(825): App\Controllers\Product->product_detail('assets', 'imgs', 'shop', 'thumbnail-7.jpg')
#2 /home3/kronicke/public_html/veatfresh/system/CodeIgniter.php(412): CodeIgniter\CodeIgniter->runController(Object(App\Controllers\Product))
#3 /home3/kronicke/public_html/veatfresh/system/CodeIgniter.php(320): CodeIgniter\CodeIgniter->handleRequest(NULL, Object(Config\Cache), false)
#4 /home3/kronicke/public_html/veatfresh/index.php(37): CodeIgniter\CodeIgniter->run()
#5 {main}
CRITICAL - 2022-08-03 15:26:55 --> Undefined offset: 0
#0 /home3/kronicke/public_html/veatfresh/app/Controllers/Product.php(119): CodeIgniter\Debug\Exceptions->errorHandler(8, 'Undefined offse...', '/home3/kronicke...', 119, Array)
#1 /home3/kronicke/public_html/veatfresh/system/CodeIgniter.php(825): App\Controllers\Product->product_detail('assets', 'imgs', 'shop', 'product-16-2.jp...')
#2 /home3/kronicke/public_html/veatfresh/system/CodeIgniter.php(412): CodeIgniter\CodeIgniter->runController(Object(App\Controllers\Product))
#3 /home3/kronicke/public_html/veatfresh/system/CodeIgniter.php(320): CodeIgniter\CodeIgniter->handleRequest(NULL, Object(Config\Cache), false)
#4 /home3/kronicke/public_html/veatfresh/index.php(37): CodeIgniter\CodeIgniter->run()
#5 {main}
CRITICAL - 2022-08-03 15:26:55 --> Undefined offset: 0
#0 /home3/kronicke/public_html/veatfresh/app/Controllers/Product.php(119): CodeIgniter\Debug\Exceptions->errorHandler(8, 'Undefined offse...', '/home3/kronicke...', 119, Array)
#1 /home3/kronicke/public_html/veatfresh/system/CodeIgniter.php(825): App\Controllers\Product->product_detail('assets', 'imgs', 'shop', 'product-16-6.jp...')
#2 /home3/kronicke/public_html/veatfresh/system/CodeIgniter.php(412): CodeIgniter\CodeIgniter->runController(Object(App\Controllers\Product))
#3 /home3/kronicke/public_html/veatfresh/system/CodeIgniter.php(320): CodeIgniter\CodeIgniter->handleRequest(NULL, Object(Config\Cache), false)
#4 /home3/kronicke/public_html/veatfresh/index.php(37): CodeIgniter\CodeIgniter->run()
#5 {main}
CRITICAL - 2022-08-03 15:26:55 --> Undefined offset: 0
#0 /home3/kronicke/public_html/veatfresh/app/Controllers/Product.php(119): CodeIgniter\Debug\Exceptions->errorHandler(8, 'Undefined offse...', '/home3/kronicke...', 119, Array)
#1 /home3/kronicke/public_html/veatfresh/system/CodeIgniter.php(825): App\Controllers\Product->product_detail('assets', 'imgs', 'shop', 'product-16-7.jp...')
#2 /home3/kronicke/public_html/veatfresh/system/CodeIgniter.php(412): CodeIgniter\CodeIgniter->runController(Object(App\Controllers\Product))
#3 /home3/kronicke/public_html/veatfresh/system/CodeIgniter.php(320): CodeIgniter\CodeIgniter->handleRequest(NULL, Object(Config\Cache), false)
#4 /home3/kronicke/public_html/veatfresh/index.php(37): CodeIgniter\CodeIgniter->run()
#5 {main}
