CRITICAL - 2022-02-21 08:03:36 --> Undefined variable: totalTime
#0 F:\xampp\htdocs\veatfresh_web\system\Debug\Toolbar\Views\toolbar.tpl.php(40): CodeIgniter\Debug\Exceptions->errorHandler(8, 'Undefined varia...', 'F:\\xampp\\htdocs...', 40, Array)
#1 F:\xampp\htdocs\veatfresh_web\system\Debug\Toolbar.php(501): include('F:\\xampp\\htdocs...')
#2 F:\xampp\htdocs\veatfresh_web\system\Debug\Toolbar.php(464): CodeIgniter\Debug\Toolbar->format(Array, 'html')
#3 F:\xampp\htdocs\veatfresh_web\app\Config\Events.php(48): CodeIgniter\Debug\Toolbar->respond()
#4 F:\xampp\htdocs\veatfresh_web\system\Events\Events.php(149): CodeIgniter\Events\Events::Config\{closure}()
#5 F:\xampp\htdocs\veatfresh_web\system\CodeIgniter.php(302): CodeIgniter\Events\Events::trigger('pre_system')
#6 F:\xampp\htdocs\veatfresh_web\index.php(37): CodeIgniter\CodeIgniter->run()
#7 {main}
CRITICAL - 2022-02-21 09:05:11 --> Class 'App\Controllers\CrudModel' not found
#0 F:\xampp\htdocs\veatfresh_web\system\CodeIgniter.php(802): App\Controllers\Home->__construct()
#1 F:\xampp\htdocs\veatfresh_web\system\CodeIgniter.php(403): CodeIgniter\CodeIgniter->createController()
#2 F:\xampp\htdocs\veatfresh_web\system\CodeIgniter.php(320): CodeIgniter\CodeIgniter->handleRequest(NULL, Object(Config\Cache), false)
#3 F:\xampp\htdocs\veatfresh_web\index.php(37): CodeIgniter\CodeIgniter->run()
#4 {main}
CRITICAL - 2022-02-21 09:07:59 --> Undefined variable: categories
#0 F:\xampp\htdocs\veatfresh_web\app\Controllers\Home.php(49): CodeIgniter\Debug\Exceptions->errorHandler(8, 'Undefined varia...', 'F:\\xampp\\htdocs...', 49, Array)
#1 F:\xampp\htdocs\veatfresh_web\system\CodeIgniter.php(825): App\Controllers\Home->index()
#2 F:\xampp\htdocs\veatfresh_web\system\CodeIgniter.php(412): CodeIgniter\CodeIgniter->runController(Object(App\Controllers\Home))
#3 F:\xampp\htdocs\veatfresh_web\system\CodeIgniter.php(320): CodeIgniter\CodeIgniter->handleRequest(NULL, Object(Config\Cache), false)
#4 F:\xampp\htdocs\veatfresh_web\index.php(37): CodeIgniter\CodeIgniter->run()
#5 {main}
CRITICAL - 2022-02-21 09:08:00 --> Undefined variable: categories
#0 F:\xampp\htdocs\veatfresh_web\app\Controllers\Home.php(49): CodeIgniter\Debug\Exceptions->errorHandler(8, 'Undefined varia...', 'F:\\xampp\\htdocs...', 49, Array)
#1 F:\xampp\htdocs\veatfresh_web\system\CodeIgniter.php(825): App\Controllers\Home->index()
#2 F:\xampp\htdocs\veatfresh_web\system\CodeIgniter.php(412): CodeIgniter\CodeIgniter->runController(Object(App\Controllers\Home))
#3 F:\xampp\htdocs\veatfresh_web\system\CodeIgniter.php(320): CodeIgniter\CodeIgniter->handleRequest(NULL, Object(Config\Cache), false)
#4 F:\xampp\htdocs\veatfresh_web\index.php(37): CodeIgniter\CodeIgniter->run()
#5 {main}
CRITICAL - 2022-02-21 09:08:00 --> Undefined variable: categories
#0 F:\xampp\htdocs\veatfresh_web\app\Controllers\Home.php(49): CodeIgniter\Debug\Exceptions->errorHandler(8, 'Undefined varia...', 'F:\\xampp\\htdocs...', 49, Array)
#1 F:\xampp\htdocs\veatfresh_web\system\CodeIgniter.php(825): App\Controllers\Home->index()
#2 F:\xampp\htdocs\veatfresh_web\system\CodeIgniter.php(412): CodeIgniter\CodeIgniter->runController(Object(App\Controllers\Home))
#3 F:\xampp\htdocs\veatfresh_web\system\CodeIgniter.php(320): CodeIgniter\CodeIgniter->handleRequest(NULL, Object(Config\Cache), false)
#4 F:\xampp\htdocs\veatfresh_web\index.php(37): CodeIgniter\CodeIgniter->run()
#5 {main}
