CRITICAL - 2022-08-02 07:26:27 --> A non well formed numeric value encountered
#0 [internal function]: CodeIgniter\Debug\Exceptions->errorHandler(8, 'A non well form...', '/home3/kronicke...', 103, Array)
#1 /home3/kronicke/public_html/veatfresh/app/Views/track-order.php(103): date('d-m-Y', '2022-07-10 20:5...')
#2 /home3/kronicke/public_html/veatfresh/system/View/View.php(210): include('/home3/kronicke...')
#3 /home3/kronicke/public_html/veatfresh/system/View/View.php(213): CodeIgniter\View\View->CodeIgniter\View\{closure}()
#4 /home3/kronicke/public_html/veatfresh/system/Common.php(1089): CodeIgniter\View\View->render('track-order', Array, true)
#5 /home3/kronicke/public_html/veatfresh/app/Controllers/Home.php(406): view('track-order', Array)
#6 /home3/kronicke/public_html/veatfresh/system/CodeIgniter.php(825): App\Controllers\Home->track_order()
#7 /home3/kronicke/public_html/veatfresh/system/CodeIgniter.php(412): CodeIgniter\CodeIgniter->runController(Object(App\Controllers\Home))
#8 /home3/kronicke/public_html/veatfresh/system/CodeIgniter.php(320): CodeIgniter\CodeIgniter->handleRequest(NULL, Object(Config\Cache), false)
#9 /home3/kronicke/public_html/veatfresh/index.php(37): CodeIgniter\CodeIgniter->run()
#10 {main}
CRITICAL - 2022-08-02 07:27:49 --> Undefined index: order_items
#0 /home3/kronicke/public_html/veatfresh/app/Views/track-order.php(109): CodeIgniter\Debug\Exceptions->errorHandler(8, 'Undefined index...', '/home3/kronicke...', 109, Array)
#1 /home3/kronicke/public_html/veatfresh/system/View/View.php(210): include('/home3/kronicke...')
#2 /home3/kronicke/public_html/veatfresh/system/View/View.php(213): CodeIgniter\View\View->CodeIgniter\View\{closure}()
#3 /home3/kronicke/public_html/veatfresh/system/Common.php(1089): CodeIgniter\View\View->render('track-order', Array, true)
#4 /home3/kronicke/public_html/veatfresh/app/Controllers/Home.php(406): view('track-order', Array)
#5 /home3/kronicke/public_html/veatfresh/system/CodeIgniter.php(825): App\Controllers\Home->track_order()
#6 /home3/kronicke/public_html/veatfresh/system/CodeIgniter.php(412): CodeIgniter\CodeIgniter->runController(Object(App\Controllers\Home))
#7 /home3/kronicke/public_html/veatfresh/system/CodeIgniter.php(320): CodeIgniter\CodeIgniter->handleRequest(NULL, Object(Config\Cache), false)
#8 /home3/kronicke/public_html/veatfresh/index.php(37): CodeIgniter\CodeIgniter->run()
#9 {main}
CRITICAL - 2022-08-02 08:17:04 --> Undefined offset: 0
#0 /home3/kronicke/public_html/veatfresh/app/Controllers/Product.php(119): CodeIgniter\Debug\Exceptions->errorHandler(8, 'Undefined offse...', '/home3/kronicke...', 119, Array)
#1 /home3/kronicke/public_html/veatfresh/system/CodeIgniter.php(825): App\Controllers\Product->product_detail('assets', 'imgs', 'shop', 'product-16-2.jp...')
#2 /home3/kronicke/public_html/veatfresh/system/CodeIgniter.php(412): CodeIgniter\CodeIgniter->runController(Object(App\Controllers\Product))
#3 /home3/kronicke/public_html/veatfresh/system/CodeIgniter.php(320): CodeIgniter\CodeIgniter->handleRequest(NULL, Object(Config\Cache), false)
#4 /home3/kronicke/public_html/veatfresh/index.php(37): CodeIgniter\CodeIgniter->run()
#5 {main}
CRITICAL - 2022-08-02 08:17:05 --> Undefined offset: 0
#0 /home3/kronicke/public_html/veatfresh/app/Controllers/Product.php(119): CodeIgniter\Debug\Exceptions->errorHandler(8, 'Undefined offse...', '/home3/kronicke...', 119, Array)
#1 /home3/kronicke/public_html/veatfresh/system/CodeIgniter.php(825): App\Controllers\Product->product_detail('assets', 'imgs', 'shop', 'product-16-1.jp...')
#2 /home3/kronicke/public_html/veatfresh/system/CodeIgniter.php(412): CodeIgniter\CodeIgniter->runController(Object(App\Controllers\Product))
#3 /home3/kronicke/public_html/veatfresh/system/CodeIgniter.php(320): CodeIgniter\CodeIgniter->handleRequest(NULL, Object(Config\Cache), false)
#4 /home3/kronicke/public_html/veatfresh/index.php(37): CodeIgniter\CodeIgniter->run()
#5 {main}
CRITICAL - 2022-08-02 08:17:05 --> Undefined offset: 0
#0 /home3/kronicke/public_html/veatfresh/app/Controllers/Product.php(119): CodeIgniter\Debug\Exceptions->errorHandler(8, 'Undefined offse...', '/home3/kronicke...', 119, Array)
#1 /home3/kronicke/public_html/veatfresh/system/CodeIgniter.php(825): App\Controllers\Product->product_detail('assets', 'imgs', 'shop', 'thumbnail-4.jpg')
#2 /home3/kronicke/public_html/veatfresh/system/CodeIgniter.php(412): CodeIgniter\CodeIgniter->runController(Object(App\Controllers\Product))
#3 /home3/kronicke/public_html/veatfresh/system/CodeIgniter.php(320): CodeIgniter\CodeIgniter->handleRequest(NULL, Object(Config\Cache), false)
#4 /home3/kronicke/public_html/veatfresh/index.php(37): CodeIgniter\CodeIgniter->run()
#5 {main}
CRITICAL - 2022-08-02 08:17:05 --> Undefined offset: 0
#0 /home3/kronicke/public_html/veatfresh/app/Controllers/Product.php(119): CodeIgniter\Debug\Exceptions->errorHandler(8, 'Undefined offse...', '/home3/kronicke...', 119, Array)
#1 /home3/kronicke/public_html/veatfresh/system/CodeIgniter.php(825): App\Controllers\Product->product_detail('assets', 'imgs', 'shop', 'thumbnail-7.jpg')
#2 /home3/kronicke/public_html/veatfresh/system/CodeIgniter.php(412): CodeIgniter\CodeIgniter->runController(Object(App\Controllers\Product))
#3 /home3/kronicke/public_html/veatfresh/system/CodeIgniter.php(320): CodeIgniter\CodeIgniter->handleRequest(NULL, Object(Config\Cache), false)
#4 /home3/kronicke/public_html/veatfresh/index.php(37): CodeIgniter\CodeIgniter->run()
#5 {main}
CRITICAL - 2022-08-02 08:17:05 --> Undefined offset: 0
#0 /home3/kronicke/public_html/veatfresh/app/Controllers/Product.php(119): CodeIgniter\Debug\Exceptions->errorHandler(8, 'Undefined offse...', '/home3/kronicke...', 119, Array)
#1 /home3/kronicke/public_html/veatfresh/system/CodeIgniter.php(825): App\Controllers\Product->product_detail('assets', 'imgs', 'shop', 'product-16-7.jp...')
#2 /home3/kronicke/public_html/veatfresh/system/CodeIgniter.php(412): CodeIgniter\CodeIgniter->runController(Object(App\Controllers\Product))
#3 /home3/kronicke/public_html/veatfresh/system/CodeIgniter.php(320): CodeIgniter\CodeIgniter->handleRequest(NULL, Object(Config\Cache), false)
#4 /home3/kronicke/public_html/veatfresh/index.php(37): CodeIgniter\CodeIgniter->run()
#5 {main}
CRITICAL - 2022-08-02 08:17:05 --> Undefined offset: 0
#0 /home3/kronicke/public_html/veatfresh/app/Controllers/Product.php(119): CodeIgniter\Debug\Exceptions->errorHandler(8, 'Undefined offse...', '/home3/kronicke...', 119, Array)
#1 /home3/kronicke/public_html/veatfresh/system/CodeIgniter.php(825): App\Controllers\Product->product_detail('assets', 'imgs', 'shop', 'thumbnail-3.jpg')
#2 /home3/kronicke/public_html/veatfresh/system/CodeIgniter.php(412): CodeIgniter\CodeIgniter->runController(Object(App\Controllers\Product))
#3 /home3/kronicke/public_html/veatfresh/system/CodeIgniter.php(320): CodeIgniter\CodeIgniter->handleRequest(NULL, Object(Config\Cache), false)
#4 /home3/kronicke/public_html/veatfresh/index.php(37): CodeIgniter\CodeIgniter->run()
#5 {main}
CRITICAL - 2022-08-02 08:17:05 --> Undefined offset: 0
#0 /home3/kronicke/public_html/veatfresh/app/Controllers/Product.php(119): CodeIgniter\Debug\Exceptions->errorHandler(8, 'Undefined offse...', '/home3/kronicke...', 119, Array)
#1 /home3/kronicke/public_html/veatfresh/system/CodeIgniter.php(825): App\Controllers\Product->product_detail('assets', 'imgs', 'shop', 'thumbnail-8.jpg')
#2 /home3/kronicke/public_html/veatfresh/system/CodeIgniter.php(412): CodeIgniter\CodeIgniter->runController(Object(App\Controllers\Product))
#3 /home3/kronicke/public_html/veatfresh/system/CodeIgniter.php(320): CodeIgniter\CodeIgniter->handleRequest(NULL, Object(Config\Cache), false)
#4 /home3/kronicke/public_html/veatfresh/index.php(37): CodeIgniter\CodeIgniter->run()
#5 {main}
CRITICAL - 2022-08-02 08:17:05 --> Undefined offset: 0
#0 /home3/kronicke/public_html/veatfresh/app/Controllers/Product.php(119): CodeIgniter\Debug\Exceptions->errorHandler(8, 'Undefined offse...', '/home3/kronicke...', 119, Array)
#1 /home3/kronicke/public_html/veatfresh/system/CodeIgniter.php(825): App\Controllers\Product->product_detail('assets', 'imgs', 'shop', 'thumbnail-9.jpg')
#2 /home3/kronicke/public_html/veatfresh/system/CodeIgniter.php(412): CodeIgniter\CodeIgniter->runController(Object(App\Controllers\Product))
#3 /home3/kronicke/public_html/veatfresh/system/CodeIgniter.php(320): CodeIgniter\CodeIgniter->handleRequest(NULL, Object(Config\Cache), false)
#4 /home3/kronicke/public_html/veatfresh/index.php(37): CodeIgniter\CodeIgniter->run()
#5 {main}
CRITICAL - 2022-08-02 08:17:05 --> Undefined offset: 0
#0 /home3/kronicke/public_html/veatfresh/app/Controllers/Product.php(119): CodeIgniter\Debug\Exceptions->errorHandler(8, 'Undefined offse...', '/home3/kronicke...', 119, Array)
#1 /home3/kronicke/public_html/veatfresh/system/CodeIgniter.php(825): App\Controllers\Product->product_detail('assets', 'imgs', 'shop', 'product-16-4.jp...')
#2 /home3/kronicke/public_html/veatfresh/system/CodeIgniter.php(412): CodeIgniter\CodeIgniter->runController(Object(App\Controllers\Product))
#3 /home3/kronicke/public_html/veatfresh/system/CodeIgniter.php(320): CodeIgniter\CodeIgniter->handleRequest(NULL, Object(Config\Cache), false)
#4 /home3/kronicke/public_html/veatfresh/index.php(37): CodeIgniter\CodeIgniter->run()
#5 {main}
CRITICAL - 2022-08-02 08:17:05 --> Undefined offset: 0
#0 /home3/kronicke/public_html/veatfresh/app/Controllers/Product.php(119): CodeIgniter\Debug\Exceptions->errorHandler(8, 'Undefined offse...', '/home3/kronicke...', 119, Array)
#1 /home3/kronicke/public_html/veatfresh/system/CodeIgniter.php(825): App\Controllers\Product->product_detail('assets', 'imgs', 'shop', 'product-16-5.jp...')
#2 /home3/kronicke/public_html/veatfresh/system/CodeIgniter.php(412): CodeIgniter\CodeIgniter->runController(Object(App\Controllers\Product))
#3 /home3/kronicke/public_html/veatfresh/system/CodeIgniter.php(320): CodeIgniter\CodeIgniter->handleRequest(NULL, Object(Config\Cache), false)
#4 /home3/kronicke/public_html/veatfresh/index.php(37): CodeIgniter\CodeIgniter->run()
#5 {main}
CRITICAL - 2022-08-02 08:17:05 --> Undefined offset: 0
#0 /home3/kronicke/public_html/veatfresh/app/Controllers/Product.php(119): CodeIgniter\Debug\Exceptions->errorHandler(8, 'Undefined offse...', '/home3/kronicke...', 119, Array)
#1 /home3/kronicke/public_html/veatfresh/system/CodeIgniter.php(825): App\Controllers\Product->product_detail('assets', 'imgs', 'shop', 'thumbnail-5.jpg')
#2 /home3/kronicke/public_html/veatfresh/system/CodeIgniter.php(412): CodeIgniter\CodeIgniter->runController(Object(App\Controllers\Product))
#3 /home3/kronicke/public_html/veatfresh/system/CodeIgniter.php(320): CodeIgniter\CodeIgniter->handleRequest(NULL, Object(Config\Cache), false)
#4 /home3/kronicke/public_html/veatfresh/index.php(37): CodeIgniter\CodeIgniter->run()
#5 {main}
CRITICAL - 2022-08-02 08:17:05 --> Undefined offset: 0
#0 /home3/kronicke/public_html/veatfresh/app/Controllers/Product.php(119): CodeIgniter\Debug\Exceptions->errorHandler(8, 'Undefined offse...', '/home3/kronicke...', 119, Array)
#1 /home3/kronicke/public_html/veatfresh/system/CodeIgniter.php(825): App\Controllers\Product->product_detail('assets', 'imgs', 'shop', 'thumbnail-6.jpg')
#2 /home3/kronicke/public_html/veatfresh/system/CodeIgniter.php(412): CodeIgniter\CodeIgniter->runController(Object(App\Controllers\Product))
#3 /home3/kronicke/public_html/veatfresh/system/CodeIgniter.php(320): CodeIgniter\CodeIgniter->handleRequest(NULL, Object(Config\Cache), false)
#4 /home3/kronicke/public_html/veatfresh/index.php(37): CodeIgniter\CodeIgniter->run()
#5 {main}
CRITICAL - 2022-08-02 08:17:05 --> Undefined offset: 0
#0 /home3/kronicke/public_html/veatfresh/app/Controllers/Product.php(119): CodeIgniter\Debug\Exceptions->errorHandler(8, 'Undefined offse...', '/home3/kronicke...', 119, Array)
#1 /home3/kronicke/public_html/veatfresh/system/CodeIgniter.php(825): App\Controllers\Product->product_detail('assets', 'imgs', 'shop', 'product-16-6.jp...')
#2 /home3/kronicke/public_html/veatfresh/system/CodeIgniter.php(412): CodeIgniter\CodeIgniter->runController(Object(App\Controllers\Product))
#3 /home3/kronicke/public_html/veatfresh/system/CodeIgniter.php(320): CodeIgniter\CodeIgniter->handleRequest(NULL, Object(Config\Cache), false)
#4 /home3/kronicke/public_html/veatfresh/index.php(37): CodeIgniter\CodeIgniter->run()
#5 {main}
CRITICAL - 2022-08-02 08:17:05 --> Undefined offset: 0
#0 /home3/kronicke/public_html/veatfresh/app/Controllers/Product.php(119): CodeIgniter\Debug\Exceptions->errorHandler(8, 'Undefined offse...', '/home3/kronicke...', 119, Array)
#1 /home3/kronicke/public_html/veatfresh/system/CodeIgniter.php(825): App\Controllers\Product->product_detail('assets', 'imgs', 'shop', 'product-16-3.jp...')
#2 /home3/kronicke/public_html/veatfresh/system/CodeIgniter.php(412): CodeIgniter\CodeIgniter->runController(Object(App\Controllers\Product))
#3 /home3/kronicke/public_html/veatfresh/system/CodeIgniter.php(320): CodeIgniter\CodeIgniter->handleRequest(NULL, Object(Config\Cache), false)
#4 /home3/kronicke/public_html/veatfresh/index.php(37): CodeIgniter\CodeIgniter->run()
#5 {main}
CRITICAL - 2022-08-02 08:17:06 --> Undefined offset: 0
#0 /home3/kronicke/public_html/veatfresh/app/Controllers/Product.php(119): CodeIgniter\Debug\Exceptions->errorHandler(8, 'Undefined offse...', '/home3/kronicke...', 119, Array)
#1 /home3/kronicke/public_html/veatfresh/system/CodeIgniter.php(825): App\Controllers\Product->product_detail('assets', 'imgs', 'shop', 'product-16-5.jp...')
#2 /home3/kronicke/public_html/veatfresh/system/CodeIgniter.php(412): CodeIgniter\CodeIgniter->runController(Object(App\Controllers\Product))
#3 /home3/kronicke/public_html/veatfresh/system/CodeIgniter.php(320): CodeIgniter\CodeIgniter->handleRequest(NULL, Object(Config\Cache), false)
#4 /home3/kronicke/public_html/veatfresh/index.php(37): CodeIgniter\CodeIgniter->run()
#5 {main}
CRITICAL - 2022-08-02 08:17:06 --> Undefined offset: 0
#0 /home3/kronicke/public_html/veatfresh/app/Controllers/Product.php(119): CodeIgniter\Debug\Exceptions->errorHandler(8, 'Undefined offse...', '/home3/kronicke...', 119, Array)
#1 /home3/kronicke/public_html/veatfresh/system/CodeIgniter.php(825): App\Controllers\Product->product_detail('assets', 'imgs', 'shop', 'product-16-6.jp...')
#2 /home3/kronicke/public_html/veatfresh/system/CodeIgniter.php(412): CodeIgniter\CodeIgniter->runController(Object(App\Controllers\Product))
#3 /home3/kronicke/public_html/veatfresh/system/CodeIgniter.php(320): CodeIgniter\CodeIgniter->handleRequest(NULL, Object(Config\Cache), false)
#4 /home3/kronicke/public_html/veatfresh/index.php(37): CodeIgniter\CodeIgniter->run()
#5 {main}
CRITICAL - 2022-08-02 08:17:06 --> Undefined offset: 0
#0 /home3/kronicke/public_html/veatfresh/app/Controllers/Product.php(119): CodeIgniter\Debug\Exceptions->errorHandler(8, 'Undefined offse...', '/home3/kronicke...', 119, Array)
#1 /home3/kronicke/public_html/veatfresh/system/CodeIgniter.php(825): App\Controllers\Product->product_detail('assets', 'imgs', 'shop', 'thumbnail-7.jpg')
#2 /home3/kronicke/public_html/veatfresh/system/CodeIgniter.php(412): CodeIgniter\CodeIgniter->runController(Object(App\Controllers\Product))
#3 /home3/kronicke/public_html/veatfresh/system/CodeIgniter.php(320): CodeIgniter\CodeIgniter->handleRequest(NULL, Object(Config\Cache), false)
#4 /home3/kronicke/public_html/veatfresh/index.php(37): CodeIgniter\CodeIgniter->run()
#5 {main}
CRITICAL - 2022-08-02 08:17:06 --> Undefined offset: 0
#0 /home3/kronicke/public_html/veatfresh/app/Controllers/Product.php(119): CodeIgniter\Debug\Exceptions->errorHandler(8, 'Undefined offse...', '/home3/kronicke...', 119, Array)
#1 /home3/kronicke/public_html/veatfresh/system/CodeIgniter.php(825): App\Controllers\Product->product_detail('assets', 'imgs', 'shop', 'thumbnail-6.jpg')
#2 /home3/kronicke/public_html/veatfresh/system/CodeIgniter.php(412): CodeIgniter\CodeIgniter->runController(Object(App\Controllers\Product))
#3 /home3/kronicke/public_html/veatfresh/system/CodeIgniter.php(320): CodeIgniter\CodeIgniter->handleRequest(NULL, Object(Config\Cache), false)
#4 /home3/kronicke/public_html/veatfresh/index.php(37): CodeIgniter\CodeIgniter->run()
#5 {main}
CRITICAL - 2022-08-02 08:17:06 --> Undefined offset: 0
#0 /home3/kronicke/public_html/veatfresh/app/Controllers/Product.php(119): CodeIgniter\Debug\Exceptions->errorHandler(8, 'Undefined offse...', '/home3/kronicke...', 119, Array)
#1 /home3/kronicke/public_html/veatfresh/system/CodeIgniter.php(825): App\Controllers\Product->product_detail('assets', 'imgs', 'shop', 'thumbnail-8.jpg')
#2 /home3/kronicke/public_html/veatfresh/system/CodeIgniter.php(412): CodeIgniter\CodeIgniter->runController(Object(App\Controllers\Product))
#3 /home3/kronicke/public_html/veatfresh/system/CodeIgniter.php(320): CodeIgniter\CodeIgniter->handleRequest(NULL, Object(Config\Cache), false)
#4 /home3/kronicke/public_html/veatfresh/index.php(37): CodeIgniter\CodeIgniter->run()
#5 {main}
CRITICAL - 2022-08-02 08:17:06 --> Undefined offset: 0
#0 /home3/kronicke/public_html/veatfresh/app/Controllers/Product.php(119): CodeIgniter\Debug\Exceptions->errorHandler(8, 'Undefined offse...', '/home3/kronicke...', 119, Array)
#1 /home3/kronicke/public_html/veatfresh/system/CodeIgniter.php(825): App\Controllers\Product->product_detail('assets', 'imgs', 'shop', 'product-16-2.jp...')
#2 /home3/kronicke/public_html/veatfresh/system/CodeIgniter.php(412): CodeIgniter\CodeIgniter->runController(Object(App\Controllers\Product))
#3 /home3/kronicke/public_html/veatfresh/system/CodeIgniter.php(320): CodeIgniter\CodeIgniter->handleRequest(NULL, Object(Config\Cache), false)
#4 /home3/kronicke/public_html/veatfresh/index.php(37): CodeIgniter\CodeIgniter->run()
#5 {main}
CRITICAL - 2022-08-02 08:17:06 --> Undefined offset: 0
#0 /home3/kronicke/public_html/veatfresh/app/Controllers/Product.php(119): CodeIgniter\Debug\Exceptions->errorHandler(8, 'Undefined offse...', '/home3/kronicke...', 119, Array)
#1 /home3/kronicke/public_html/veatfresh/system/CodeIgniter.php(825): App\Controllers\Product->product_detail('assets', 'imgs', 'shop', 'product-16-7.jp...')
#2 /home3/kronicke/public_html/veatfresh/system/CodeIgniter.php(412): CodeIgniter\CodeIgniter->runController(Object(App\Controllers\Product))
#3 /home3/kronicke/public_html/veatfresh/system/CodeIgniter.php(320): CodeIgniter\CodeIgniter->handleRequest(NULL, Object(Config\Cache), false)
#4 /home3/kronicke/public_html/veatfresh/index.php(37): CodeIgniter\CodeIgniter->run()
#5 {main}
CRITICAL - 2022-08-02 08:17:06 --> Undefined offset: 0
#0 /home3/kronicke/public_html/veatfresh/app/Controllers/Product.php(119): CodeIgniter\Debug\Exceptions->errorHandler(8, 'Undefined offse...', '/home3/kronicke...', 119, Array)
#1 /home3/kronicke/public_html/veatfresh/system/CodeIgniter.php(825): App\Controllers\Product->product_detail('assets', 'imgs', 'shop', 'thumbnail-9.jpg')
#2 /home3/kronicke/public_html/veatfresh/system/CodeIgniter.php(412): CodeIgniter\CodeIgniter->runController(Object(App\Controllers\Product))
#3 /home3/kronicke/public_html/veatfresh/system/CodeIgniter.php(320): CodeIgniter\CodeIgniter->handleRequest(NULL, Object(Config\Cache), false)
#4 /home3/kronicke/public_html/veatfresh/index.php(37): CodeIgniter\CodeIgniter->run()
#5 {main}
CRITICAL - 2022-08-02 08:17:06 --> Undefined offset: 0
#0 /home3/kronicke/public_html/veatfresh/app/Controllers/Product.php(119): CodeIgniter\Debug\Exceptions->errorHandler(8, 'Undefined offse...', '/home3/kronicke...', 119, Array)
#1 /home3/kronicke/public_html/veatfresh/system/CodeIgniter.php(825): App\Controllers\Product->product_detail('assets', 'imgs', 'shop', 'thumbnail-3.jpg')
#2 /home3/kronicke/public_html/veatfresh/system/CodeIgniter.php(412): CodeIgniter\CodeIgniter->runController(Object(App\Controllers\Product))
#3 /home3/kronicke/public_html/veatfresh/system/CodeIgniter.php(320): CodeIgniter\CodeIgniter->handleRequest(NULL, Object(Config\Cache), false)
#4 /home3/kronicke/public_html/veatfresh/index.php(37): CodeIgniter\CodeIgniter->run()
#5 {main}
CRITICAL - 2022-08-02 08:17:06 --> Undefined offset: 0
#0 /home3/kronicke/public_html/veatfresh/app/Controllers/Product.php(119): CodeIgniter\Debug\Exceptions->errorHandler(8, 'Undefined offse...', '/home3/kronicke...', 119, Array)
#1 /home3/kronicke/public_html/veatfresh/system/CodeIgniter.php(825): App\Controllers\Product->product_detail('assets', 'imgs', 'shop', 'thumbnail-4.jpg')
#2 /home3/kronicke/public_html/veatfresh/system/CodeIgniter.php(412): CodeIgniter\CodeIgniter->runController(Object(App\Controllers\Product))
#3 /home3/kronicke/public_html/veatfresh/system/CodeIgniter.php(320): CodeIgniter\CodeIgniter->handleRequest(NULL, Object(Config\Cache), false)
#4 /home3/kronicke/public_html/veatfresh/index.php(37): CodeIgniter\CodeIgniter->run()
#5 {main}
CRITICAL - 2022-08-02 08:17:06 --> Undefined offset: 0
#0 /home3/kronicke/public_html/veatfresh/app/Controllers/Product.php(119): CodeIgniter\Debug\Exceptions->errorHandler(8, 'Undefined offse...', '/home3/kronicke...', 119, Array)
#1 /home3/kronicke/public_html/veatfresh/system/CodeIgniter.php(825): App\Controllers\Product->product_detail('assets', 'imgs', 'shop', 'product-16-1.jp...')
#2 /home3/kronicke/public_html/veatfresh/system/CodeIgniter.php(412): CodeIgniter\CodeIgniter->runController(Object(App\Controllers\Product))
#3 /home3/kronicke/public_html/veatfresh/system/CodeIgniter.php(320): CodeIgniter\CodeIgniter->handleRequest(NULL, Object(Config\Cache), false)
#4 /home3/kronicke/public_html/veatfresh/index.php(37): CodeIgniter\CodeIgniter->run()
#5 {main}
CRITICAL - 2022-08-02 08:17:06 --> Undefined offset: 0
#0 /home3/kronicke/public_html/veatfresh/app/Controllers/Product.php(119): CodeIgniter\Debug\Exceptions->errorHandler(8, 'Undefined offse...', '/home3/kronicke...', 119, Array)
#1 /home3/kronicke/public_html/veatfresh/system/CodeIgniter.php(825): App\Controllers\Product->product_detail('assets', 'imgs', 'shop', 'product-16-3.jp...')
#2 /home3/kronicke/public_html/veatfresh/system/CodeIgniter.php(412): CodeIgniter\CodeIgniter->runController(Object(App\Controllers\Product))
#3 /home3/kronicke/public_html/veatfresh/system/CodeIgniter.php(320): CodeIgniter\CodeIgniter->handleRequest(NULL, Object(Config\Cache), false)
#4 /home3/kronicke/public_html/veatfresh/index.php(37): CodeIgniter\CodeIgniter->run()
#5 {main}
CRITICAL - 2022-08-02 08:17:06 --> Undefined offset: 0
#0 /home3/kronicke/public_html/veatfresh/app/Controllers/Product.php(119): CodeIgniter\Debug\Exceptions->errorHandler(8, 'Undefined offse...', '/home3/kronicke...', 119, Array)
#1 /home3/kronicke/public_html/veatfresh/system/CodeIgniter.php(825): App\Controllers\Product->product_detail('assets', 'imgs', 'shop', 'thumbnail-5.jpg')
#2 /home3/kronicke/public_html/veatfresh/system/CodeIgniter.php(412): CodeIgniter\CodeIgniter->runController(Object(App\Controllers\Product))
#3 /home3/kronicke/public_html/veatfresh/system/CodeIgniter.php(320): CodeIgniter\CodeIgniter->handleRequest(NULL, Object(Config\Cache), false)
#4 /home3/kronicke/public_html/veatfresh/index.php(37): CodeIgniter\CodeIgniter->run()
#5 {main}
CRITICAL - 2022-08-02 08:17:06 --> Undefined offset: 0
#0 /home3/kronicke/public_html/veatfresh/app/Controllers/Product.php(119): CodeIgniter\Debug\Exceptions->errorHandler(8, 'Undefined offse...', '/home3/kronicke...', 119, Array)
#1 /home3/kronicke/public_html/veatfresh/system/CodeIgniter.php(825): App\Controllers\Product->product_detail('assets', 'imgs', 'shop', 'product-16-4.jp...')
#2 /home3/kronicke/public_html/veatfresh/system/CodeIgniter.php(412): CodeIgniter\CodeIgniter->runController(Object(App\Controllers\Product))
#3 /home3/kronicke/public_html/veatfresh/system/CodeIgniter.php(320): CodeIgniter\CodeIgniter->handleRequest(NULL, Object(Config\Cache), false)
#4 /home3/kronicke/public_html/veatfresh/index.php(37): CodeIgniter\CodeIgniter->run()
#5 {main}
CRITICAL - 2022-08-02 08:46:36 --> syntax error, unexpected '$where' (T_VARIABLE)
#0 /home3/kronicke/public_html/veatfresh/system/Autoloader/Autoloader.php(241): CodeIgniter\Autoloader\Autoloader->includeFile('/home3/kronicke...')
#1 /home3/kronicke/public_html/veatfresh/system/Autoloader/Autoloader.php(219): CodeIgniter\Autoloader\Autoloader->loadInNamespace('App\\Controllers...')
#2 [internal function]: CodeIgniter\Autoloader\Autoloader->loadClass('App\\Controllers...')
#3 [internal function]: spl_autoload_call('App\\Controllers...')
#4 /home3/kronicke/public_html/veatfresh/system/CodeIgniter.php(790): class_exists('\\App\\Controller...', true)
#5 /home3/kronicke/public_html/veatfresh/system/CodeIgniter.php(399): CodeIgniter\CodeIgniter->startController()
#6 /home3/kronicke/public_html/veatfresh/system/CodeIgniter.php(320): CodeIgniter\CodeIgniter->handleRequest(NULL, Object(Config\Cache), false)
#7 /home3/kronicke/public_html/veatfresh/index.php(37): CodeIgniter\CodeIgniter->run()
#8 {main}
CRITICAL - 2022-08-02 08:47:20 --> Undefined index: order_id
#0 /home3/kronicke/public_html/veatfresh/app/Views/order-details.php(35): CodeIgniter\Debug\Exceptions->errorHandler(8, 'Undefined index...', '/home3/kronicke...', 35, Array)
#1 /home3/kronicke/public_html/veatfresh/system/View/View.php(210): include('/home3/kronicke...')
#2 /home3/kronicke/public_html/veatfresh/system/View/View.php(213): CodeIgniter\View\View->CodeIgniter\View\{closure}()
#3 /home3/kronicke/public_html/veatfresh/system/Common.php(1089): CodeIgniter\View\View->render('order-details', Array, true)
#4 /home3/kronicke/public_html/veatfresh/app/Controllers/Home.php(611): view('order-details', Array)
#5 /home3/kronicke/public_html/veatfresh/system/CodeIgniter.php(825): App\Controllers\Home->order_detail('4892')
#6 /home3/kronicke/public_html/veatfresh/system/CodeIgniter.php(412): CodeIgniter\CodeIgniter->runController(Object(App\Controllers\Home))
#7 /home3/kronicke/public_html/veatfresh/system/CodeIgniter.php(320): CodeIgniter\CodeIgniter->handleRequest(NULL, Object(Config\Cache), false)
#8 /home3/kronicke/public_html/veatfresh/index.php(37): CodeIgniter\CodeIgniter->run()
#9 {main}
CRITICAL - 2022-08-02 08:48:22 --> Undefined index: order_id
#0 /home3/kronicke/public_html/veatfresh/app/Views/order-details.php(36): CodeIgniter\Debug\Exceptions->errorHandler(8, 'Undefined index...', '/home3/kronicke...', 36, Array)
#1 /home3/kronicke/public_html/veatfresh/system/View/View.php(210): include('/home3/kronicke...')
#2 /home3/kronicke/public_html/veatfresh/system/View/View.php(213): CodeIgniter\View\View->CodeIgniter\View\{closure}()
#3 /home3/kronicke/public_html/veatfresh/system/Common.php(1089): CodeIgniter\View\View->render('order-details', Array, true)
#4 /home3/kronicke/public_html/veatfresh/app/Controllers/Home.php(611): view('order-details', Array)
#5 /home3/kronicke/public_html/veatfresh/system/CodeIgniter.php(825): App\Controllers\Home->order_detail('4892')
#6 /home3/kronicke/public_html/veatfresh/system/CodeIgniter.php(412): CodeIgniter\CodeIgniter->runController(Object(App\Controllers\Home))
#7 /home3/kronicke/public_html/veatfresh/system/CodeIgniter.php(320): CodeIgniter\CodeIgniter->handleRequest(NULL, Object(Config\Cache), false)
#8 /home3/kronicke/public_html/veatfresh/index.php(37): CodeIgniter\CodeIgniter->run()
#9 {main}
CRITICAL - 2022-08-02 08:50:20 --> Cannot use object of type stdClass as array
#0 /home3/kronicke/public_html/veatfresh/system/CodeIgniter.php(825): App\Controllers\Home->order_detail('4892')
#1 /home3/kronicke/public_html/veatfresh/system/CodeIgniter.php(412): CodeIgniter\CodeIgniter->runController(Object(App\Controllers\Home))
#2 /home3/kronicke/public_html/veatfresh/system/CodeIgniter.php(320): CodeIgniter\CodeIgniter->handleRequest(NULL, Object(Config\Cache), false)
#3 /home3/kronicke/public_html/veatfresh/index.php(37): CodeIgniter\CodeIgniter->run()
#4 {main}
CRITICAL - 2022-08-02 08:53:12 --> Undefined property: stdClass::$payment_option
#0 /home3/kronicke/public_html/veatfresh/app/Views/order-details.php(55): CodeIgniter\Debug\Exceptions->errorHandler(8, 'Undefined prope...', '/home3/kronicke...', 55, Array)
#1 /home3/kronicke/public_html/veatfresh/system/View/View.php(210): include('/home3/kronicke...')
#2 /home3/kronicke/public_html/veatfresh/system/View/View.php(213): CodeIgniter\View\View->CodeIgniter\View\{closure}()
#3 /home3/kronicke/public_html/veatfresh/system/Common.php(1089): CodeIgniter\View\View->render('order-details', Array, true)
#4 /home3/kronicke/public_html/veatfresh/app/Controllers/Home.php(611): view('order-details', Array)
#5 /home3/kronicke/public_html/veatfresh/system/CodeIgniter.php(825): App\Controllers\Home->order_detail('4892')
#6 /home3/kronicke/public_html/veatfresh/system/CodeIgniter.php(412): CodeIgniter\CodeIgniter->runController(Object(App\Controllers\Home))
#7 /home3/kronicke/public_html/veatfresh/system/CodeIgniter.php(320): CodeIgniter\CodeIgniter->handleRequest(NULL, Object(Config\Cache), false)
#8 /home3/kronicke/public_html/veatfresh/index.php(37): CodeIgniter\CodeIgniter->run()
#9 {main}
CRITICAL - 2022-08-02 09:01:36 --> syntax error, unexpected ')', expecting ';' or ','
#0 /home3/kronicke/public_html/veatfresh/system/View/View.php(213): CodeIgniter\View\View->CodeIgniter\View\{closure}()
#1 /home3/kronicke/public_html/veatfresh/system/Common.php(1089): CodeIgniter\View\View->render('order-details', Array, true)
#2 /home3/kronicke/public_html/veatfresh/app/Controllers/Home.php(611): view('order-details', Array)
#3 /home3/kronicke/public_html/veatfresh/system/CodeIgniter.php(825): App\Controllers\Home->order_detail('4892')
#4 /home3/kronicke/public_html/veatfresh/system/CodeIgniter.php(412): CodeIgniter\CodeIgniter->runController(Object(App\Controllers\Home))
#5 /home3/kronicke/public_html/veatfresh/system/CodeIgniter.php(320): CodeIgniter\CodeIgniter->handleRequest(NULL, Object(Config\Cache), false)
#6 /home3/kronicke/public_html/veatfresh/index.php(37): CodeIgniter\CodeIgniter->run()
#7 {main}
CRITICAL - 2022-08-02 11:05:32 --> Use of undefined constant php - assumed 'php' (this will throw an Error in a future version of PHP)
#0 /home3/kronicke/public_html/veatfresh/app/Views/includes/navbar.php(35): CodeIgniter\Debug\Exceptions->errorHandler(2, 'Use of undefine...', '/home3/kronicke...', 35, Array)
#1 /home3/kronicke/public_html/veatfresh/system/View/View.php(210): include('/home3/kronicke...')
#2 /home3/kronicke/public_html/veatfresh/system/View/View.php(213): CodeIgniter\View\View->CodeIgniter\View\{closure}()
#3 /home3/kronicke/public_html/veatfresh/system/Common.php(1089): CodeIgniter\View\View->render('includes/navbar', Array, true)
#4 /home3/kronicke/public_html/veatfresh/app/Views/includes/layout.php(12): view('includes/navbar')
#5 /home3/kronicke/public_html/veatfresh/system/View/View.php(210): include('/home3/kronicke...')
#6 /home3/kronicke/public_html/veatfresh/system/View/View.php(213): CodeIgniter\View\View->CodeIgniter\View\{closure}()
#7 /home3/kronicke/public_html/veatfresh/system/Common.php(1089): CodeIgniter\View\View->render('includes/layout', Array, true)
#8 /home3/kronicke/public_html/veatfresh/app/Helpers/render_helper.php(8): view('includes/layout', Array, Array)
#9 /home3/kronicke/public_html/veatfresh/app/Controllers/Product.php(233): render_frontend('category', Array)
#10 /home3/kronicke/public_html/veatfresh/system/CodeIgniter.php(825): App\Controllers\Product->products_by_category('NHZwYjd1akswNUV...')
#11 /home3/kronicke/public_html/veatfresh/system/CodeIgniter.php(412): CodeIgniter\CodeIgniter->runController(Object(App\Controllers\Product))
#12 /home3/kronicke/public_html/veatfresh/system/CodeIgniter.php(320): CodeIgniter\CodeIgniter->handleRequest(NULL, Object(Config\Cache), false)
#13 /home3/kronicke/public_html/veatfresh/index.php(37): CodeIgniter\CodeIgniter->run()
#14 {main}
CRITICAL - 2022-08-02 11:05:33 --> Use of undefined constant php - assumed 'php' (this will throw an Error in a future version of PHP)
#0 /home3/kronicke/public_html/veatfresh/app/Views/includes/navbar.php(35): CodeIgniter\Debug\Exceptions->errorHandler(2, 'Use of undefine...', '/home3/kronicke...', 35, Array)
#1 /home3/kronicke/public_html/veatfresh/system/View/View.php(210): include('/home3/kronicke...')
#2 /home3/kronicke/public_html/veatfresh/system/View/View.php(213): CodeIgniter\View\View->CodeIgniter\View\{closure}()
#3 /home3/kronicke/public_html/veatfresh/system/Common.php(1089): CodeIgniter\View\View->render('includes/navbar', Array, true)
#4 /home3/kronicke/public_html/veatfresh/app/Views/includes/layout.php(12): view('includes/navbar')
#5 /home3/kronicke/public_html/veatfresh/system/View/View.php(210): include('/home3/kronicke...')
#6 /home3/kronicke/public_html/veatfresh/system/View/View.php(213): CodeIgniter\View\View->CodeIgniter\View\{closure}()
#7 /home3/kronicke/public_html/veatfresh/system/Common.php(1089): CodeIgniter\View\View->render('includes/layout', Array, true)
#8 /home3/kronicke/public_html/veatfresh/app/Helpers/render_helper.php(8): view('includes/layout', Array, Array)
#9 /home3/kronicke/public_html/veatfresh/app/Controllers/Product.php(233): render_frontend('category', Array)
#10 /home3/kronicke/public_html/veatfresh/system/CodeIgniter.php(825): App\Controllers\Product->products_by_category('assets', 'imgs', 'shop', 'thumbnail-4.jpg')
#11 /home3/kronicke/public_html/veatfresh/system/CodeIgniter.php(412): CodeIgniter\CodeIgniter->runController(Object(App\Controllers\Product))
#12 /home3/kronicke/public_html/veatfresh/system/CodeIgniter.php(320): CodeIgniter\CodeIgniter->handleRequest(NULL, Object(Config\Cache), false)
#13 /home3/kronicke/public_html/veatfresh/index.php(37): CodeIgniter\CodeIgniter->run()
#14 {main}
CRITICAL - 2022-08-02 11:05:33 --> Use of undefined constant php - assumed 'php' (this will throw an Error in a future version of PHP)
#0 /home3/kronicke/public_html/veatfresh/app/Views/includes/navbar.php(35): CodeIgniter\Debug\Exceptions->errorHandler(2, 'Use of undefine...', '/home3/kronicke...', 35, Array)
#1 /home3/kronicke/public_html/veatfresh/system/View/View.php(210): include('/home3/kronicke...')
#2 /home3/kronicke/public_html/veatfresh/system/View/View.php(213): CodeIgniter\View\View->CodeIgniter\View\{closure}()
#3 /home3/kronicke/public_html/veatfresh/system/Common.php(1089): CodeIgniter\View\View->render('includes/navbar', Array, true)
#4 /home3/kronicke/public_html/veatfresh/app/Views/includes/layout.php(12): view('includes/navbar')
#5 /home3/kronicke/public_html/veatfresh/system/View/View.php(210): include('/home3/kronicke...')
#6 /home3/kronicke/public_html/veatfresh/system/View/View.php(213): CodeIgniter\View\View->CodeIgniter\View\{closure}()
#7 /home3/kronicke/public_html/veatfresh/system/Common.php(1089): CodeIgniter\View\View->render('includes/layout', Array, true)
#8 /home3/kronicke/public_html/veatfresh/app/Helpers/render_helper.php(8): view('includes/layout', Array, Array)
#9 /home3/kronicke/public_html/veatfresh/app/Controllers/Product.php(233): render_frontend('category', Array)
#10 /home3/kronicke/public_html/veatfresh/system/CodeIgniter.php(825): App\Controllers\Product->products_by_category('assets', 'imgs', 'shop', 'product-16-3.jp...')
#11 /home3/kronicke/public_html/veatfresh/system/CodeIgniter.php(412): CodeIgniter\CodeIgniter->runController(Object(App\Controllers\Product))
#12 /home3/kronicke/public_html/veatfresh/system/CodeIgniter.php(320): CodeIgniter\CodeIgniter->handleRequest(NULL, Object(Config\Cache), false)
#13 /home3/kronicke/public_html/veatfresh/index.php(37): CodeIgniter\CodeIgniter->run()
#14 {main}
CRITICAL - 2022-08-02 11:05:33 --> Use of undefined constant php - assumed 'php' (this will throw an Error in a future version of PHP)
#0 /home3/kronicke/public_html/veatfresh/app/Views/includes/navbar.php(35): CodeIgniter\Debug\Exceptions->errorHandler(2, 'Use of undefine...', '/home3/kronicke...', 35, Array)
#1 /home3/kronicke/public_html/veatfresh/system/View/View.php(210): include('/home3/kronicke...')
#2 /home3/kronicke/public_html/veatfresh/system/View/View.php(213): CodeIgniter\View\View->CodeIgniter\View\{closure}()
#3 /home3/kronicke/public_html/veatfresh/system/Common.php(1089): CodeIgniter\View\View->render('includes/navbar', Array, true)
#4 /home3/kronicke/public_html/veatfresh/app/Views/includes/layout.php(12): view('includes/navbar')
#5 /home3/kronicke/public_html/veatfresh/system/View/View.php(210): include('/home3/kronicke...')
#6 /home3/kronicke/public_html/veatfresh/system/View/View.php(213): CodeIgniter\View\View->CodeIgniter\View\{closure}()
#7 /home3/kronicke/public_html/veatfresh/system/Common.php(1089): CodeIgniter\View\View->render('includes/layout', Array, true)
#8 /home3/kronicke/public_html/veatfresh/app/Helpers/render_helper.php(8): view('includes/layout', Array, Array)
#9 /home3/kronicke/public_html/veatfresh/app/Controllers/Product.php(233): render_frontend('category', Array)
#10 /home3/kronicke/public_html/veatfresh/system/CodeIgniter.php(825): App\Controllers\Product->products_by_category('assets', 'imgs', 'shop', 'product-16-1.jp...')
#11 /home3/kronicke/public_html/veatfresh/system/CodeIgniter.php(412): CodeIgniter\CodeIgniter->runController(Object(App\Controllers\Product))
#12 /home3/kronicke/public_html/veatfresh/system/CodeIgniter.php(320): CodeIgniter\CodeIgniter->handleRequest(NULL, Object(Config\Cache), false)
#13 /home3/kronicke/public_html/veatfresh/index.php(37): CodeIgniter\CodeIgniter->run()
#14 {main}
CRITICAL - 2022-08-02 11:05:33 --> Use of undefined constant php - assumed 'php' (this will throw an Error in a future version of PHP)
#0 /home3/kronicke/public_html/veatfresh/app/Views/includes/navbar.php(35): CodeIgniter\Debug\Exceptions->errorHandler(2, 'Use of undefine...', '/home3/kronicke...', 35, Array)
#1 /home3/kronicke/public_html/veatfresh/system/View/View.php(210): include('/home3/kronicke...')
#2 /home3/kronicke/public_html/veatfresh/system/View/View.php(213): CodeIgniter\View\View->CodeIgniter\View\{closure}()
#3 /home3/kronicke/public_html/veatfresh/system/Common.php(1089): CodeIgniter\View\View->render('includes/navbar', Array, true)
#4 /home3/kronicke/public_html/veatfresh/app/Views/includes/layout.php(12): view('includes/navbar')
#5 /home3/kronicke/public_html/veatfresh/system/View/View.php(210): include('/home3/kronicke...')
#6 /home3/kronicke/public_html/veatfresh/system/View/View.php(213): CodeIgniter\View\View->CodeIgniter\View\{closure}()
#7 /home3/kronicke/public_html/veatfresh/system/Common.php(1089): CodeIgniter\View\View->render('includes/layout', Array, true)
#8 /home3/kronicke/public_html/veatfresh/app/Helpers/render_helper.php(8): view('includes/layout', Array, Array)
#9 /home3/kronicke/public_html/veatfresh/app/Controllers/Product.php(233): render_frontend('category', Array)
#10 /home3/kronicke/public_html/veatfresh/system/CodeIgniter.php(825): App\Controllers\Product->products_by_category('assets', 'imgs', 'shop', 'product-16-2.jp...')
#11 /home3/kronicke/public_html/veatfresh/system/CodeIgniter.php(412): CodeIgniter\CodeIgniter->runController(Object(App\Controllers\Product))
#12 /home3/kronicke/public_html/veatfresh/system/CodeIgniter.php(320): CodeIgniter\CodeIgniter->handleRequest(NULL, Object(Config\Cache), false)
#13 /home3/kronicke/public_html/veatfresh/index.php(37): CodeIgniter\CodeIgniter->run()
#14 {main}
CRITICAL - 2022-08-02 11:05:33 --> Use of undefined constant php - assumed 'php' (this will throw an Error in a future version of PHP)
#0 /home3/kronicke/public_html/veatfresh/app/Views/includes/navbar.php(35): CodeIgniter\Debug\Exceptions->errorHandler(2, 'Use of undefine...', '/home3/kronicke...', 35, Array)
#1 /home3/kronicke/public_html/veatfresh/system/View/View.php(210): include('/home3/kronicke...')
#2 /home3/kronicke/public_html/veatfresh/system/View/View.php(213): CodeIgniter\View\View->CodeIgniter\View\{closure}()
#3 /home3/kronicke/public_html/veatfresh/system/Common.php(1089): CodeIgniter\View\View->render('includes/navbar', Array, true)
#4 /home3/kronicke/public_html/veatfresh/app/Views/includes/layout.php(12): view('includes/navbar')
#5 /home3/kronicke/public_html/veatfresh/system/View/View.php(210): include('/home3/kronicke...')
#6 /home3/kronicke/public_html/veatfresh/system/View/View.php(213): CodeIgniter\View\View->CodeIgniter\View\{closure}()
#7 /home3/kronicke/public_html/veatfresh/system/Common.php(1089): CodeIgniter\View\View->render('includes/layout', Array, true)
#8 /home3/kronicke/public_html/veatfresh/app/Helpers/render_helper.php(8): view('includes/layout', Array, Array)
#9 /home3/kronicke/public_html/veatfresh/app/Controllers/Product.php(233): render_frontend('category', Array)
#10 /home3/kronicke/public_html/veatfresh/system/CodeIgniter.php(825): App\Controllers\Product->products_by_category('assets', 'imgs', 'shop', 'product-16-7.jp...')
#11 /home3/kronicke/public_html/veatfresh/system/CodeIgniter.php(412): CodeIgniter\CodeIgniter->runController(Object(App\Controllers\Product))
#12 /home3/kronicke/public_html/veatfresh/system/CodeIgniter.php(320): CodeIgniter\CodeIgniter->handleRequest(NULL, Object(Config\Cache), false)
#13 /home3/kronicke/public_html/veatfresh/index.php(37): CodeIgniter\CodeIgniter->run()
#14 {main}
CRITICAL - 2022-08-02 11:05:33 --> Use of undefined constant php - assumed 'php' (this will throw an Error in a future version of PHP)
#0 /home3/kronicke/public_html/veatfresh/app/Views/includes/navbar.php(35): CodeIgniter\Debug\Exceptions->errorHandler(2, 'Use of undefine...', '/home3/kronicke...', 35, Array)
#1 /home3/kronicke/public_html/veatfresh/system/View/View.php(210): include('/home3/kronicke...')
#2 /home3/kronicke/public_html/veatfresh/system/View/View.php(213): CodeIgniter\View\View->CodeIgniter\View\{closure}()
#3 /home3/kronicke/public_html/veatfresh/system/Common.php(1089): CodeIgniter\View\View->render('includes/navbar', Array, true)
#4 /home3/kronicke/public_html/veatfresh/app/Views/includes/layout.php(12): view('includes/navbar')
#5 /home3/kronicke/public_html/veatfresh/system/View/View.php(210): include('/home3/kronicke...')
#6 /home3/kronicke/public_html/veatfresh/system/View/View.php(213): CodeIgniter\View\View->CodeIgniter\View\{closure}()
#7 /home3/kronicke/public_html/veatfresh/system/Common.php(1089): CodeIgniter\View\View->render('includes/layout', Array, true)
#8 /home3/kronicke/public_html/veatfresh/app/Helpers/render_helper.php(8): view('includes/layout', Array, Array)
#9 /home3/kronicke/public_html/veatfresh/app/Controllers/Product.php(233): render_frontend('category', Array)
#10 /home3/kronicke/public_html/veatfresh/system/CodeIgniter.php(825): App\Controllers\Product->products_by_category('assets', 'imgs', 'shop', 'product-16-4.jp...')
#11 /home3/kronicke/public_html/veatfresh/system/CodeIgniter.php(412): CodeIgniter\CodeIgniter->runController(Object(App\Controllers\Product))
#12 /home3/kronicke/public_html/veatfresh/system/CodeIgniter.php(320): CodeIgniter\CodeIgniter->handleRequest(NULL, Object(Config\Cache), false)
#13 /home3/kronicke/public_html/veatfresh/index.php(37): CodeIgniter\CodeIgniter->run()
#14 {main}
CRITICAL - 2022-08-02 11:05:33 --> Use of undefined constant php - assumed 'php' (this will throw an Error in a future version of PHP)
#0 /home3/kronicke/public_html/veatfresh/app/Views/includes/navbar.php(35): CodeIgniter\Debug\Exceptions->errorHandler(2, 'Use of undefine...', '/home3/kronicke...', 35, Array)
#1 /home3/kronicke/public_html/veatfresh/system/View/View.php(210): include('/home3/kronicke...')
#2 /home3/kronicke/public_html/veatfresh/system/View/View.php(213): CodeIgniter\View\View->CodeIgniter\View\{closure}()
#3 /home3/kronicke/public_html/veatfresh/system/Common.php(1089): CodeIgniter\View\View->render('includes/navbar', Array, true)
#4 /home3/kronicke/public_html/veatfresh/app/Views/includes/layout.php(12): view('includes/navbar')
#5 /home3/kronicke/public_html/veatfresh/system/View/View.php(210): include('/home3/kronicke...')
#6 /home3/kronicke/public_html/veatfresh/system/View/View.php(213): CodeIgniter\View\View->CodeIgniter\View\{closure}()
#7 /home3/kronicke/public_html/veatfresh/system/Common.php(1089): CodeIgniter\View\View->render('includes/layout', Array, true)
#8 /home3/kronicke/public_html/veatfresh/app/Helpers/render_helper.php(8): view('includes/layout', Array, Array)
#9 /home3/kronicke/public_html/veatfresh/app/Controllers/Product.php(233): render_frontend('category', Array)
#10 /home3/kronicke/public_html/veatfresh/system/CodeIgniter.php(825): App\Controllers\Product->products_by_category('assets', 'imgs', 'shop', 'product-16-5.jp...')
#11 /home3/kronicke/public_html/veatfresh/system/CodeIgniter.php(412): CodeIgniter\CodeIgniter->runController(Object(App\Controllers\Product))
#12 /home3/kronicke/public_html/veatfresh/system/CodeIgniter.php(320): CodeIgniter\CodeIgniter->handleRequest(NULL, Object(Config\Cache), false)
#13 /home3/kronicke/public_html/veatfresh/index.php(37): CodeIgniter\CodeIgniter->run()
#14 {main}
CRITICAL - 2022-08-02 11:05:33 --> Use of undefined constant php - assumed 'php' (this will throw an Error in a future version of PHP)
#0 /home3/kronicke/public_html/veatfresh/app/Views/includes/navbar.php(35): CodeIgniter\Debug\Exceptions->errorHandler(2, 'Use of undefine...', '/home3/kronicke...', 35, Array)
#1 /home3/kronicke/public_html/veatfresh/system/View/View.php(210): include('/home3/kronicke...')
#2 /home3/kronicke/public_html/veatfresh/system/View/View.php(213): CodeIgniter\View\View->CodeIgniter\View\{closure}()
#3 /home3/kronicke/public_html/veatfresh/system/Common.php(1089): CodeIgniter\View\View->render('includes/navbar', Array, true)
#4 /home3/kronicke/public_html/veatfresh/app/Views/includes/layout.php(12): view('includes/navbar')
#5 /home3/kronicke/public_html/veatfresh/system/View/View.php(210): include('/home3/kronicke...')
#6 /home3/kronicke/public_html/veatfresh/system/View/View.php(213): CodeIgniter\View\View->CodeIgniter\View\{closure}()
#7 /home3/kronicke/public_html/veatfresh/system/Common.php(1089): CodeIgniter\View\View->render('includes/layout', Array, true)
#8 /home3/kronicke/public_html/veatfresh/app/Helpers/render_helper.php(8): view('includes/layout', Array, Array)
#9 /home3/kronicke/public_html/veatfresh/app/Controllers/Product.php(233): render_frontend('category', Array)
#10 /home3/kronicke/public_html/veatfresh/system/CodeIgniter.php(825): App\Controllers\Product->products_by_category('assets', 'imgs', 'shop', 'thumbnail-5.jpg')
#11 /home3/kronicke/public_html/veatfresh/system/CodeIgniter.php(412): CodeIgniter\CodeIgniter->runController(Object(App\Controllers\Product))
#12 /home3/kronicke/public_html/veatfresh/system/CodeIgniter.php(320): CodeIgniter\CodeIgniter->handleRequest(NULL, Object(Config\Cache), false)
#13 /home3/kronicke/public_html/veatfresh/index.php(37): CodeIgniter\CodeIgniter->run()
#14 {main}
CRITICAL - 2022-08-02 11:05:33 --> Use of undefined constant php - assumed 'php' (this will throw an Error in a future version of PHP)
#0 /home3/kronicke/public_html/veatfresh/app/Views/includes/navbar.php(35): CodeIgniter\Debug\Exceptions->errorHandler(2, 'Use of undefine...', '/home3/kronicke...', 35, Array)
#1 /home3/kronicke/public_html/veatfresh/system/View/View.php(210): include('/home3/kronicke...')
#2 /home3/kronicke/public_html/veatfresh/system/View/View.php(213): CodeIgniter\View\View->CodeIgniter\View\{closure}()
#3 /home3/kronicke/public_html/veatfresh/system/Common.php(1089): CodeIgniter\View\View->render('includes/navbar', Array, true)
#4 /home3/kronicke/public_html/veatfresh/app/Views/includes/layout.php(12): view('includes/navbar')
#5 /home3/kronicke/public_html/veatfresh/system/View/View.php(210): include('/home3/kronicke...')
#6 /home3/kronicke/public_html/veatfresh/system/View/View.php(213): CodeIgniter\View\View->CodeIgniter\View\{closure}()
#7 /home3/kronicke/public_html/veatfresh/system/Common.php(1089): CodeIgniter\View\View->render('includes/layout', Array, true)
#8 /home3/kronicke/public_html/veatfresh/app/Helpers/render_helper.php(8): view('includes/layout', Array, Array)
#9 /home3/kronicke/public_html/veatfresh/app/Controllers/Product.php(233): render_frontend('category', Array)
#10 /home3/kronicke/public_html/veatfresh/system/CodeIgniter.php(825): App\Controllers\Product->products_by_category('assets', 'imgs', 'shop', 'product-16-6.jp...')
#11 /home3/kronicke/public_html/veatfresh/system/CodeIgniter.php(412): CodeIgniter\CodeIgniter->runController(Object(App\Controllers\Product))
#12 /home3/kronicke/public_html/veatfresh/system/CodeIgniter.php(320): CodeIgniter\CodeIgniter->handleRequest(NULL, Object(Config\Cache), false)
#13 /home3/kronicke/public_html/veatfresh/index.php(37): CodeIgniter\CodeIgniter->run()
#14 {main}
CRITICAL - 2022-08-02 11:05:33 --> Use of undefined constant php - assumed 'php' (this will throw an Error in a future version of PHP)
#0 /home3/kronicke/public_html/veatfresh/app/Views/includes/navbar.php(35): CodeIgniter\Debug\Exceptions->errorHandler(2, 'Use of undefine...', '/home3/kronicke...', 35, Array)
#1 /home3/kronicke/public_html/veatfresh/system/View/View.php(210): include('/home3/kronicke...')
#2 /home3/kronicke/public_html/veatfresh/system/View/View.php(213): CodeIgniter\View\View->CodeIgniter\View\{closure}()
#3 /home3/kronicke/public_html/veatfresh/system/Common.php(1089): CodeIgniter\View\View->render('includes/navbar', Array, true)
#4 /home3/kronicke/public_html/veatfresh/app/Views/includes/layout.php(12): view('includes/navbar')
#5 /home3/kronicke/public_html/veatfresh/system/View/View.php(210): include('/home3/kronicke...')
#6 /home3/kronicke/public_html/veatfresh/system/View/View.php(213): CodeIgniter\View\View->CodeIgniter\View\{closure}()
#7 /home3/kronicke/public_html/veatfresh/system/Common.php(1089): CodeIgniter\View\View->render('includes/layout', Array, true)
#8 /home3/kronicke/public_html/veatfresh/app/Helpers/render_helper.php(8): view('includes/layout', Array, Array)
#9 /home3/kronicke/public_html/veatfresh/app/Controllers/Product.php(233): render_frontend('category', Array)
#10 /home3/kronicke/public_html/veatfresh/system/CodeIgniter.php(825): App\Controllers\Product->products_by_category('assets', 'imgs', 'shop', 'thumbnail-7.jpg')
#11 /home3/kronicke/public_html/veatfresh/system/CodeIgniter.php(412): CodeIgniter\CodeIgniter->runController(Object(App\Controllers\Product))
#12 /home3/kronicke/public_html/veatfresh/system/CodeIgniter.php(320): CodeIgniter\CodeIgniter->handleRequest(NULL, Object(Config\Cache), false)
#13 /home3/kronicke/public_html/veatfresh/index.php(37): CodeIgniter\CodeIgniter->run()
#14 {main}
CRITICAL - 2022-08-02 11:05:33 --> Use of undefined constant php - assumed 'php' (this will throw an Error in a future version of PHP)
#0 /home3/kronicke/public_html/veatfresh/app/Views/includes/navbar.php(35): CodeIgniter\Debug\Exceptions->errorHandler(2, 'Use of undefine...', '/home3/kronicke...', 35, Array)
#1 /home3/kronicke/public_html/veatfresh/system/View/View.php(210): include('/home3/kronicke...')
#2 /home3/kronicke/public_html/veatfresh/system/View/View.php(213): CodeIgniter\View\View->CodeIgniter\View\{closure}()
#3 /home3/kronicke/public_html/veatfresh/system/Common.php(1089): CodeIgniter\View\View->render('includes/navbar', Array, true)
#4 /home3/kronicke/public_html/veatfresh/app/Views/includes/layout.php(12): view('includes/navbar')
#5 /home3/kronicke/public_html/veatfresh/system/View/View.php(210): include('/home3/kronicke...')
#6 /home3/kronicke/public_html/veatfresh/system/View/View.php(213): CodeIgniter\View\View->CodeIgniter\View\{closure}()
#7 /home3/kronicke/public_html/veatfresh/system/Common.php(1089): CodeIgniter\View\View->render('includes/layout', Array, true)
#8 /home3/kronicke/public_html/veatfresh/app/Helpers/render_helper.php(8): view('includes/layout', Array, Array)
#9 /home3/kronicke/public_html/veatfresh/app/Controllers/Product.php(233): render_frontend('category', Array)
#10 /home3/kronicke/public_html/veatfresh/system/CodeIgniter.php(825): App\Controllers\Product->products_by_category('assets', 'imgs', 'shop', 'thumbnail-8.jpg')
#11 /home3/kronicke/public_html/veatfresh/system/CodeIgniter.php(412): CodeIgniter\CodeIgniter->runController(Object(App\Controllers\Product))
#12 /home3/kronicke/public_html/veatfresh/system/CodeIgniter.php(320): CodeIgniter\CodeIgniter->handleRequest(NULL, Object(Config\Cache), false)
#13 /home3/kronicke/public_html/veatfresh/index.php(37): CodeIgniter\CodeIgniter->run()
#14 {main}
CRITICAL - 2022-08-02 11:05:33 --> Use of undefined constant php - assumed 'php' (this will throw an Error in a future version of PHP)
#0 /home3/kronicke/public_html/veatfresh/app/Views/includes/navbar.php(35): CodeIgniter\Debug\Exceptions->errorHandler(2, 'Use of undefine...', '/home3/kronicke...', 35, Array)
#1 /home3/kronicke/public_html/veatfresh/system/View/View.php(210): include('/home3/kronicke...')
#2 /home3/kronicke/public_html/veatfresh/system/View/View.php(213): CodeIgniter\View\View->CodeIgniter\View\{closure}()
#3 /home3/kronicke/public_html/veatfresh/system/Common.php(1089): CodeIgniter\View\View->render('includes/navbar', Array, true)
#4 /home3/kronicke/public_html/veatfresh/app/Views/includes/layout.php(12): view('includes/navbar')
#5 /home3/kronicke/public_html/veatfresh/system/View/View.php(210): include('/home3/kronicke...')
#6 /home3/kronicke/public_html/veatfresh/system/View/View.php(213): CodeIgniter\View\View->CodeIgniter\View\{closure}()
#7 /home3/kronicke/public_html/veatfresh/system/Common.php(1089): CodeIgniter\View\View->render('includes/layout', Array, true)
#8 /home3/kronicke/public_html/veatfresh/app/Helpers/render_helper.php(8): view('includes/layout', Array, Array)
#9 /home3/kronicke/public_html/veatfresh/app/Controllers/Product.php(233): render_frontend('category', Array)
#10 /home3/kronicke/public_html/veatfresh/system/CodeIgniter.php(825): App\Controllers\Product->products_by_category('assets', 'imgs', 'shop', 'thumbnail-3.jpg')
#11 /home3/kronicke/public_html/veatfresh/system/CodeIgniter.php(412): CodeIgniter\CodeIgniter->runController(Object(App\Controllers\Product))
#12 /home3/kronicke/public_html/veatfresh/system/CodeIgniter.php(320): CodeIgniter\CodeIgniter->handleRequest(NULL, Object(Config\Cache), false)
#13 /home3/kronicke/public_html/veatfresh/index.php(37): CodeIgniter\CodeIgniter->run()
#14 {main}
CRITICAL - 2022-08-02 11:05:33 --> Use of undefined constant php - assumed 'php' (this will throw an Error in a future version of PHP)
#0 /home3/kronicke/public_html/veatfresh/app/Views/includes/navbar.php(35): CodeIgniter\Debug\Exceptions->errorHandler(2, 'Use of undefine...', '/home3/kronicke...', 35, Array)
#1 /home3/kronicke/public_html/veatfresh/system/View/View.php(210): include('/home3/kronicke...')
#2 /home3/kronicke/public_html/veatfresh/system/View/View.php(213): CodeIgniter\View\View->CodeIgniter\View\{closure}()
#3 /home3/kronicke/public_html/veatfresh/system/Common.php(1089): CodeIgniter\View\View->render('includes/navbar', Array, true)
#4 /home3/kronicke/public_html/veatfresh/app/Views/includes/layout.php(12): view('includes/navbar')
#5 /home3/kronicke/public_html/veatfresh/system/View/View.php(210): include('/home3/kronicke...')
#6 /home3/kronicke/public_html/veatfresh/system/View/View.php(213): CodeIgniter\View\View->CodeIgniter\View\{closure}()
#7 /home3/kronicke/public_html/veatfresh/system/Common.php(1089): CodeIgniter\View\View->render('includes/layout', Array, true)
#8 /home3/kronicke/public_html/veatfresh/app/Helpers/render_helper.php(8): view('includes/layout', Array, Array)
#9 /home3/kronicke/public_html/veatfresh/app/Controllers/Product.php(233): render_frontend('category', Array)
#10 /home3/kronicke/public_html/veatfresh/system/CodeIgniter.php(825): App\Controllers\Product->products_by_category('assets', 'imgs', 'shop', 'thumbnail-6.jpg')
#11 /home3/kronicke/public_html/veatfresh/system/CodeIgniter.php(412): CodeIgniter\CodeIgniter->runController(Object(App\Controllers\Product))
#12 /home3/kronicke/public_html/veatfresh/system/CodeIgniter.php(320): CodeIgniter\CodeIgniter->handleRequest(NULL, Object(Config\Cache), false)
#13 /home3/kronicke/public_html/veatfresh/index.php(37): CodeIgniter\CodeIgniter->run()
#14 {main}
CRITICAL - 2022-08-02 11:05:33 --> Use of undefined constant php - assumed 'php' (this will throw an Error in a future version of PHP)
#0 /home3/kronicke/public_html/veatfresh/app/Views/includes/navbar.php(35): CodeIgniter\Debug\Exceptions->errorHandler(2, 'Use of undefine...', '/home3/kronicke...', 35, Array)
#1 /home3/kronicke/public_html/veatfresh/system/View/View.php(210): include('/home3/kronicke...')
#2 /home3/kronicke/public_html/veatfresh/system/View/View.php(213): CodeIgniter\View\View->CodeIgniter\View\{closure}()
#3 /home3/kronicke/public_html/veatfresh/system/Common.php(1089): CodeIgniter\View\View->render('includes/navbar', Array, true)
#4 /home3/kronicke/public_html/veatfresh/app/Views/includes/layout.php(12): view('includes/navbar')
#5 /home3/kronicke/public_html/veatfresh/system/View/View.php(210): include('/home3/kronicke...')
#6 /home3/kronicke/public_html/veatfresh/system/View/View.php(213): CodeIgniter\View\View->CodeIgniter\View\{closure}()
#7 /home3/kronicke/public_html/veatfresh/system/Common.php(1089): CodeIgniter\View\View->render('includes/layout', Array, true)
#8 /home3/kronicke/public_html/veatfresh/app/Helpers/render_helper.php(8): view('includes/layout', Array, Array)
#9 /home3/kronicke/public_html/veatfresh/app/Controllers/Product.php(233): render_frontend('category', Array)
#10 /home3/kronicke/public_html/veatfresh/system/CodeIgniter.php(825): App\Controllers\Product->products_by_category('assets', 'imgs', 'shop', 'thumbnail-9.jpg')
#11 /home3/kronicke/public_html/veatfresh/system/CodeIgniter.php(412): CodeIgniter\CodeIgniter->runController(Object(App\Controllers\Product))
#12 /home3/kronicke/public_html/veatfresh/system/CodeIgniter.php(320): CodeIgniter\CodeIgniter->handleRequest(NULL, Object(Config\Cache), false)
#13 /home3/kronicke/public_html/veatfresh/index.php(37): CodeIgniter\CodeIgniter->run()
#14 {main}
ERROR - 2022-08-02 11:56:08 --> You have an error in your SQL syntax; check the manual that corresponds to your MySQL server version for the right syntax to use near ':1:
GROUP BY `p`.`id`
ORDER BY `p`.`id` DESC' at line 4
CRITICAL - 2022-08-02 11:56:08 --> You have an error in your SQL syntax; check the manual that corresponds to your MySQL server version for the right syntax to use near ':1:
GROUP BY `p`.`id`
ORDER BY `p`.`id` DESC' at line 4
#0 /home3/kronicke/public_html/veatfresh/system/Database/MySQLi/Connection.php(292): mysqli->query('SELECT *\nFROM `...', 0)
#1 /home3/kronicke/public_html/veatfresh/system/Database/BaseConnection.php(670): CodeIgniter\Database\MySQLi\Connection->execute('SELECT *\nFROM `...')
#2 /home3/kronicke/public_html/veatfresh/system/Database/BaseConnection.php(598): CodeIgniter\Database\BaseConnection->simpleQuery('SELECT *\nFROM `...')
#3 /home3/kronicke/public_html/veatfresh/system/Database/BaseBuilder.php(1455): CodeIgniter\Database\BaseConnection->query('SELECT *\nFROM `...', Array, false)
#4 /home3/kronicke/public_html/veatfresh/app/Models/CrudModel.php(121): CodeIgniter\Database\BaseBuilder->get()
#5 /home3/kronicke/public_html/veatfresh/app/Controllers/Home.php(750): App\Models\CrudModel->getAnyItems(Array)
#6 /home3/kronicke/public_html/veatfresh/system/CodeIgniter.php(825): App\Controllers\Home->search_result()
#7 /home3/kronicke/public_html/veatfresh/system/CodeIgniter.php(412): CodeIgniter\CodeIgniter->runController(Object(App\Controllers\Home))
#8 /home3/kronicke/public_html/veatfresh/system/CodeIgniter.php(320): CodeIgniter\CodeIgniter->handleRequest(NULL, Object(Config\Cache), false)
#9 /home3/kronicke/public_html/veatfresh/index.php(37): CodeIgniter\CodeIgniter->run()
#10 {main}
ERROR - 2022-08-02 12:12:18 --> You have an error in your SQL syntax; check the manual that corresponds to your MySQL server version for the right syntax to use near ':1:
GROUP BY `p`.`id`' at line 4
CRITICAL - 2022-08-02 12:12:18 --> You have an error in your SQL syntax; check the manual that corresponds to your MySQL server version for the right syntax to use near ':1:
GROUP BY `p`.`id`' at line 4
#0 /home3/kronicke/public_html/veatfresh/system/Database/MySQLi/Connection.php(292): mysqli->query('SELECT *\nFROM `...', 0)
#1 /home3/kronicke/public_html/veatfresh/system/Database/BaseConnection.php(670): CodeIgniter\Database\MySQLi\Connection->execute('SELECT *\nFROM `...')
#2 /home3/kronicke/public_html/veatfresh/system/Database/BaseConnection.php(598): CodeIgniter\Database\BaseConnection->simpleQuery('SELECT *\nFROM `...')
#3 /home3/kronicke/public_html/veatfresh/system/Database/BaseBuilder.php(1455): CodeIgniter\Database\BaseConnection->query('SELECT *\nFROM `...', Array, false)
#4 /home3/kronicke/public_html/veatfresh/app/Models/CrudModel.php(121): CodeIgniter\Database\BaseBuilder->get()
#5 /home3/kronicke/public_html/veatfresh/app/Controllers/Home.php(749): App\Models\CrudModel->getAnyItems(Array)
#6 /home3/kronicke/public_html/veatfresh/system/CodeIgniter.php(825): App\Controllers\Home->search_result()
#7 /home3/kronicke/public_html/veatfresh/system/CodeIgniter.php(412): CodeIgniter\CodeIgniter->runController(Object(App\Controllers\Home))
#8 /home3/kronicke/public_html/veatfresh/system/CodeIgniter.php(320): CodeIgniter\CodeIgniter->handleRequest(NULL, Object(Config\Cache), false)
#9 /home3/kronicke/public_html/veatfresh/index.php(37): CodeIgniter\CodeIgniter->run()
#10 {main}
ERROR - 2022-08-02 12:13:53 --> You have an error in your SQL syntax; check the manual that corresponds to your MySQL server version for the right syntax to use near '= 'Chicken'
AND `p`.`description` LIKE = 'Chicken'
GROUP BY `p`.`id`
ORDER BY `p' at line 4
CRITICAL - 2022-08-02 12:13:53 --> You have an error in your SQL syntax; check the manual that corresponds to your MySQL server version for the right syntax to use near '= 'Chicken'
AND `p`.`description` LIKE = 'Chicken'
GROUP BY `p`.`id`
ORDER BY `p' at line 4
#0 /home3/kronicke/public_html/veatfresh/system/Database/MySQLi/Connection.php(292): mysqli->query('SELECT *\nFROM `...', 0)
#1 /home3/kronicke/public_html/veatfresh/system/Database/BaseConnection.php(670): CodeIgniter\Database\MySQLi\Connection->execute('SELECT *\nFROM `...')
#2 /home3/kronicke/public_html/veatfresh/system/Database/BaseConnection.php(598): CodeIgniter\Database\BaseConnection->simpleQuery('SELECT *\nFROM `...')
#3 /home3/kronicke/public_html/veatfresh/system/Database/BaseBuilder.php(1455): CodeIgniter\Database\BaseConnection->query('SELECT *\nFROM `...', Array, false)
#4 /home3/kronicke/public_html/veatfresh/app/Models/CrudModel.php(121): CodeIgniter\Database\BaseBuilder->get()
#5 /home3/kronicke/public_html/veatfresh/app/Controllers/Home.php(750): App\Models\CrudModel->getAnyItems(Array)
#6 /home3/kronicke/public_html/veatfresh/system/CodeIgniter.php(825): App\Controllers\Home->search_result()
#7 /home3/kronicke/public_html/veatfresh/system/CodeIgniter.php(412): CodeIgniter\CodeIgniter->runController(Object(App\Controllers\Home))
#8 /home3/kronicke/public_html/veatfresh/system/CodeIgniter.php(320): CodeIgniter\CodeIgniter->handleRequest(NULL, Object(Config\Cache), false)
#9 /home3/kronicke/public_html/veatfresh/index.php(37): CodeIgniter\CodeIgniter->run()
#10 {main}
ERROR - 2022-08-02 12:22:25 --> You have an error in your SQL syntax; check the manual that corresponds to your MySQL server version for the right syntax to use near '->product_variant_tbl as v ON p.id = v.product_id WHERE p.name LIKE "%Chicken%" ' at line 1
CRITICAL - 2022-08-02 12:22:25 --> You have an error in your SQL syntax; check the manual that corresponds to your MySQL server version for the right syntax to use near '->product_variant_tbl as v ON p.id = v.product_id WHERE p.name LIKE "%Chicken%" ' at line 1
#0 /home3/kronicke/public_html/veatfresh/system/Database/MySQLi/Connection.php(292): mysqli->query('SELECT p.* FROM...', 0)
#1 /home3/kronicke/public_html/veatfresh/system/Database/BaseConnection.php(670): CodeIgniter\Database\MySQLi\Connection->execute('SELECT p.* FROM...')
#2 /home3/kronicke/public_html/veatfresh/system/Database/BaseConnection.php(598): CodeIgniter\Database\BaseConnection->simpleQuery('SELECT p.* FROM...')
#3 /home3/kronicke/public_html/veatfresh/app/Controllers/Home.php(740): CodeIgniter\Database\BaseConnection->query('SELECT p.* FROM...')
#4 /home3/kronicke/public_html/veatfresh/system/CodeIgniter.php(825): App\Controllers\Home->search_result()
#5 /home3/kronicke/public_html/veatfresh/system/CodeIgniter.php(412): CodeIgniter\CodeIgniter->runController(Object(App\Controllers\Home))
#6 /home3/kronicke/public_html/veatfresh/system/CodeIgniter.php(320): CodeIgniter\CodeIgniter->handleRequest(NULL, Object(Config\Cache), false)
#7 /home3/kronicke/public_html/veatfresh/index.php(37): CodeIgniter\CodeIgniter->run()
#8 {main}
ERROR - 2022-08-02 12:34:36 --> You have an error in your SQL syntax; check the manual that corresponds to your MySQL server version for the right syntax to use near 'GROUP BY p.id' at line 1
CRITICAL - 2022-08-02 12:34:36 --> You have an error in your SQL syntax; check the manual that corresponds to your MySQL server version for the right syntax to use near 'GROUP BY p.id' at line 1
#0 /home3/kronicke/public_html/veatfresh/system/Database/MySQLi/Connection.php(292): mysqli->query('SELECT p.* FROM...', 0)
#1 /home3/kronicke/public_html/veatfresh/system/Database/BaseConnection.php(670): CodeIgniter\Database\MySQLi\Connection->execute('SELECT p.* FROM...')
#2 /home3/kronicke/public_html/veatfresh/system/Database/BaseConnection.php(598): CodeIgniter\Database\BaseConnection->simpleQuery('SELECT p.* FROM...')
#3 /home3/kronicke/public_html/veatfresh/app/Controllers/Home.php(740): CodeIgniter\Database\BaseConnection->query('SELECT p.* FROM...')
#4 /home3/kronicke/public_html/veatfresh/system/CodeIgniter.php(825): App\Controllers\Home->search_result()
#5 /home3/kronicke/public_html/veatfresh/system/CodeIgniter.php(412): CodeIgniter\CodeIgniter->runController(Object(App\Controllers\Home))
#6 /home3/kronicke/public_html/veatfresh/system/CodeIgniter.php(320): CodeIgniter\CodeIgniter->handleRequest(NULL, Object(Config\Cache), false)
#7 /home3/kronicke/public_html/veatfresh/index.php(37): CodeIgniter\CodeIgniter->run()
#8 {main}
CRITICAL - 2022-08-02 12:39:08 --> Undefined property: stdClass::$product_id
#0 /home3/kronicke/public_html/veatfresh/app/Views/search.php(36): CodeIgniter\Debug\Exceptions->errorHandler(8, 'Undefined prope...', '/home3/kronicke...', 36, Array)
#1 /home3/kronicke/public_html/veatfresh/system/View/View.php(210): include('/home3/kronicke...')
#2 /home3/kronicke/public_html/veatfresh/system/View/View.php(213): CodeIgniter\View\View->CodeIgniter\View\{closure}()
#3 /home3/kronicke/public_html/veatfresh/system/Common.php(1089): CodeIgniter\View\View->render('search', Array, true)
#4 /home3/kronicke/public_html/veatfresh/app/Helpers/render_helper.php(10): view('search', Array, Array)
#5 /home3/kronicke/public_html/veatfresh/app/Controllers/Home.php(760): render_frontend('search', Array)
#6 /home3/kronicke/public_html/veatfresh/system/CodeIgniter.php(825): App\Controllers\Home->search_result()
#7 /home3/kronicke/public_html/veatfresh/system/CodeIgniter.php(412): CodeIgniter\CodeIgniter->runController(Object(App\Controllers\Home))
#8 /home3/kronicke/public_html/veatfresh/system/CodeIgniter.php(320): CodeIgniter\CodeIgniter->handleRequest(NULL, Object(Config\Cache), false)
#9 /home3/kronicke/public_html/veatfresh/index.php(37): CodeIgniter\CodeIgniter->run()
#10 {main}
