ERROR - 2022-08-12 09:56:19 --> Table 'veatfresh.cart' doesn't exist
CRITICAL - 2022-08-12 09:56:19 --> Table 'veatfresh.cart' doesn't exist
#0 /home/a2r9jiz6dv0x/public_html/system/Database/MySQLi/Connection.php(292): mysqli->query('SELECT COUNT(*)...', 0)
#1 /home/a2r9jiz6dv0x/public_html/system/Database/BaseConnection.php(670): CodeIgniter\Database\MySQLi\Connection->execute('SELECT COUNT(*)...')
#2 /home/a2r9jiz6dv0x/public_html/system/Database/BaseConnection.php(598): CodeIgniter\Database\BaseConnection->simpleQuery('SELECT COUNT(*)...')
#3 /home/a2r9jiz6dv0x/public_html/system/Database/BaseBuilder.php(1539): CodeIgniter\Database\BaseConnection->query('SELECT COUNT(*)...', Array, false)
#4 /home/a2r9jiz6dv0x/public_html/app/Helpers/common_helper.php(231): CodeIgniter\Database\BaseBuilder->countAllResults()
#5 /home/a2r9jiz6dv0x/public_html/app/Views/includes/navbar.php(110): get_total_carts(NULL, '103.113.219.38')
#6 /home/a2r9jiz6dv0x/public_html/system/View/View.php(210): include('/home/a2r9jiz6d...')
#7 /home/a2r9jiz6dv0x/public_html/system/View/View.php(213): CodeIgniter\View\View->CodeIgniter\View\{closure}()
#8 /home/a2r9jiz6dv0x/public_html/system/Common.php(1089): CodeIgniter\View\View->render('includes/navbar', Array, true)
#9 /home/a2r9jiz6dv0x/public_html/app/Views/includes/layout.php(12): view('includes/navbar')
#10 /home/a2r9jiz6dv0x/public_html/system/View/View.php(210): include('/home/a2r9jiz6d...')
#11 /home/a2r9jiz6dv0x/public_html/system/View/View.php(213): CodeIgniter\View\View->CodeIgniter\View\{closure}()
#12 /home/a2r9jiz6dv0x/public_html/system/Common.php(1089): CodeIgniter\View\View->render('includes/layout', Array, true)
#13 /home/a2r9jiz6dv0x/public_html/app/Helpers/render_helper.php(12): view('includes/layout', Array, Array)
#14 /home/a2r9jiz6dv0x/public_html/app/Controllers/Home.php(95): render_frontend('home', Array)
#15 /home/a2r9jiz6dv0x/public_html/system/CodeIgniter.php(825): App\Controllers\Home->index()
#16 /home/a2r9jiz6dv0x/public_html/system/CodeIgniter.php(412): CodeIgniter\CodeIgniter->runController(Object(App\Controllers\Home))
#17 /home/a2r9jiz6dv0x/public_html/system/CodeIgniter.php(320): CodeIgniter\CodeIgniter->handleRequest(NULL, Object(Config\Cache), false)
#18 /home/a2r9jiz6dv0x/public_html/index.php(37): CodeIgniter\CodeIgniter->run()
#19 {main}
CRITICAL - 2022-08-12 10:02:01 --> Undefined property: stdClass::$icon
#0 /home/a2r9jiz6dv0x/public_html/app/Views/includes/navbar.php(331): CodeIgniter\Debug\Exceptions->errorHandler(8, 'Undefined prope...', '/home/a2r9jiz6d...', 331, Array)
#1 /home/a2r9jiz6dv0x/public_html/system/View/View.php(210): include('/home/a2r9jiz6d...')
#2 /home/a2r9jiz6dv0x/public_html/system/View/View.php(213): CodeIgniter\View\View->CodeIgniter\View\{closure}()
#3 /home/a2r9jiz6dv0x/public_html/system/Common.php(1089): CodeIgniter\View\View->render('includes/navbar', Array, true)
#4 /home/a2r9jiz6dv0x/public_html/app/Views/includes/layout.php(12): view('includes/navbar')
#5 /home/a2r9jiz6dv0x/public_html/system/View/View.php(210): include('/home/a2r9jiz6d...')
#6 /home/a2r9jiz6dv0x/public_html/system/View/View.php(213): CodeIgniter\View\View->CodeIgniter\View\{closure}()
#7 /home/a2r9jiz6dv0x/public_html/system/Common.php(1089): CodeIgniter\View\View->render('includes/layout', Array, true)
#8 /home/a2r9jiz6dv0x/public_html/app/Helpers/render_helper.php(12): view('includes/layout', Array, Array)
#9 /home/a2r9jiz6dv0x/public_html/app/Controllers/Home.php(95): render_frontend('home', Array)
#10 /home/a2r9jiz6dv0x/public_html/system/CodeIgniter.php(825): App\Controllers\Home->index()
#11 /home/a2r9jiz6dv0x/public_html/system/CodeIgniter.php(412): CodeIgniter\CodeIgniter->runController(Object(App\Controllers\Home))
#12 /home/a2r9jiz6dv0x/public_html/system/CodeIgniter.php(320): CodeIgniter\CodeIgniter->handleRequest(NULL, Object(Config\Cache), false)
#13 /home/a2r9jiz6dv0x/public_html/index.php(37): CodeIgniter\CodeIgniter->run()
#14 {main}
ERROR - 2022-08-12 11:16:19 --> Error connecting to the database: User **** already has more than 'max_user_connections' active connections
CRITICAL - 2022-08-12 11:16:19 --> Unable to connect to the database.
Main connection [MySQLi]: User **** already has more than 'max_user_connections' active connections
#0 /home/a2r9jiz6dv0x/public_html/system/Database/BaseConnection.php(577): CodeIgniter\Database\BaseConnection->initialize()
#1 /home/a2r9jiz6dv0x/public_html/system/Database/BaseBuilder.php(1455): CodeIgniter\Database\BaseConnection->query('SELECT *\nFROM `...', Array, false)
#2 /home/a2r9jiz6dv0x/public_html/app/Models/CrudModel.php(121): CodeIgniter\Database\BaseBuilder->get()
#3 /home/a2r9jiz6dv0x/public_html/app/Libraries/MenuTree.php(42): App\Models\CrudModel->getAnyItems(Array)
#4 /home/a2r9jiz6dv0x/public_html/app/Controllers/Product.php(77): App\Libraries\MenuTree->get_categories()
#5 /home/a2r9jiz6dv0x/public_html/system/CodeIgniter.php(802): App\Controllers\Product->__construct()
#6 /home/a2r9jiz6dv0x/public_html/system/CodeIgniter.php(403): CodeIgniter\CodeIgniter->createController()
#7 /home/a2r9jiz6dv0x/public_html/system/CodeIgniter.php(320): CodeIgniter\CodeIgniter->handleRequest(NULL, Object(Config\Cache), false)
#8 /home/a2r9jiz6dv0x/public_html/index.php(37): CodeIgniter\CodeIgniter->run()
#9 {main}
ERROR - 2022-08-12 11:16:19 --> Error connecting to the database: User **** already has more than 'max_user_connections' active connections
CRITICAL - 2022-08-12 11:16:19 --> Unable to connect to the database.
Main connection [MySQLi]: User **** already has more than 'max_user_connections' active connections
#0 /home/a2r9jiz6dv0x/public_html/system/Database/BaseConnection.php(577): CodeIgniter\Database\BaseConnection->initialize()
#1 /home/a2r9jiz6dv0x/public_html/system/Database/BaseBuilder.php(1455): CodeIgniter\Database\BaseConnection->query('SELECT *\nFROM `...', Array, false)
#2 /home/a2r9jiz6dv0x/public_html/app/Models/CrudModel.php(121): CodeIgniter\Database\BaseBuilder->get()
#3 /home/a2r9jiz6dv0x/public_html/app/Libraries/MenuTree.php(42): App\Models\CrudModel->getAnyItems(Array)
#4 /home/a2r9jiz6dv0x/public_html/app/Controllers/Product.php(77): App\Libraries\MenuTree->get_categories()
#5 /home/a2r9jiz6dv0x/public_html/system/CodeIgniter.php(802): App\Controllers\Product->__construct()
#6 /home/a2r9jiz6dv0x/public_html/system/CodeIgniter.php(403): CodeIgniter\CodeIgniter->createController()
#7 /home/a2r9jiz6dv0x/public_html/system/CodeIgniter.php(320): CodeIgniter\CodeIgniter->handleRequest(NULL, Object(Config\Cache), false)
#8 /home/a2r9jiz6dv0x/public_html/index.php(37): CodeIgniter\CodeIgniter->run()
#9 {main}
ERROR - 2022-08-12 11:16:19 --> Error connecting to the database: User **** already has more than 'max_user_connections' active connections
CRITICAL - 2022-08-12 11:16:19 --> Unable to connect to the database.
Main connection [MySQLi]: User **** already has more than 'max_user_connections' active connections
#0 /home/a2r9jiz6dv0x/public_html/system/Database/BaseConnection.php(577): CodeIgniter\Database\BaseConnection->initialize()
#1 /home/a2r9jiz6dv0x/public_html/system/Database/BaseBuilder.php(1455): CodeIgniter\Database\BaseConnection->query('SELECT *\nFROM `...', Array, false)
#2 /home/a2r9jiz6dv0x/public_html/app/Models/CrudModel.php(121): CodeIgniter\Database\BaseBuilder->get()
#3 /home/a2r9jiz6dv0x/public_html/app/Libraries/MenuTree.php(42): App\Models\CrudModel->getAnyItems(Array)
#4 /home/a2r9jiz6dv0x/public_html/app/Controllers/Product.php(77): App\Libraries\MenuTree->get_categories()
#5 /home/a2r9jiz6dv0x/public_html/system/CodeIgniter.php(802): App\Controllers\Product->__construct()
#6 /home/a2r9jiz6dv0x/public_html/system/CodeIgniter.php(403): CodeIgniter\CodeIgniter->createController()
#7 /home/a2r9jiz6dv0x/public_html/system/CodeIgniter.php(320): CodeIgniter\CodeIgniter->handleRequest(NULL, Object(Config\Cache), false)
#8 /home/a2r9jiz6dv0x/public_html/index.php(37): CodeIgniter\CodeIgniter->run()
#9 {main}
ERROR - 2022-08-12 11:16:19 --> Error connecting to the database: User **** already has more than 'max_user_connections' active connections
CRITICAL - 2022-08-12 11:16:19 --> Unable to connect to the database.
Main connection [MySQLi]: User **** already has more than 'max_user_connections' active connections
#0 /home/a2r9jiz6dv0x/public_html/system/Database/BaseConnection.php(577): CodeIgniter\Database\BaseConnection->initialize()
#1 /home/a2r9jiz6dv0x/public_html/system/Database/BaseBuilder.php(1455): CodeIgniter\Database\BaseConnection->query('SELECT *\nFROM `...', Array, false)
#2 /home/a2r9jiz6dv0x/public_html/app/Models/CrudModel.php(121): CodeIgniter\Database\BaseBuilder->get()
#3 /home/a2r9jiz6dv0x/public_html/app/Libraries/MenuTree.php(42): App\Models\CrudModel->getAnyItems(Array)
#4 /home/a2r9jiz6dv0x/public_html/app/Controllers/Product.php(77): App\Libraries\MenuTree->get_categories()
#5 /home/a2r9jiz6dv0x/public_html/system/CodeIgniter.php(802): App\Controllers\Product->__construct()
#6 /home/a2r9jiz6dv0x/public_html/system/CodeIgniter.php(403): CodeIgniter\CodeIgniter->createController()
#7 /home/a2r9jiz6dv0x/public_html/system/CodeIgniter.php(320): CodeIgniter\CodeIgniter->handleRequest(NULL, Object(Config\Cache), false)
#8 /home/a2r9jiz6dv0x/public_html/index.php(37): CodeIgniter\CodeIgniter->run()
#9 {main}
ERROR - 2022-08-12 11:16:19 --> Error connecting to the database: User **** already has more than 'max_user_connections' active connections
CRITICAL - 2022-08-12 11:16:19 --> Unable to connect to the database.
Main connection [MySQLi]: User **** already has more than 'max_user_connections' active connections
#0 /home/a2r9jiz6dv0x/public_html/system/Database/BaseConnection.php(577): CodeIgniter\Database\BaseConnection->initialize()
#1 /home/a2r9jiz6dv0x/public_html/system/Database/BaseBuilder.php(1455): CodeIgniter\Database\BaseConnection->query('SELECT *\nFROM `...', Array, false)
#2 /home/a2r9jiz6dv0x/public_html/app/Models/CrudModel.php(121): CodeIgniter\Database\BaseBuilder->get()
#3 /home/a2r9jiz6dv0x/public_html/app/Libraries/MenuTree.php(42): App\Models\CrudModel->getAnyItems(Array)
#4 /home/a2r9jiz6dv0x/public_html/app/Controllers/Product.php(77): App\Libraries\MenuTree->get_categories()
#5 /home/a2r9jiz6dv0x/public_html/system/CodeIgniter.php(802): App\Controllers\Product->__construct()
#6 /home/a2r9jiz6dv0x/public_html/system/CodeIgniter.php(403): CodeIgniter\CodeIgniter->createController()
#7 /home/a2r9jiz6dv0x/public_html/system/CodeIgniter.php(320): CodeIgniter\CodeIgniter->handleRequest(NULL, Object(Config\Cache), false)
#8 /home/a2r9jiz6dv0x/public_html/index.php(37): CodeIgniter\CodeIgniter->run()
#9 {main}
ERROR - 2022-08-12 11:16:19 --> Error connecting to the database: User **** already has more than 'max_user_connections' active connections
CRITICAL - 2022-08-12 11:16:19 --> Unable to connect to the database.
Main connection [MySQLi]: User **** already has more than 'max_user_connections' active connections
#0 /home/a2r9jiz6dv0x/public_html/system/Database/BaseConnection.php(577): CodeIgniter\Database\BaseConnection->initialize()
#1 /home/a2r9jiz6dv0x/public_html/system/Database/BaseBuilder.php(1455): CodeIgniter\Database\BaseConnection->query('SELECT *\nFROM `...', Array, false)
#2 /home/a2r9jiz6dv0x/public_html/app/Models/CrudModel.php(121): CodeIgniter\Database\BaseBuilder->get()
#3 /home/a2r9jiz6dv0x/public_html/app/Libraries/MenuTree.php(42): App\Models\CrudModel->getAnyItems(Array)
#4 /home/a2r9jiz6dv0x/public_html/app/Controllers/Product.php(77): App\Libraries\MenuTree->get_categories()
#5 /home/a2r9jiz6dv0x/public_html/system/CodeIgniter.php(802): App\Controllers\Product->__construct()
#6 /home/a2r9jiz6dv0x/public_html/system/CodeIgniter.php(403): CodeIgniter\CodeIgniter->createController()
#7 /home/a2r9jiz6dv0x/public_html/system/CodeIgniter.php(320): CodeIgniter\CodeIgniter->handleRequest(NULL, Object(Config\Cache), false)
#8 /home/a2r9jiz6dv0x/public_html/index.php(37): CodeIgniter\CodeIgniter->run()
#9 {main}
ERROR - 2022-08-12 11:16:19 --> Error connecting to the database: User **** already has more than 'max_user_connections' active connections
CRITICAL - 2022-08-12 11:16:19 --> Unable to connect to the database.
Main connection [MySQLi]: User **** already has more than 'max_user_connections' active connections
#0 /home/a2r9jiz6dv0x/public_html/system/Database/BaseConnection.php(577): CodeIgniter\Database\BaseConnection->initialize()
#1 /home/a2r9jiz6dv0x/public_html/system/Database/BaseBuilder.php(1455): CodeIgniter\Database\BaseConnection->query('SELECT *\nFROM `...', Array, false)
#2 /home/a2r9jiz6dv0x/public_html/app/Models/CrudModel.php(121): CodeIgniter\Database\BaseBuilder->get()
#3 /home/a2r9jiz6dv0x/public_html/app/Libraries/MenuTree.php(42): App\Models\CrudModel->getAnyItems(Array)
#4 /home/a2r9jiz6dv0x/public_html/app/Controllers/Product.php(77): App\Libraries\MenuTree->get_categories()
#5 /home/a2r9jiz6dv0x/public_html/system/CodeIgniter.php(802): App\Controllers\Product->__construct()
#6 /home/a2r9jiz6dv0x/public_html/system/CodeIgniter.php(403): CodeIgniter\CodeIgniter->createController()
#7 /home/a2r9jiz6dv0x/public_html/system/CodeIgniter.php(320): CodeIgniter\CodeIgniter->handleRequest(NULL, Object(Config\Cache), false)
#8 /home/a2r9jiz6dv0x/public_html/index.php(37): CodeIgniter\CodeIgniter->run()
#9 {main}
ERROR - 2022-08-12 11:16:19 --> Error connecting to the database: User **** already has more than 'max_user_connections' active connections
CRITICAL - 2022-08-12 11:16:19 --> Unable to connect to the database.
Main connection [MySQLi]: User **** already has more than 'max_user_connections' active connections
#0 /home/a2r9jiz6dv0x/public_html/system/Database/BaseConnection.php(577): CodeIgniter\Database\BaseConnection->initialize()
#1 /home/a2r9jiz6dv0x/public_html/system/Database/BaseBuilder.php(1455): CodeIgniter\Database\BaseConnection->query('SELECT *\nFROM `...', Array, false)
#2 /home/a2r9jiz6dv0x/public_html/app/Models/CrudModel.php(121): CodeIgniter\Database\BaseBuilder->get()
#3 /home/a2r9jiz6dv0x/public_html/app/Libraries/MenuTree.php(42): App\Models\CrudModel->getAnyItems(Array)
#4 /home/a2r9jiz6dv0x/public_html/app/Controllers/Product.php(77): App\Libraries\MenuTree->get_categories()
#5 /home/a2r9jiz6dv0x/public_html/system/CodeIgniter.php(802): App\Controllers\Product->__construct()
#6 /home/a2r9jiz6dv0x/public_html/system/CodeIgniter.php(403): CodeIgniter\CodeIgniter->createController()
#7 /home/a2r9jiz6dv0x/public_html/system/CodeIgniter.php(320): CodeIgniter\CodeIgniter->handleRequest(NULL, Object(Config\Cache), false)
#8 /home/a2r9jiz6dv0x/public_html/index.php(37): CodeIgniter\CodeIgniter->run()
#9 {main}
ERROR - 2022-08-12 11:16:19 --> Error connecting to the database: User **** already has more than 'max_user_connections' active connections
CRITICAL - 2022-08-12 11:16:19 --> Unable to connect to the database.
Main connection [MySQLi]: User **** already has more than 'max_user_connections' active connections
#0 /home/a2r9jiz6dv0x/public_html/system/Database/BaseConnection.php(577): CodeIgniter\Database\BaseConnection->initialize()
#1 /home/a2r9jiz6dv0x/public_html/system/Database/BaseBuilder.php(1455): CodeIgniter\Database\BaseConnection->query('SELECT *\nFROM `...', Array, false)
#2 /home/a2r9jiz6dv0x/public_html/app/Models/CrudModel.php(121): CodeIgniter\Database\BaseBuilder->get()
#3 /home/a2r9jiz6dv0x/public_html/app/Libraries/MenuTree.php(42): App\Models\CrudModel->getAnyItems(Array)
#4 /home/a2r9jiz6dv0x/public_html/app/Controllers/Product.php(77): App\Libraries\MenuTree->get_categories()
#5 /home/a2r9jiz6dv0x/public_html/system/CodeIgniter.php(802): App\Controllers\Product->__construct()
#6 /home/a2r9jiz6dv0x/public_html/system/CodeIgniter.php(403): CodeIgniter\CodeIgniter->createController()
#7 /home/a2r9jiz6dv0x/public_html/system/CodeIgniter.php(320): CodeIgniter\CodeIgniter->handleRequest(NULL, Object(Config\Cache), false)
#8 /home/a2r9jiz6dv0x/public_html/index.php(37): CodeIgniter\CodeIgniter->run()
#9 {main}
ERROR - 2022-08-12 11:16:19 --> Error connecting to the database: User **** already has more than 'max_user_connections' active connections
CRITICAL - 2022-08-12 11:16:19 --> Unable to connect to the database.
Main connection [MySQLi]: User **** already has more than 'max_user_connections' active connections
#0 /home/a2r9jiz6dv0x/public_html/system/Database/BaseConnection.php(577): CodeIgniter\Database\BaseConnection->initialize()
#1 /home/a2r9jiz6dv0x/public_html/system/Database/BaseBuilder.php(1455): CodeIgniter\Database\BaseConnection->query('SELECT *\nFROM `...', Array, false)
#2 /home/a2r9jiz6dv0x/public_html/app/Models/CrudModel.php(121): CodeIgniter\Database\BaseBuilder->get()
#3 /home/a2r9jiz6dv0x/public_html/app/Libraries/MenuTree.php(42): App\Models\CrudModel->getAnyItems(Array)
#4 /home/a2r9jiz6dv0x/public_html/app/Controllers/Product.php(77): App\Libraries\MenuTree->get_categories()
#5 /home/a2r9jiz6dv0x/public_html/system/CodeIgniter.php(802): App\Controllers\Product->__construct()
#6 /home/a2r9jiz6dv0x/public_html/system/CodeIgniter.php(403): CodeIgniter\CodeIgniter->createController()
#7 /home/a2r9jiz6dv0x/public_html/system/CodeIgniter.php(320): CodeIgniter\CodeIgniter->handleRequest(NULL, Object(Config\Cache), false)
#8 /home/a2r9jiz6dv0x/public_html/index.php(37): CodeIgniter\CodeIgniter->run()
#9 {main}
ERROR - 2022-08-12 11:16:19 --> Error connecting to the database: User **** already has more than 'max_user_connections' active connections
CRITICAL - 2022-08-12 11:16:19 --> Unable to connect to the database.
Main connection [MySQLi]: User **** already has more than 'max_user_connections' active connections
#0 /home/a2r9jiz6dv0x/public_html/system/Database/BaseConnection.php(577): CodeIgniter\Database\BaseConnection->initialize()
#1 /home/a2r9jiz6dv0x/public_html/system/Database/BaseBuilder.php(1455): CodeIgniter\Database\BaseConnection->query('SELECT *\nFROM `...', Array, false)
#2 /home/a2r9jiz6dv0x/public_html/app/Models/CrudModel.php(121): CodeIgniter\Database\BaseBuilder->get()
#3 /home/a2r9jiz6dv0x/public_html/app/Libraries/MenuTree.php(42): App\Models\CrudModel->getAnyItems(Array)
#4 /home/a2r9jiz6dv0x/public_html/app/Controllers/Product.php(77): App\Libraries\MenuTree->get_categories()
#5 /home/a2r9jiz6dv0x/public_html/system/CodeIgniter.php(802): App\Controllers\Product->__construct()
#6 /home/a2r9jiz6dv0x/public_html/system/CodeIgniter.php(403): CodeIgniter\CodeIgniter->createController()
#7 /home/a2r9jiz6dv0x/public_html/system/CodeIgniter.php(320): CodeIgniter\CodeIgniter->handleRequest(NULL, Object(Config\Cache), false)
#8 /home/a2r9jiz6dv0x/public_html/index.php(37): CodeIgniter\CodeIgniter->run()
#9 {main}
ERROR - 2022-08-12 11:16:19 --> Error connecting to the database: User **** already has more than 'max_user_connections' active connections
CRITICAL - 2022-08-12 11:16:19 --> Unable to connect to the database.
Main connection [MySQLi]: User **** already has more than 'max_user_connections' active connections
#0 /home/a2r9jiz6dv0x/public_html/system/Database/BaseConnection.php(577): CodeIgniter\Database\BaseConnection->initialize()
#1 /home/a2r9jiz6dv0x/public_html/system/Database/BaseBuilder.php(1455): CodeIgniter\Database\BaseConnection->query('SELECT *\nFROM `...', Array, false)
#2 /home/a2r9jiz6dv0x/public_html/app/Models/CrudModel.php(121): CodeIgniter\Database\BaseBuilder->get()
#3 /home/a2r9jiz6dv0x/public_html/app/Libraries/MenuTree.php(42): App\Models\CrudModel->getAnyItems(Array)
#4 /home/a2r9jiz6dv0x/public_html/app/Controllers/Product.php(77): App\Libraries\MenuTree->get_categories()
#5 /home/a2r9jiz6dv0x/public_html/system/CodeIgniter.php(802): App\Controllers\Product->__construct()
#6 /home/a2r9jiz6dv0x/public_html/system/CodeIgniter.php(403): CodeIgniter\CodeIgniter->createController()
#7 /home/a2r9jiz6dv0x/public_html/system/CodeIgniter.php(320): CodeIgniter\CodeIgniter->handleRequest(NULL, Object(Config\Cache), false)
#8 /home/a2r9jiz6dv0x/public_html/index.php(37): CodeIgniter\CodeIgniter->run()
#9 {main}
ERROR - 2022-08-12 11:16:19 --> Error connecting to the database: User **** already has more than 'max_user_connections' active connections
CRITICAL - 2022-08-12 11:16:19 --> Unable to connect to the database.
Main connection [MySQLi]: User **** already has more than 'max_user_connections' active connections
#0 /home/a2r9jiz6dv0x/public_html/system/Database/BaseConnection.php(577): CodeIgniter\Database\BaseConnection->initialize()
#1 /home/a2r9jiz6dv0x/public_html/system/Database/BaseBuilder.php(1455): CodeIgniter\Database\BaseConnection->query('SELECT *\nFROM `...', Array, false)
#2 /home/a2r9jiz6dv0x/public_html/app/Models/CrudModel.php(121): CodeIgniter\Database\BaseBuilder->get()
#3 /home/a2r9jiz6dv0x/public_html/app/Libraries/MenuTree.php(42): App\Models\CrudModel->getAnyItems(Array)
#4 /home/a2r9jiz6dv0x/public_html/app/Controllers/Product.php(77): App\Libraries\MenuTree->get_categories()
#5 /home/a2r9jiz6dv0x/public_html/system/CodeIgniter.php(802): App\Controllers\Product->__construct()
#6 /home/a2r9jiz6dv0x/public_html/system/CodeIgniter.php(403): CodeIgniter\CodeIgniter->createController()
#7 /home/a2r9jiz6dv0x/public_html/system/CodeIgniter.php(320): CodeIgniter\CodeIgniter->handleRequest(NULL, Object(Config\Cache), false)
#8 /home/a2r9jiz6dv0x/public_html/index.php(37): CodeIgniter\CodeIgniter->run()
#9 {main}
ERROR - 2022-08-12 11:16:19 --> Error connecting to the database: User **** already has more than 'max_user_connections' active connections
CRITICAL - 2022-08-12 11:16:19 --> Unable to connect to the database.
Main connection [MySQLi]: User **** already has more than 'max_user_connections' active connections
#0 /home/a2r9jiz6dv0x/public_html/system/Database/BaseConnection.php(577): CodeIgniter\Database\BaseConnection->initialize()
#1 /home/a2r9jiz6dv0x/public_html/system/Database/BaseBuilder.php(1455): CodeIgniter\Database\BaseConnection->query('SELECT *\nFROM `...', Array, false)
#2 /home/a2r9jiz6dv0x/public_html/app/Models/CrudModel.php(121): CodeIgniter\Database\BaseBuilder->get()
#3 /home/a2r9jiz6dv0x/public_html/app/Libraries/MenuTree.php(42): App\Models\CrudModel->getAnyItems(Array)
#4 /home/a2r9jiz6dv0x/public_html/app/Controllers/Product.php(77): App\Libraries\MenuTree->get_categories()
#5 /home/a2r9jiz6dv0x/public_html/system/CodeIgniter.php(802): App\Controllers\Product->__construct()
#6 /home/a2r9jiz6dv0x/public_html/system/CodeIgniter.php(403): CodeIgniter\CodeIgniter->createController()
#7 /home/a2r9jiz6dv0x/public_html/system/CodeIgniter.php(320): CodeIgniter\CodeIgniter->handleRequest(NULL, Object(Config\Cache), false)
#8 /home/a2r9jiz6dv0x/public_html/index.php(37): CodeIgniter\CodeIgniter->run()
#9 {main}
ERROR - 2022-08-12 11:16:19 --> Error connecting to the database: User **** already has more than 'max_user_connections' active connections
CRITICAL - 2022-08-12 11:16:19 --> Unable to connect to the database.
Main connection [MySQLi]: User **** already has more than 'max_user_connections' active connections
#0 /home/a2r9jiz6dv0x/public_html/system/Database/BaseConnection.php(577): CodeIgniter\Database\BaseConnection->initialize()
#1 /home/a2r9jiz6dv0x/public_html/system/Database/BaseBuilder.php(1455): CodeIgniter\Database\BaseConnection->query('SELECT *\nFROM `...', Array, false)
#2 /home/a2r9jiz6dv0x/public_html/app/Models/CrudModel.php(121): CodeIgniter\Database\BaseBuilder->get()
#3 /home/a2r9jiz6dv0x/public_html/app/Libraries/MenuTree.php(42): App\Models\CrudModel->getAnyItems(Array)
#4 /home/a2r9jiz6dv0x/public_html/app/Controllers/Product.php(77): App\Libraries\MenuTree->get_categories()
#5 /home/a2r9jiz6dv0x/public_html/system/CodeIgniter.php(802): App\Controllers\Product->__construct()
#6 /home/a2r9jiz6dv0x/public_html/system/CodeIgniter.php(403): CodeIgniter\CodeIgniter->createController()
#7 /home/a2r9jiz6dv0x/public_html/system/CodeIgniter.php(320): CodeIgniter\CodeIgniter->handleRequest(NULL, Object(Config\Cache), false)
#8 /home/a2r9jiz6dv0x/public_html/index.php(37): CodeIgniter\CodeIgniter->run()
#9 {main}
ERROR - 2022-08-12 11:16:19 --> Error connecting to the database: User **** already has more than 'max_user_connections' active connections
CRITICAL - 2022-08-12 11:16:19 --> Unable to connect to the database.
Main connection [MySQLi]: User **** already has more than 'max_user_connections' active connections
#0 /home/a2r9jiz6dv0x/public_html/system/Database/BaseConnection.php(577): CodeIgniter\Database\BaseConnection->initialize()
#1 /home/a2r9jiz6dv0x/public_html/system/Database/BaseBuilder.php(1455): CodeIgniter\Database\BaseConnection->query('SELECT *\nFROM `...', Array, false)
#2 /home/a2r9jiz6dv0x/public_html/app/Models/CrudModel.php(121): CodeIgniter\Database\BaseBuilder->get()
#3 /home/a2r9jiz6dv0x/public_html/app/Libraries/MenuTree.php(42): App\Models\CrudModel->getAnyItems(Array)
#4 /home/a2r9jiz6dv0x/public_html/app/Controllers/Product.php(77): App\Libraries\MenuTree->get_categories()
#5 /home/a2r9jiz6dv0x/public_html/system/CodeIgniter.php(802): App\Controllers\Product->__construct()
#6 /home/a2r9jiz6dv0x/public_html/system/CodeIgniter.php(403): CodeIgniter\CodeIgniter->createController()
#7 /home/a2r9jiz6dv0x/public_html/system/CodeIgniter.php(320): CodeIgniter\CodeIgniter->handleRequest(NULL, Object(Config\Cache), false)
#8 /home/a2r9jiz6dv0x/public_html/index.php(37): CodeIgniter\CodeIgniter->run()
#9 {main}
ERROR - 2022-08-12 11:16:19 --> Error connecting to the database: User **** already has more than 'max_user_connections' active connections
CRITICAL - 2022-08-12 11:16:19 --> Unable to connect to the database.
Main connection [MySQLi]: User **** already has more than 'max_user_connections' active connections
#0 /home/a2r9jiz6dv0x/public_html/system/Database/BaseConnection.php(577): CodeIgniter\Database\BaseConnection->initialize()
#1 /home/a2r9jiz6dv0x/public_html/system/Database/BaseBuilder.php(1455): CodeIgniter\Database\BaseConnection->query('SELECT *\nFROM `...', Array, false)
#2 /home/a2r9jiz6dv0x/public_html/app/Models/CrudModel.php(121): CodeIgniter\Database\BaseBuilder->get()
#3 /home/a2r9jiz6dv0x/public_html/app/Libraries/MenuTree.php(42): App\Models\CrudModel->getAnyItems(Array)
#4 /home/a2r9jiz6dv0x/public_html/app/Controllers/Product.php(77): App\Libraries\MenuTree->get_categories()
#5 /home/a2r9jiz6dv0x/public_html/system/CodeIgniter.php(802): App\Controllers\Product->__construct()
#6 /home/a2r9jiz6dv0x/public_html/system/CodeIgniter.php(403): CodeIgniter\CodeIgniter->createController()
#7 /home/a2r9jiz6dv0x/public_html/system/CodeIgniter.php(320): CodeIgniter\CodeIgniter->handleRequest(NULL, Object(Config\Cache), false)
#8 /home/a2r9jiz6dv0x/public_html/index.php(37): CodeIgniter\CodeIgniter->run()
#9 {main}
ERROR - 2022-08-12 11:16:19 --> Error connecting to the database: User **** already has more than 'max_user_connections' active connections
CRITICAL - 2022-08-12 11:16:19 --> Unable to connect to the database.
Main connection [MySQLi]: User **** already has more than 'max_user_connections' active connections
#0 /home/a2r9jiz6dv0x/public_html/system/Database/BaseConnection.php(577): CodeIgniter\Database\BaseConnection->initialize()
#1 /home/a2r9jiz6dv0x/public_html/system/Database/BaseBuilder.php(1455): CodeIgniter\Database\BaseConnection->query('SELECT *\nFROM `...', Array, false)
#2 /home/a2r9jiz6dv0x/public_html/app/Models/CrudModel.php(121): CodeIgniter\Database\BaseBuilder->get()
#3 /home/a2r9jiz6dv0x/public_html/app/Libraries/MenuTree.php(42): App\Models\CrudModel->getAnyItems(Array)
#4 /home/a2r9jiz6dv0x/public_html/app/Controllers/Product.php(77): App\Libraries\MenuTree->get_categories()
#5 /home/a2r9jiz6dv0x/public_html/system/CodeIgniter.php(802): App\Controllers\Product->__construct()
#6 /home/a2r9jiz6dv0x/public_html/system/CodeIgniter.php(403): CodeIgniter\CodeIgniter->createController()
#7 /home/a2r9jiz6dv0x/public_html/system/CodeIgniter.php(320): CodeIgniter\CodeIgniter->handleRequest(NULL, Object(Config\Cache), false)
#8 /home/a2r9jiz6dv0x/public_html/index.php(37): CodeIgniter\CodeIgniter->run()
#9 {main}
ERROR - 2022-08-12 11:16:19 --> Error connecting to the database: User **** already has more than 'max_user_connections' active connections
CRITICAL - 2022-08-12 11:16:19 --> Unable to connect to the database.
Main connection [MySQLi]: User **** already has more than 'max_user_connections' active connections
#0 /home/a2r9jiz6dv0x/public_html/system/Database/BaseConnection.php(577): CodeIgniter\Database\BaseConnection->initialize()
#1 /home/a2r9jiz6dv0x/public_html/system/Database/BaseBuilder.php(1455): CodeIgniter\Database\BaseConnection->query('SELECT *\nFROM `...', Array, false)
#2 /home/a2r9jiz6dv0x/public_html/app/Models/CrudModel.php(121): CodeIgniter\Database\BaseBuilder->get()
#3 /home/a2r9jiz6dv0x/public_html/app/Libraries/MenuTree.php(42): App\Models\CrudModel->getAnyItems(Array)
#4 /home/a2r9jiz6dv0x/public_html/app/Controllers/Product.php(77): App\Libraries\MenuTree->get_categories()
#5 /home/a2r9jiz6dv0x/public_html/system/CodeIgniter.php(802): App\Controllers\Product->__construct()
#6 /home/a2r9jiz6dv0x/public_html/system/CodeIgniter.php(403): CodeIgniter\CodeIgniter->createController()
#7 /home/a2r9jiz6dv0x/public_html/system/CodeIgniter.php(320): CodeIgniter\CodeIgniter->handleRequest(NULL, Object(Config\Cache), false)
#8 /home/a2r9jiz6dv0x/public_html/index.php(37): CodeIgniter\CodeIgniter->run()
#9 {main}
ERROR - 2022-08-12 11:16:19 --> Error connecting to the database: User **** already has more than 'max_user_connections' active connections
CRITICAL - 2022-08-12 11:16:19 --> Unable to connect to the database.
Main connection [MySQLi]: User **** already has more than 'max_user_connections' active connections
#0 /home/a2r9jiz6dv0x/public_html/system/Database/BaseConnection.php(577): CodeIgniter\Database\BaseConnection->initialize()
#1 /home/a2r9jiz6dv0x/public_html/system/Database/BaseBuilder.php(1455): CodeIgniter\Database\BaseConnection->query('SELECT *\nFROM `...', Array, false)
#2 /home/a2r9jiz6dv0x/public_html/app/Models/CrudModel.php(121): CodeIgniter\Database\BaseBuilder->get()
#3 /home/a2r9jiz6dv0x/public_html/app/Libraries/MenuTree.php(42): App\Models\CrudModel->getAnyItems(Array)
#4 /home/a2r9jiz6dv0x/public_html/app/Controllers/Product.php(77): App\Libraries\MenuTree->get_categories()
#5 /home/a2r9jiz6dv0x/public_html/system/CodeIgniter.php(802): App\Controllers\Product->__construct()
#6 /home/a2r9jiz6dv0x/public_html/system/CodeIgniter.php(403): CodeIgniter\CodeIgniter->createController()
#7 /home/a2r9jiz6dv0x/public_html/system/CodeIgniter.php(320): CodeIgniter\CodeIgniter->handleRequest(NULL, Object(Config\Cache), false)
#8 /home/a2r9jiz6dv0x/public_html/index.php(37): CodeIgniter\CodeIgniter->run()
#9 {main}
ERROR - 2022-08-12 11:16:19 --> Error connecting to the database: User **** already has more than 'max_user_connections' active connections
CRITICAL - 2022-08-12 11:16:19 --> Unable to connect to the database.
Main connection [MySQLi]: User **** already has more than 'max_user_connections' active connections
#0 /home/a2r9jiz6dv0x/public_html/system/Database/BaseConnection.php(577): CodeIgniter\Database\BaseConnection->initialize()
#1 /home/a2r9jiz6dv0x/public_html/system/Database/BaseBuilder.php(1455): CodeIgniter\Database\BaseConnection->query('SELECT *\nFROM `...', Array, false)
#2 /home/a2r9jiz6dv0x/public_html/app/Models/CrudModel.php(121): CodeIgniter\Database\BaseBuilder->get()
#3 /home/a2r9jiz6dv0x/public_html/app/Libraries/MenuTree.php(42): App\Models\CrudModel->getAnyItems(Array)
#4 /home/a2r9jiz6dv0x/public_html/app/Controllers/Product.php(77): App\Libraries\MenuTree->get_categories()
#5 /home/a2r9jiz6dv0x/public_html/system/CodeIgniter.php(802): App\Controllers\Product->__construct()
#6 /home/a2r9jiz6dv0x/public_html/system/CodeIgniter.php(403): CodeIgniter\CodeIgniter->createController()
#7 /home/a2r9jiz6dv0x/public_html/system/CodeIgniter.php(320): CodeIgniter\CodeIgniter->handleRequest(NULL, Object(Config\Cache), false)
#8 /home/a2r9jiz6dv0x/public_html/index.php(37): CodeIgniter\CodeIgniter->run()
#9 {main}
ERROR - 2022-08-12 11:16:19 --> Error connecting to the database: User **** already has more than 'max_user_connections' active connections
CRITICAL - 2022-08-12 11:16:19 --> Unable to connect to the database.
Main connection [MySQLi]: User **** already has more than 'max_user_connections' active connections
#0 /home/a2r9jiz6dv0x/public_html/system/Database/BaseConnection.php(577): CodeIgniter\Database\BaseConnection->initialize()
#1 /home/a2r9jiz6dv0x/public_html/system/Database/BaseBuilder.php(1455): CodeIgniter\Database\BaseConnection->query('SELECT *\nFROM `...', Array, false)
#2 /home/a2r9jiz6dv0x/public_html/app/Models/CrudModel.php(121): CodeIgniter\Database\BaseBuilder->get()
#3 /home/a2r9jiz6dv0x/public_html/app/Libraries/MenuTree.php(42): App\Models\CrudModel->getAnyItems(Array)
#4 /home/a2r9jiz6dv0x/public_html/app/Controllers/Product.php(77): App\Libraries\MenuTree->get_categories()
#5 /home/a2r9jiz6dv0x/public_html/system/CodeIgniter.php(802): App\Controllers\Product->__construct()
#6 /home/a2r9jiz6dv0x/public_html/system/CodeIgniter.php(403): CodeIgniter\CodeIgniter->createController()
#7 /home/a2r9jiz6dv0x/public_html/system/CodeIgniter.php(320): CodeIgniter\CodeIgniter->handleRequest(NULL, Object(Config\Cache), false)
#8 /home/a2r9jiz6dv0x/public_html/index.php(37): CodeIgniter\CodeIgniter->run()
#9 {main}
ERROR - 2022-08-12 11:16:19 --> Error connecting to the database: User **** already has more than 'max_user_connections' active connections
CRITICAL - 2022-08-12 11:16:19 --> Unable to connect to the database.
Main connection [MySQLi]: User **** already has more than 'max_user_connections' active connections
#0 /home/a2r9jiz6dv0x/public_html/system/Database/BaseConnection.php(577): CodeIgniter\Database\BaseConnection->initialize()
#1 /home/a2r9jiz6dv0x/public_html/system/Database/BaseBuilder.php(1455): CodeIgniter\Database\BaseConnection->query('SELECT *\nFROM `...', Array, false)
#2 /home/a2r9jiz6dv0x/public_html/app/Models/CrudModel.php(121): CodeIgniter\Database\BaseBuilder->get()
#3 /home/a2r9jiz6dv0x/public_html/app/Libraries/MenuTree.php(42): App\Models\CrudModel->getAnyItems(Array)
#4 /home/a2r9jiz6dv0x/public_html/app/Controllers/Product.php(77): App\Libraries\MenuTree->get_categories()
#5 /home/a2r9jiz6dv0x/public_html/system/CodeIgniter.php(802): App\Controllers\Product->__construct()
#6 /home/a2r9jiz6dv0x/public_html/system/CodeIgniter.php(403): CodeIgniter\CodeIgniter->createController()
#7 /home/a2r9jiz6dv0x/public_html/system/CodeIgniter.php(320): CodeIgniter\CodeIgniter->handleRequest(NULL, Object(Config\Cache), false)
#8 /home/a2r9jiz6dv0x/public_html/index.php(37): CodeIgniter\CodeIgniter->run()
#9 {main}
ERROR - 2022-08-12 11:16:19 --> Error connecting to the database: User **** already has more than 'max_user_connections' active connections
CRITICAL - 2022-08-12 11:16:19 --> Unable to connect to the database.
Main connection [MySQLi]: User **** already has more than 'max_user_connections' active connections
#0 /home/a2r9jiz6dv0x/public_html/system/Database/BaseConnection.php(577): CodeIgniter\Database\BaseConnection->initialize()
#1 /home/a2r9jiz6dv0x/public_html/system/Database/BaseBuilder.php(1455): CodeIgniter\Database\BaseConnection->query('SELECT *\nFROM `...', Array, false)
#2 /home/a2r9jiz6dv0x/public_html/app/Models/CrudModel.php(121): CodeIgniter\Database\BaseBuilder->get()
#3 /home/a2r9jiz6dv0x/public_html/app/Libraries/MenuTree.php(42): App\Models\CrudModel->getAnyItems(Array)
#4 /home/a2r9jiz6dv0x/public_html/app/Controllers/Product.php(77): App\Libraries\MenuTree->get_categories()
#5 /home/a2r9jiz6dv0x/public_html/system/CodeIgniter.php(802): App\Controllers\Product->__construct()
#6 /home/a2r9jiz6dv0x/public_html/system/CodeIgniter.php(403): CodeIgniter\CodeIgniter->createController()
#7 /home/a2r9jiz6dv0x/public_html/system/CodeIgniter.php(320): CodeIgniter\CodeIgniter->handleRequest(NULL, Object(Config\Cache), false)
#8 /home/a2r9jiz6dv0x/public_html/index.php(37): CodeIgniter\CodeIgniter->run()
#9 {main}
ERROR - 2022-08-12 11:16:19 --> Error connecting to the database: User **** already has more than 'max_user_connections' active connections
CRITICAL - 2022-08-12 11:16:19 --> Unable to connect to the database.
Main connection [MySQLi]: User **** already has more than 'max_user_connections' active connections
#0 /home/a2r9jiz6dv0x/public_html/system/Database/BaseConnection.php(577): CodeIgniter\Database\BaseConnection->initialize()
#1 /home/a2r9jiz6dv0x/public_html/system/Database/BaseBuilder.php(1455): CodeIgniter\Database\BaseConnection->query('SELECT *\nFROM `...', Array, false)
#2 /home/a2r9jiz6dv0x/public_html/app/Models/CrudModel.php(121): CodeIgniter\Database\BaseBuilder->get()
#3 /home/a2r9jiz6dv0x/public_html/app/Libraries/MenuTree.php(42): App\Models\CrudModel->getAnyItems(Array)
#4 /home/a2r9jiz6dv0x/public_html/app/Controllers/Product.php(77): App\Libraries\MenuTree->get_categories()
#5 /home/a2r9jiz6dv0x/public_html/system/CodeIgniter.php(802): App\Controllers\Product->__construct()
#6 /home/a2r9jiz6dv0x/public_html/system/CodeIgniter.php(403): CodeIgniter\CodeIgniter->createController()
#7 /home/a2r9jiz6dv0x/public_html/system/CodeIgniter.php(320): CodeIgniter\CodeIgniter->handleRequest(NULL, Object(Config\Cache), false)
#8 /home/a2r9jiz6dv0x/public_html/index.php(37): CodeIgniter\CodeIgniter->run()
#9 {main}
ERROR - 2022-08-12 11:16:19 --> Error connecting to the database: User **** already has more than 'max_user_connections' active connections
CRITICAL - 2022-08-12 11:16:19 --> Unable to connect to the database.
Main connection [MySQLi]: User **** already has more than 'max_user_connections' active connections
#0 /home/a2r9jiz6dv0x/public_html/system/Database/BaseConnection.php(577): CodeIgniter\Database\BaseConnection->initialize()
#1 /home/a2r9jiz6dv0x/public_html/system/Database/BaseBuilder.php(1455): CodeIgniter\Database\BaseConnection->query('SELECT *\nFROM `...', Array, false)
#2 /home/a2r9jiz6dv0x/public_html/app/Models/CrudModel.php(121): CodeIgniter\Database\BaseBuilder->get()
#3 /home/a2r9jiz6dv0x/public_html/app/Libraries/MenuTree.php(42): App\Models\CrudModel->getAnyItems(Array)
#4 /home/a2r9jiz6dv0x/public_html/app/Controllers/Product.php(77): App\Libraries\MenuTree->get_categories()
#5 /home/a2r9jiz6dv0x/public_html/system/CodeIgniter.php(802): App\Controllers\Product->__construct()
#6 /home/a2r9jiz6dv0x/public_html/system/CodeIgniter.php(403): CodeIgniter\CodeIgniter->createController()
#7 /home/a2r9jiz6dv0x/public_html/system/CodeIgniter.php(320): CodeIgniter\CodeIgniter->handleRequest(NULL, Object(Config\Cache), false)
#8 /home/a2r9jiz6dv0x/public_html/index.php(37): CodeIgniter\CodeIgniter->run()
#9 {main}
ERROR - 2022-08-12 11:16:19 --> Error connecting to the database: User **** already has more than 'max_user_connections' active connections
CRITICAL - 2022-08-12 11:16:19 --> Unable to connect to the database.
Main connection [MySQLi]: User **** already has more than 'max_user_connections' active connections
#0 /home/a2r9jiz6dv0x/public_html/system/Database/BaseConnection.php(577): CodeIgniter\Database\BaseConnection->initialize()
#1 /home/a2r9jiz6dv0x/public_html/system/Database/BaseBuilder.php(1455): CodeIgniter\Database\BaseConnection->query('SELECT *\nFROM `...', Array, false)
#2 /home/a2r9jiz6dv0x/public_html/app/Models/CrudModel.php(121): CodeIgniter\Database\BaseBuilder->get()
#3 /home/a2r9jiz6dv0x/public_html/app/Libraries/MenuTree.php(42): App\Models\CrudModel->getAnyItems(Array)
#4 /home/a2r9jiz6dv0x/public_html/app/Controllers/Product.php(77): App\Libraries\MenuTree->get_categories()
#5 /home/a2r9jiz6dv0x/public_html/system/CodeIgniter.php(802): App\Controllers\Product->__construct()
#6 /home/a2r9jiz6dv0x/public_html/system/CodeIgniter.php(403): CodeIgniter\CodeIgniter->createController()
#7 /home/a2r9jiz6dv0x/public_html/system/CodeIgniter.php(320): CodeIgniter\CodeIgniter->handleRequest(NULL, Object(Config\Cache), false)
#8 /home/a2r9jiz6dv0x/public_html/index.php(37): CodeIgniter\CodeIgniter->run()
#9 {main}
ERROR - 2022-08-12 11:16:19 --> Error connecting to the database: User **** already has more than 'max_user_connections' active connections
CRITICAL - 2022-08-12 11:16:19 --> Unable to connect to the database.
Main connection [MySQLi]: User **** already has more than 'max_user_connections' active connections
#0 /home/a2r9jiz6dv0x/public_html/system/Database/BaseConnection.php(577): CodeIgniter\Database\BaseConnection->initialize()
#1 /home/a2r9jiz6dv0x/public_html/system/Database/BaseBuilder.php(1455): CodeIgniter\Database\BaseConnection->query('SELECT *\nFROM `...', Array, false)
#2 /home/a2r9jiz6dv0x/public_html/app/Models/CrudModel.php(121): CodeIgniter\Database\BaseBuilder->get()
#3 /home/a2r9jiz6dv0x/public_html/app/Libraries/MenuTree.php(42): App\Models\CrudModel->getAnyItems(Array)
#4 /home/a2r9jiz6dv0x/public_html/app/Controllers/Product.php(77): App\Libraries\MenuTree->get_categories()
#5 /home/a2r9jiz6dv0x/public_html/system/CodeIgniter.php(802): App\Controllers\Product->__construct()
#6 /home/a2r9jiz6dv0x/public_html/system/CodeIgniter.php(403): CodeIgniter\CodeIgniter->createController()
#7 /home/a2r9jiz6dv0x/public_html/system/CodeIgniter.php(320): CodeIgniter\CodeIgniter->handleRequest(NULL, Object(Config\Cache), false)
#8 /home/a2r9jiz6dv0x/public_html/index.php(37): CodeIgniter\CodeIgniter->run()
#9 {main}
ERROR - 2022-08-12 11:16:19 --> Error connecting to the database: User **** already has more than 'max_user_connections' active connections
CRITICAL - 2022-08-12 11:16:19 --> Unable to connect to the database.
Main connection [MySQLi]: User **** already has more than 'max_user_connections' active connections
#0 /home/a2r9jiz6dv0x/public_html/system/Database/BaseConnection.php(577): CodeIgniter\Database\BaseConnection->initialize()
#1 /home/a2r9jiz6dv0x/public_html/system/Database/BaseBuilder.php(1455): CodeIgniter\Database\BaseConnection->query('SELECT *\nFROM `...', Array, false)
#2 /home/a2r9jiz6dv0x/public_html/app/Models/CrudModel.php(121): CodeIgniter\Database\BaseBuilder->get()
#3 /home/a2r9jiz6dv0x/public_html/app/Libraries/MenuTree.php(42): App\Models\CrudModel->getAnyItems(Array)
#4 /home/a2r9jiz6dv0x/public_html/app/Controllers/Product.php(77): App\Libraries\MenuTree->get_categories()
#5 /home/a2r9jiz6dv0x/public_html/system/CodeIgniter.php(802): App\Controllers\Product->__construct()
#6 /home/a2r9jiz6dv0x/public_html/system/CodeIgniter.php(403): CodeIgniter\CodeIgniter->createController()
#7 /home/a2r9jiz6dv0x/public_html/system/CodeIgniter.php(320): CodeIgniter\CodeIgniter->handleRequest(NULL, Object(Config\Cache), false)
#8 /home/a2r9jiz6dv0x/public_html/index.php(37): CodeIgniter\CodeIgniter->run()
#9 {main}
ERROR - 2022-08-12 11:16:19 --> Error connecting to the database: User **** already has more than 'max_user_connections' active connections
CRITICAL - 2022-08-12 11:16:19 --> Unable to connect to the database.
Main connection [MySQLi]: User **** already has more than 'max_user_connections' active connections
#0 /home/a2r9jiz6dv0x/public_html/system/Database/BaseConnection.php(577): CodeIgniter\Database\BaseConnection->initialize()
#1 /home/a2r9jiz6dv0x/public_html/system/Database/BaseBuilder.php(1455): CodeIgniter\Database\BaseConnection->query('SELECT *\nFROM `...', Array, false)
#2 /home/a2r9jiz6dv0x/public_html/app/Models/CrudModel.php(121): CodeIgniter\Database\BaseBuilder->get()
#3 /home/a2r9jiz6dv0x/public_html/app/Libraries/MenuTree.php(42): App\Models\CrudModel->getAnyItems(Array)
#4 /home/a2r9jiz6dv0x/public_html/app/Controllers/Product.php(77): App\Libraries\MenuTree->get_categories()
#5 /home/a2r9jiz6dv0x/public_html/system/CodeIgniter.php(802): App\Controllers\Product->__construct()
#6 /home/a2r9jiz6dv0x/public_html/system/CodeIgniter.php(403): CodeIgniter\CodeIgniter->createController()
#7 /home/a2r9jiz6dv0x/public_html/system/CodeIgniter.php(320): CodeIgniter\CodeIgniter->handleRequest(NULL, Object(Config\Cache), false)
#8 /home/a2r9jiz6dv0x/public_html/index.php(37): CodeIgniter\CodeIgniter->run()
#9 {main}
ERROR - 2022-08-12 11:16:19 --> Error connecting to the database: User **** already has more than 'max_user_connections' active connections
CRITICAL - 2022-08-12 11:16:20 --> Unable to connect to the database.
Main connection [MySQLi]: User **** already has more than 'max_user_connections' active connections
#0 /home/a2r9jiz6dv0x/public_html/system/Database/BaseConnection.php(577): CodeIgniter\Database\BaseConnection->initialize()
#1 /home/a2r9jiz6dv0x/public_html/system/Database/BaseBuilder.php(1455): CodeIgniter\Database\BaseConnection->query('SELECT *\nFROM `...', Array, false)
#2 /home/a2r9jiz6dv0x/public_html/app/Models/CrudModel.php(121): CodeIgniter\Database\BaseBuilder->get()
#3 /home/a2r9jiz6dv0x/public_html/app/Libraries/MenuTree.php(42): App\Models\CrudModel->getAnyItems(Array)
#4 /home/a2r9jiz6dv0x/public_html/app/Controllers/Product.php(77): App\Libraries\MenuTree->get_categories()
#5 /home/a2r9jiz6dv0x/public_html/system/CodeIgniter.php(802): App\Controllers\Product->__construct()
#6 /home/a2r9jiz6dv0x/public_html/system/CodeIgniter.php(403): CodeIgniter\CodeIgniter->createController()
#7 /home/a2r9jiz6dv0x/public_html/system/CodeIgniter.php(320): CodeIgniter\CodeIgniter->handleRequest(NULL, Object(Config\Cache), false)
#8 /home/a2r9jiz6dv0x/public_html/index.php(37): CodeIgniter\CodeIgniter->run()
#9 {main}
