CRITICAL - 2022-04-25 17:25:11 --> Undefined index: product_id
#0 /home3/kronicke/public_html/veatfresh/app/Views/cart.php(182): CodeIgniter\Debug\Exceptions->errorHandler(8, 'Undefined index...', '/home3/kronicke...', 182, Array)
#1 /home3/kronicke/public_html/veatfresh/system/View/View.php(210): include('/home3/kronicke...')
#2 /home3/kronicke/public_html/veatfresh/system/View/View.php(213): CodeIgniter\View\View->CodeIgniter\View\{closure}()
#3 /home3/kronicke/public_html/veatfresh/system/Common.php(1089): CodeIgniter\View\View->render('cart', Array, true)
#4 /home3/kronicke/public_html/veatfresh/app/Helpers/render_helper.php(10): view('cart', Array, Array)
#5 /home3/kronicke/public_html/veatfresh/app/Controllers/Cart.php(118): render_frontend('cart', Array)
#6 /home3/kronicke/public_html/veatfresh/system/CodeIgniter.php(825): App\Controllers\Cart->index()
#7 /home3/kronicke/public_html/veatfresh/system/CodeIgniter.php(412): CodeIgniter\CodeIgniter->runController(Object(App\Controllers\Cart))
#8 /home3/kronicke/public_html/veatfresh/system/CodeIgniter.php(320): CodeIgniter\CodeIgniter->handleRequest(NULL, Object(Config\Cache), false)
#9 /home3/kronicke/public_html/veatfresh/index.php(37): CodeIgniter\CodeIgniter->run()
#10 {main}
CRITICAL - 2022-04-25 17:27:39 --> Trying to get property 'product_id' of non-object
#0 /home3/kronicke/public_html/veatfresh/app/Views/cart.php(182): CodeIgniter\Debug\Exceptions->errorHandler(8, 'Trying to get p...', '/home3/kronicke...', 182, Array)
#1 /home3/kronicke/public_html/veatfresh/system/View/View.php(210): include('/home3/kronicke...')
#2 /home3/kronicke/public_html/veatfresh/system/View/View.php(213): CodeIgniter\View\View->CodeIgniter\View\{closure}()
#3 /home3/kronicke/public_html/veatfresh/system/Common.php(1089): CodeIgniter\View\View->render('cart', Array, true)
#4 /home3/kronicke/public_html/veatfresh/app/Helpers/render_helper.php(10): view('cart', Array, Array)
#5 /home3/kronicke/public_html/veatfresh/app/Controllers/Cart.php(118): render_frontend('cart', Array)
#6 /home3/kronicke/public_html/veatfresh/system/CodeIgniter.php(825): App\Controllers\Cart->index()
#7 /home3/kronicke/public_html/veatfresh/system/CodeIgniter.php(412): CodeIgniter\CodeIgniter->runController(Object(App\Controllers\Cart))
#8 /home3/kronicke/public_html/veatfresh/system/CodeIgniter.php(320): CodeIgniter\CodeIgniter->handleRequest(NULL, Object(Config\Cache), false)
#9 /home3/kronicke/public_html/veatfresh/index.php(37): CodeIgniter\CodeIgniter->run()
#10 {main}
CRITICAL - 2022-04-25 20:37:00 --> Undefined index: user_cart_data
#0 /home3/kronicke/public_html/veatfresh/app/Controllers/AjaxController.php(152): CodeIgniter\Debug\Exceptions->errorHandler(8, 'Undefined index...', '/home3/kronicke...', 152, Array)
#1 /home3/kronicke/public_html/veatfresh/system/CodeIgniter.php(825): App\Controllers\AjaxController->add_to_cart()
#2 /home3/kronicke/public_html/veatfresh/system/CodeIgniter.php(412): CodeIgniter\CodeIgniter->runController(Object(App\Controllers\AjaxController))
#3 /home3/kronicke/public_html/veatfresh/system/CodeIgniter.php(320): CodeIgniter\CodeIgniter->handleRequest(NULL, Object(Config\Cache), false)
#4 /home3/kronicke/public_html/veatfresh/index.php(37): CodeIgniter\CodeIgniter->run()
#5 {main}
CRITICAL - 2022-04-25 21:02:28 --> syntax error, unexpected 'else' (T_ELSE)
#0 /home3/kronicke/public_html/veatfresh/system/Router/Router.php(175): CodeIgniter\Router\Router->autoRoute('AjaxController/...')
#1 /home3/kronicke/public_html/veatfresh/system/CodeIgniter.php(719): CodeIgniter\Router\Router->handle('AjaxController/...')
#2 /home3/kronicke/public_html/veatfresh/system/CodeIgniter.php(361): CodeIgniter\CodeIgniter->tryToRouteIt(Object(CodeIgniter\Router\RouteCollection))
#3 /home3/kronicke/public_html/veatfresh/system/CodeIgniter.php(320): CodeIgniter\CodeIgniter->handleRequest(NULL, Object(Config\Cache), false)
#4 /home3/kronicke/public_html/veatfresh/index.php(37): CodeIgniter\CodeIgniter->run()
#5 {main}
