ERROR - 2024-02-19 19:15:52 --> Error connecting to the database: Too many connections
CRITICAL - 2024-02-19 19:15:52 --> Unable to connect to the database.
Main connection [MySQLi]: Too many connections
#0 /home/a2r9jiz6dv0x/public_html/system/Database/BaseConnection.php(577): CodeIgniter\Database\BaseConnection->initialize()
#1 /home/a2r9jiz6dv0x/public_html/system/Database/BaseBuilder.php(1455): CodeIgniter\Database\BaseConnection->query('SELECT *\nFROM `...', Array, false)
#2 /home/a2r9jiz6dv0x/public_html/app/Models/CrudModel.php(121): CodeIgniter\Database\BaseBuilder->get()
#3 /home/a2r9jiz6dv0x/public_html/app/Libraries/MenuTree.php(42): App\Models\CrudModel->getAnyItems(Array)
#4 /home/a2r9jiz6dv0x/public_html/app/Controllers/Home.php(49): App\Libraries\MenuTree->get_categories()
#5 /home/a2r9jiz6dv0x/public_html/system/CodeIgniter.php(802): App\Controllers\Home->__construct()
#6 /home/a2r9jiz6dv0x/public_html/system/CodeIgniter.php(403): CodeIgniter\CodeIgniter->createController()
#7 /home/a2r9jiz6dv0x/public_html/system/CodeIgniter.php(320): CodeIgniter\CodeIgniter->handleRequest(NULL, Object(Config\Cache), false)
#8 /home/a2r9jiz6dv0x/public_html/index.php(37): CodeIgniter\CodeIgniter->run()
#9 {main}
ERROR - 2024-02-19 19:15:56 --> Error connecting to the database: Too many connections
CRITICAL - 2024-02-19 19:15:56 --> Unable to connect to the database.
Main connection [MySQLi]: Too many connections
#0 /home/a2r9jiz6dv0x/public_html/system/Database/BaseConnection.php(577): CodeIgniter\Database\BaseConnection->initialize()
#1 /home/a2r9jiz6dv0x/public_html/system/Database/BaseBuilder.php(1455): CodeIgniter\Database\BaseConnection->query('SELECT *\nFROM `...', Array, false)
#2 /home/a2r9jiz6dv0x/public_html/app/Models/CrudModel.php(121): CodeIgniter\Database\BaseBuilder->get()
#3 /home/a2r9jiz6dv0x/public_html/app/Libraries/MenuTree.php(42): App\Models\CrudModel->getAnyItems(Array)
#4 /home/a2r9jiz6dv0x/public_html/app/Controllers/Home.php(49): App\Libraries\MenuTree->get_categories()
#5 /home/a2r9jiz6dv0x/public_html/system/CodeIgniter.php(802): App\Controllers\Home->__construct()
#6 /home/a2r9jiz6dv0x/public_html/system/CodeIgniter.php(403): CodeIgniter\CodeIgniter->createController()
#7 /home/a2r9jiz6dv0x/public_html/system/CodeIgniter.php(320): CodeIgniter\CodeIgniter->handleRequest(NULL, Object(Config\Cache), false)
#8 /home/a2r9jiz6dv0x/public_html/index.php(37): CodeIgniter\CodeIgniter->run()
#9 {main}
ERROR - 2024-02-19 19:16:01 --> Error connecting to the database: Too many connections
CRITICAL - 2024-02-19 19:16:01 --> Unable to connect to the database.
Main connection [MySQLi]: Too many connections
#0 /home/a2r9jiz6dv0x/public_html/system/Database/BaseConnection.php(577): CodeIgniter\Database\BaseConnection->initialize()
#1 /home/a2r9jiz6dv0x/public_html/system/Database/BaseBuilder.php(1455): CodeIgniter\Database\BaseConnection->query('SELECT *\nFROM `...', Array, false)
#2 /home/a2r9jiz6dv0x/public_html/app/Models/CrudModel.php(121): CodeIgniter\Database\BaseBuilder->get()
#3 /home/a2r9jiz6dv0x/public_html/app/Libraries/MenuTree.php(42): App\Models\CrudModel->getAnyItems(Array)
#4 /home/a2r9jiz6dv0x/public_html/app/Controllers/Product.php(77): App\Libraries\MenuTree->get_categories()
#5 /home/a2r9jiz6dv0x/public_html/system/CodeIgniter.php(802): App\Controllers\Product->__construct()
#6 /home/a2r9jiz6dv0x/public_html/system/CodeIgniter.php(403): CodeIgniter\CodeIgniter->createController()
#7 /home/a2r9jiz6dv0x/public_html/system/CodeIgniter.php(320): CodeIgniter\CodeIgniter->handleRequest(NULL, Object(Config\Cache), false)
#8 /home/a2r9jiz6dv0x/public_html/index.php(37): CodeIgniter\CodeIgniter->run()
#9 {main}
ERROR - 2024-02-19 19:16:13 --> Error connecting to the database: Too many connections
CRITICAL - 2024-02-19 19:16:13 --> Unable to connect to the database.
Main connection [MySQLi]: Too many connections
#0 /home/a2r9jiz6dv0x/public_html/system/Database/BaseConnection.php(577): CodeIgniter\Database\BaseConnection->initialize()
#1 /home/a2r9jiz6dv0x/public_html/system/Database/BaseBuilder.php(1455): CodeIgniter\Database\BaseConnection->query('SELECT *\nFROM `...', Array, false)
#2 /home/a2r9jiz6dv0x/public_html/app/Models/CrudModel.php(121): CodeIgniter\Database\BaseBuilder->get()
#3 /home/a2r9jiz6dv0x/public_html/app/Libraries/MenuTree.php(42): App\Models\CrudModel->getAnyItems(Array)
#4 /home/a2r9jiz6dv0x/public_html/app/Controllers/Home.php(49): App\Libraries\MenuTree->get_categories()
#5 /home/a2r9jiz6dv0x/public_html/system/CodeIgniter.php(802): App\Controllers\Home->__construct()
#6 /home/a2r9jiz6dv0x/public_html/system/CodeIgniter.php(403): CodeIgniter\CodeIgniter->createController()
#7 /home/a2r9jiz6dv0x/public_html/system/CodeIgniter.php(320): CodeIgniter\CodeIgniter->handleRequest(NULL, Object(Config\Cache), false)
#8 /home/a2r9jiz6dv0x/public_html/index.php(37): CodeIgniter\CodeIgniter->run()
#9 {main}
ERROR - 2024-02-19 19:16:18 --> Error connecting to the database: Too many connections
CRITICAL - 2024-02-19 19:16:18 --> Unable to connect to the database.
Main connection [MySQLi]: Too many connections
#0 /home/a2r9jiz6dv0x/public_html/system/Database/BaseConnection.php(577): CodeIgniter\Database\BaseConnection->initialize()
#1 /home/a2r9jiz6dv0x/public_html/system/Database/BaseBuilder.php(1455): CodeIgniter\Database\BaseConnection->query('SELECT *\nFROM `...', Array, false)
#2 /home/a2r9jiz6dv0x/public_html/app/Models/CrudModel.php(121): CodeIgniter\Database\BaseBuilder->get()
#3 /home/a2r9jiz6dv0x/public_html/app/Libraries/MenuTree.php(42): App\Models\CrudModel->getAnyItems(Array)
#4 /home/a2r9jiz6dv0x/public_html/app/Controllers/Home.php(49): App\Libraries\MenuTree->get_categories()
#5 /home/a2r9jiz6dv0x/public_html/system/CodeIgniter.php(802): App\Controllers\Home->__construct()
#6 /home/a2r9jiz6dv0x/public_html/system/CodeIgniter.php(403): CodeIgniter\CodeIgniter->createController()
#7 /home/a2r9jiz6dv0x/public_html/system/CodeIgniter.php(320): CodeIgniter\CodeIgniter->handleRequest(NULL, Object(Config\Cache), false)
#8 /home/a2r9jiz6dv0x/public_html/index.php(37): CodeIgniter\CodeIgniter->run()
#9 {main}
ERROR - 2024-02-19 19:16:28 --> Error connecting to the database: Too many connections
CRITICAL - 2024-02-19 19:16:28 --> Unable to connect to the database.
Main connection [MySQLi]: Too many connections
#0 /home/a2r9jiz6dv0x/public_html/system/Database/BaseConnection.php(577): CodeIgniter\Database\BaseConnection->initialize()
#1 /home/a2r9jiz6dv0x/public_html/system/Database/BaseBuilder.php(1455): CodeIgniter\Database\BaseConnection->query('SELECT *\nFROM `...', Array, false)
#2 /home/a2r9jiz6dv0x/public_html/app/Models/CrudModel.php(121): CodeIgniter\Database\BaseBuilder->get()
#3 /home/a2r9jiz6dv0x/public_html/app/Libraries/MenuTree.php(42): App\Models\CrudModel->getAnyItems(Array)
#4 /home/a2r9jiz6dv0x/public_html/app/Controllers/Home.php(49): App\Libraries\MenuTree->get_categories()
#5 /home/a2r9jiz6dv0x/public_html/system/CodeIgniter.php(802): App\Controllers\Home->__construct()
#6 /home/a2r9jiz6dv0x/public_html/system/CodeIgniter.php(403): CodeIgniter\CodeIgniter->createController()
#7 /home/a2r9jiz6dv0x/public_html/system/CodeIgniter.php(320): CodeIgniter\CodeIgniter->handleRequest(NULL, Object(Config\Cache), false)
#8 /home/a2r9jiz6dv0x/public_html/index.php(37): CodeIgniter\CodeIgniter->run()
#9 {main}
ERROR - 2024-02-19 19:16:28 --> Error connecting to the database: Too many connections
CRITICAL - 2024-02-19 19:16:28 --> Unable to connect to the database.
Main connection [MySQLi]: Too many connections
#0 /home/a2r9jiz6dv0x/public_html/system/Database/BaseConnection.php(577): CodeIgniter\Database\BaseConnection->initialize()
#1 /home/a2r9jiz6dv0x/public_html/system/Database/BaseBuilder.php(1455): CodeIgniter\Database\BaseConnection->query('SELECT *\nFROM `...', Array, false)
#2 /home/a2r9jiz6dv0x/public_html/app/Models/CrudModel.php(121): CodeIgniter\Database\BaseBuilder->get()
#3 /home/a2r9jiz6dv0x/public_html/app/Libraries/MenuTree.php(42): App\Models\CrudModel->getAnyItems(Array)
#4 /home/a2r9jiz6dv0x/public_html/app/Controllers/Home.php(49): App\Libraries\MenuTree->get_categories()
#5 /home/a2r9jiz6dv0x/public_html/system/CodeIgniter.php(802): App\Controllers\Home->__construct()
#6 /home/a2r9jiz6dv0x/public_html/system/CodeIgniter.php(403): CodeIgniter\CodeIgniter->createController()
#7 /home/a2r9jiz6dv0x/public_html/system/CodeIgniter.php(320): CodeIgniter\CodeIgniter->handleRequest(NULL, Object(Config\Cache), false)
#8 /home/a2r9jiz6dv0x/public_html/index.php(37): CodeIgniter\CodeIgniter->run()
#9 {main}
