CRITICAL - 2022-04-24 19:37:33 --> Call to undefined method CodeIgniter\Session\Session::adminData()
#0 /home3/kronicke/public_html/veatfresh/system/CodeIgniter.php(825): App\Controllers\AjaxController->add_to_cart()
#1 /home3/kronicke/public_html/veatfresh/system/CodeIgniter.php(412): CodeIgniter\CodeIgniter->runController(Object(App\Controllers\AjaxController))
#2 /home3/kronicke/public_html/veatfresh/system/CodeIgniter.php(320): CodeIgniter\CodeIgniter->handleRequest(NULL, Object(Config\Cache), false)
#3 /home3/kronicke/public_html/veatfresh/index.php(37): CodeIgniter\CodeIgniter->run()
#4 {main}
CRITICAL - 2022-04-24 19:38:03 --> array_push() expects parameter 1 to be array, null given
#0 [internal function]: CodeIgniter\Debug\Exceptions->errorHandler(2, 'array_push() ex...', '/home3/kronicke...', 150, Array)
#1 /home3/kronicke/public_html/veatfresh/app/Controllers/AjaxController.php(150): array_push(NULL, Array)
#2 /home3/kronicke/public_html/veatfresh/system/CodeIgniter.php(825): App\Controllers\AjaxController->add_to_cart()
#3 /home3/kronicke/public_html/veatfresh/system/CodeIgniter.php(412): CodeIgniter\CodeIgniter->runController(Object(App\Controllers\AjaxController))
#4 /home3/kronicke/public_html/veatfresh/system/CodeIgniter.php(320): CodeIgniter\CodeIgniter->handleRequest(NULL, Object(Config\Cache), false)
#5 /home3/kronicke/public_html/veatfresh/index.php(37): CodeIgniter\CodeIgniter->run()
#6 {main}
CRITICAL - 2022-04-24 19:38:45 --> array_push() expects parameter 1 to be array, null given
#0 [internal function]: CodeIgniter\Debug\Exceptions->errorHandler(2, 'array_push() ex...', '/home3/kronicke...', 150, Array)
#1 /home3/kronicke/public_html/veatfresh/app/Controllers/AjaxController.php(150): array_push(NULL, Array)
#2 /home3/kronicke/public_html/veatfresh/system/CodeIgniter.php(825): App\Controllers\AjaxController->add_to_cart()
#3 /home3/kronicke/public_html/veatfresh/system/CodeIgniter.php(412): CodeIgniter\CodeIgniter->runController(Object(App\Controllers\AjaxController))
#4 /home3/kronicke/public_html/veatfresh/system/CodeIgniter.php(320): CodeIgniter\CodeIgniter->handleRequest(NULL, Object(Config\Cache), false)
#5 /home3/kronicke/public_html/veatfresh/index.php(37): CodeIgniter\CodeIgniter->run()
#6 {main}
