ERROR - 2024-12-21 22:06:37 --> MySQL server has gone away
CRITICAL - 2024-12-21 22:06:37 --> Call to a member function getResult() on bool
#0 D:\xamppnew\htdocs\projects\veat\app\Libraries\MenuTree.php(33): App\Models\CrudModel->getAnyItems(Array)
#1 D:\xamppnew\htdocs\projects\veat\app\Controllers\Home.php(50): App\Libraries\MenuTree->get_cities()
#2 D:\xamppnew\htdocs\projects\veat\system\CodeIgniter.php(802): App\Controllers\Home->__construct()
#3 D:\xamppnew\htdocs\projects\veat\system\CodeIgniter.php(403): CodeIgniter\CodeIgniter->createController()
#4 D:\xamppnew\htdocs\projects\veat\system\CodeIgniter.php(320): CodeIgniter\CodeIgniter->handleRequest(NULL, Object(Config\Cache), false)
#5 D:\xamppnew\htdocs\projects\veat\index.php(37): CodeIgniter\CodeIgniter->run()
#6 {main}
ERROR - 2024-12-21 22:08:57 --> Error connecting to the database: No connection could be made because the target machine actively refused it
CRITICAL - 2024-12-21 22:08:57 --> Unable to connect to the database.
Main connection [MySQLi]: No connection could be made because the target machine actively refused it
#0 D:\xamppnew\htdocs\projects\veat\system\Database\BaseConnection.php(577): CodeIgniter\Database\BaseConnection->initialize()
#1 D:\xamppnew\htdocs\projects\veat\system\Database\BaseBuilder.php(1455): CodeIgniter\Database\BaseConnection->query('SELECT *\nFROM `...', Array, false)
#2 D:\xamppnew\htdocs\projects\veat\app\Models\CrudModel.php(121): CodeIgniter\Database\BaseBuilder->get()
#3 D:\xamppnew\htdocs\projects\veat\app\Libraries\MenuTree.php(42): App\Models\CrudModel->getAnyItems(Array)
#4 D:\xamppnew\htdocs\projects\veat\app\Controllers\Home.php(49): App\Libraries\MenuTree->get_categories()
#5 D:\xamppnew\htdocs\projects\veat\system\CodeIgniter.php(802): App\Controllers\Home->__construct()
#6 D:\xamppnew\htdocs\projects\veat\system\CodeIgniter.php(403): CodeIgniter\CodeIgniter->createController()
#7 D:\xamppnew\htdocs\projects\veat\system\CodeIgniter.php(320): CodeIgniter\CodeIgniter->handleRequest(NULL, Object(Config\Cache), false)
#8 D:\xamppnew\htdocs\projects\veat\index.php(37): CodeIgniter\CodeIgniter->run()
#9 {main}
ERROR - 2024-12-21 22:09:55 --> Error connecting to the database: No connection could be made because the target machine actively refused it
CRITICAL - 2024-12-21 22:09:55 --> Unable to connect to the database.
Main connection [MySQLi]: No connection could be made because the target machine actively refused it
#0 D:\xamppnew\htdocs\projects\veat\system\Database\BaseConnection.php(577): CodeIgniter\Database\BaseConnection->initialize()
#1 D:\xamppnew\htdocs\projects\veat\system\Database\BaseBuilder.php(1455): CodeIgniter\Database\BaseConnection->query('SELECT *\nFROM `...', Array, false)
#2 D:\xamppnew\htdocs\projects\veat\app\Models\CrudModel.php(121): CodeIgniter\Database\BaseBuilder->get()
#3 D:\xamppnew\htdocs\projects\veat\app\Libraries\MenuTree.php(42): App\Models\CrudModel->getAnyItems(Array)
#4 D:\xamppnew\htdocs\projects\veat\app\Controllers\Home.php(49): App\Libraries\MenuTree->get_categories()
#5 D:\xamppnew\htdocs\projects\veat\system\CodeIgniter.php(802): App\Controllers\Home->__construct()
#6 D:\xamppnew\htdocs\projects\veat\system\CodeIgniter.php(403): CodeIgniter\CodeIgniter->createController()
#7 D:\xamppnew\htdocs\projects\veat\system\CodeIgniter.php(320): CodeIgniter\CodeIgniter->handleRequest(NULL, Object(Config\Cache), false)
#8 D:\xamppnew\htdocs\projects\veat\index.php(37): CodeIgniter\CodeIgniter->run()
#9 {main}
ERROR - 2024-12-21 22:10:51 --> Error connecting to the database: No connection could be made because the target machine actively refused it
CRITICAL - 2024-12-21 22:10:51 --> Unable to connect to the database.
Main connection [MySQLi]: No connection could be made because the target machine actively refused it
#0 D:\xamppnew\htdocs\projects\veat\system\Database\BaseConnection.php(577): CodeIgniter\Database\BaseConnection->initialize()
#1 D:\xamppnew\htdocs\projects\veat\system\Database\BaseBuilder.php(1455): CodeIgniter\Database\BaseConnection->query('SELECT *\nFROM `...', Array, false)
#2 D:\xamppnew\htdocs\projects\veat\app\Models\CrudModel.php(121): CodeIgniter\Database\BaseBuilder->get()
#3 D:\xamppnew\htdocs\projects\veat\app\Libraries\MenuTree.php(42): App\Models\CrudModel->getAnyItems(Array)
#4 D:\xamppnew\htdocs\projects\veat\app\Controllers\Home.php(49): App\Libraries\MenuTree->get_categories()
#5 D:\xamppnew\htdocs\projects\veat\system\CodeIgniter.php(802): App\Controllers\Home->__construct()
#6 D:\xamppnew\htdocs\projects\veat\system\CodeIgniter.php(403): CodeIgniter\CodeIgniter->createController()
#7 D:\xamppnew\htdocs\projects\veat\system\CodeIgniter.php(320): CodeIgniter\CodeIgniter->handleRequest(NULL, Object(Config\Cache), false)
#8 D:\xamppnew\htdocs\projects\veat\index.php(37): CodeIgniter\CodeIgniter->run()
#9 {main}
CRITICAL - 2024-12-21 19:05:06 --> The framework needs the following extension(s) installed and loaded: intl.
#0 D:\xampp\htdocs\veatfresh\system\CodeIgniter.php(219): CodeIgniter\Exceptions\FrameworkException::forMissingExtension('intl')
#1 D:\xampp\htdocs\veatfresh\system\CodeIgniter.php(177): CodeIgniter\CodeIgniter->resolvePlatformExtensions()
#2 D:\xampp\htdocs\veatfresh\system\bootstrap.php(146): CodeIgniter\CodeIgniter->initialize()
#3 D:\xampp\htdocs\veatfresh\index.php(28): require('D:\\xampp\\htdocs...')
#4 {main}
CRITICAL - 2024-12-21 19:06:56 --> The framework needs the following extension(s) installed and loaded: intl.
#0 D:\xampp\htdocs\veatfresh\system\CodeIgniter.php(219): CodeIgniter\Exceptions\FrameworkException::forMissingExtension('intl')
#1 D:\xampp\htdocs\veatfresh\system\CodeIgniter.php(177): CodeIgniter\CodeIgniter->resolvePlatformExtensions()
#2 D:\xampp\htdocs\veatfresh\system\bootstrap.php(146): CodeIgniter\CodeIgniter->initialize()
#3 D:\xampp\htdocs\veatfresh\spark(45): require('D:\\xampp\\htdocs...')
#4 {main}
ERROR - 2024-12-21 23:41:45 --> Error connecting to the database: Unknown database 'veatfresh'
CRITICAL - 2024-12-21 23:41:45 --> Unable to connect to the database.
Main connection [MySQLi]: Unknown database 'veatfresh'
#0 D:\xampp\htdocs\veatfresh\system\Database\BaseConnection.php(577): CodeIgniter\Database\BaseConnection->initialize()
#1 D:\xampp\htdocs\veatfresh\system\Database\BaseBuilder.php(1455): CodeIgniter\Database\BaseConnection->query('SELECT *\nFROM `...', Array, false)
#2 D:\xampp\htdocs\veatfresh\app\Models\CrudModel.php(121): CodeIgniter\Database\BaseBuilder->get()
#3 D:\xampp\htdocs\veatfresh\app\Libraries\MenuTree.php(42): App\Models\CrudModel->getAnyItems(Array)
#4 D:\xampp\htdocs\veatfresh\app\Controllers\Home.php(49): App\Libraries\MenuTree->get_categories()
#5 D:\xampp\htdocs\veatfresh\system\CodeIgniter.php(802): App\Controllers\Home->__construct()
#6 D:\xampp\htdocs\veatfresh\system\CodeIgniter.php(403): CodeIgniter\CodeIgniter->createController()
#7 D:\xampp\htdocs\veatfresh\system\CodeIgniter.php(320): CodeIgniter\CodeIgniter->handleRequest(NULL, Object(Config\Cache), false)
#8 D:\xampp\htdocs\veatfresh\public\index.php(37): CodeIgniter\CodeIgniter->run()
#9 D:\xampp\htdocs\veatfresh\system\Commands\Server\rewrite.php(43): require_once('D:\\xampp\\htdocs...')
#10 {main}
CRITICAL - 2024-12-21 23:55:16 --> Undefined array key 0
#0 D:\xampp\htdocs\veatfresh\app\Controllers\Product.php(119): CodeIgniter\Debug\Exceptions->errorHandler(2, 'Undefined array...', 'D:\\xampp\\htdocs...', 119)
#1 D:\xampp\htdocs\veatfresh\system\CodeIgniter.php(825): App\Controllers\Product->product_detail('assets', 'imgs', 'shop', 'product-16-2.jp...')
#2 D:\xampp\htdocs\veatfresh\system\CodeIgniter.php(412): CodeIgniter\CodeIgniter->runController(Object(App\Controllers\Product))
#3 D:\xampp\htdocs\veatfresh\system\CodeIgniter.php(320): CodeIgniter\CodeIgniter->handleRequest(NULL, Object(Config\Cache), false)
#4 D:\xampp\htdocs\veatfresh\index.php(37): CodeIgniter\CodeIgniter->run()
#5 {main}
CRITICAL - 2024-12-21 23:55:16 --> Undefined array key 0
#0 D:\xampp\htdocs\veatfresh\app\Controllers\Product.php(119): CodeIgniter\Debug\Exceptions->errorHandler(2, 'Undefined array...', 'D:\\xampp\\htdocs...', 119)
#1 D:\xampp\htdocs\veatfresh\system\CodeIgniter.php(825): App\Controllers\Product->product_detail('assets', 'imgs', 'shop', 'product-16-3.jp...')
#2 D:\xampp\htdocs\veatfresh\system\CodeIgniter.php(412): CodeIgniter\CodeIgniter->runController(Object(App\Controllers\Product))
#3 D:\xampp\htdocs\veatfresh\system\CodeIgniter.php(320): CodeIgniter\CodeIgniter->handleRequest(NULL, Object(Config\Cache), false)
#4 D:\xampp\htdocs\veatfresh\index.php(37): CodeIgniter\CodeIgniter->run()
#5 {main}
CRITICAL - 2024-12-21 23:55:16 --> Undefined array key 0
#0 D:\xampp\htdocs\veatfresh\app\Controllers\Product.php(119): CodeIgniter\Debug\Exceptions->errorHandler(2, 'Undefined array...', 'D:\\xampp\\htdocs...', 119)
#1 D:\xampp\htdocs\veatfresh\system\CodeIgniter.php(825): App\Controllers\Product->product_detail('assets', 'imgs', 'shop', 'product-16-1.jp...')
#2 D:\xampp\htdocs\veatfresh\system\CodeIgniter.php(412): CodeIgniter\CodeIgniter->runController(Object(App\Controllers\Product))
#3 D:\xampp\htdocs\veatfresh\system\CodeIgniter.php(320): CodeIgniter\CodeIgniter->handleRequest(NULL, Object(Config\Cache), false)
#4 D:\xampp\htdocs\veatfresh\index.php(37): CodeIgniter\CodeIgniter->run()
#5 {main}
CRITICAL - 2024-12-21 23:55:16 --> Undefined array key 0
#0 D:\xampp\htdocs\veatfresh\app\Controllers\Product.php(119): CodeIgniter\Debug\Exceptions->errorHandler(2, 'Undefined array...', 'D:\\xampp\\htdocs...', 119)
#1 D:\xampp\htdocs\veatfresh\system\CodeIgniter.php(825): App\Controllers\Product->product_detail('assets', 'imgs', 'shop', 'product-16-4.jp...')
#2 D:\xampp\htdocs\veatfresh\system\CodeIgniter.php(412): CodeIgniter\CodeIgniter->runController(Object(App\Controllers\Product))
#3 D:\xampp\htdocs\veatfresh\system\CodeIgniter.php(320): CodeIgniter\CodeIgniter->handleRequest(NULL, Object(Config\Cache), false)
#4 D:\xampp\htdocs\veatfresh\index.php(37): CodeIgniter\CodeIgniter->run()
#5 {main}
CRITICAL - 2024-12-21 23:55:16 --> Undefined array key 0
#0 D:\xampp\htdocs\veatfresh\app\Controllers\Product.php(119): CodeIgniter\Debug\Exceptions->errorHandler(2, 'Undefined array...', 'D:\\xampp\\htdocs...', 119)
#1 D:\xampp\htdocs\veatfresh\system\CodeIgniter.php(825): App\Controllers\Product->product_detail('assets', 'imgs', 'shop', 'product-16-5.jp...')
#2 D:\xampp\htdocs\veatfresh\system\CodeIgniter.php(412): CodeIgniter\CodeIgniter->runController(Object(App\Controllers\Product))
#3 D:\xampp\htdocs\veatfresh\system\CodeIgniter.php(320): CodeIgniter\CodeIgniter->handleRequest(NULL, Object(Config\Cache), false)
#4 D:\xampp\htdocs\veatfresh\index.php(37): CodeIgniter\CodeIgniter->run()
#5 {main}
CRITICAL - 2024-12-21 23:55:16 --> Undefined array key 0
#0 D:\xampp\htdocs\veatfresh\app\Controllers\Product.php(119): CodeIgniter\Debug\Exceptions->errorHandler(2, 'Undefined array...', 'D:\\xampp\\htdocs...', 119)
#1 D:\xampp\htdocs\veatfresh\system\CodeIgniter.php(825): App\Controllers\Product->product_detail('assets', 'imgs', 'shop', 'thumbnail-3.jpg')
#2 D:\xampp\htdocs\veatfresh\system\CodeIgniter.php(412): CodeIgniter\CodeIgniter->runController(Object(App\Controllers\Product))
#3 D:\xampp\htdocs\veatfresh\system\CodeIgniter.php(320): CodeIgniter\CodeIgniter->handleRequest(NULL, Object(Config\Cache), false)
#4 D:\xampp\htdocs\veatfresh\index.php(37): CodeIgniter\CodeIgniter->run()
#5 {main}
CRITICAL - 2024-12-21 23:55:16 --> Undefined array key 0
#0 D:\xampp\htdocs\veatfresh\app\Controllers\Product.php(119): CodeIgniter\Debug\Exceptions->errorHandler(2, 'Undefined array...', 'D:\\xampp\\htdocs...', 119)
#1 D:\xampp\htdocs\veatfresh\system\CodeIgniter.php(825): App\Controllers\Product->product_detail('assets', 'imgs', 'shop', 'product-16-7.jp...')
#2 D:\xampp\htdocs\veatfresh\system\CodeIgniter.php(412): CodeIgniter\CodeIgniter->runController(Object(App\Controllers\Product))
#3 D:\xampp\htdocs\veatfresh\system\CodeIgniter.php(320): CodeIgniter\CodeIgniter->handleRequest(NULL, Object(Config\Cache), false)
#4 D:\xampp\htdocs\veatfresh\index.php(37): CodeIgniter\CodeIgniter->run()
#5 {main}
CRITICAL - 2024-12-21 23:55:16 --> Undefined array key 0
#0 D:\xampp\htdocs\veatfresh\app\Controllers\Product.php(119): CodeIgniter\Debug\Exceptions->errorHandler(2, 'Undefined array...', 'D:\\xampp\\htdocs...', 119)
#1 D:\xampp\htdocs\veatfresh\system\CodeIgniter.php(825): App\Controllers\Product->product_detail('assets', 'imgs', 'shop', 'product-16-6.jp...')
#2 D:\xampp\htdocs\veatfresh\system\CodeIgniter.php(412): CodeIgniter\CodeIgniter->runController(Object(App\Controllers\Product))
#3 D:\xampp\htdocs\veatfresh\system\CodeIgniter.php(320): CodeIgniter\CodeIgniter->handleRequest(NULL, Object(Config\Cache), false)
#4 D:\xampp\htdocs\veatfresh\index.php(37): CodeIgniter\CodeIgniter->run()
#5 {main}
CRITICAL - 2024-12-21 23:55:16 --> Undefined array key 0
#0 D:\xampp\htdocs\veatfresh\app\Controllers\Product.php(119): CodeIgniter\Debug\Exceptions->errorHandler(2, 'Undefined array...', 'D:\\xampp\\htdocs...', 119)
#1 D:\xampp\htdocs\veatfresh\system\CodeIgniter.php(825): App\Controllers\Product->product_detail('assets', 'imgs', 'shop', 'thumbnail-4.jpg')
#2 D:\xampp\htdocs\veatfresh\system\CodeIgniter.php(412): CodeIgniter\CodeIgniter->runController(Object(App\Controllers\Product))
#3 D:\xampp\htdocs\veatfresh\system\CodeIgniter.php(320): CodeIgniter\CodeIgniter->handleRequest(NULL, Object(Config\Cache), false)
#4 D:\xampp\htdocs\veatfresh\index.php(37): CodeIgniter\CodeIgniter->run()
#5 {main}
CRITICAL - 2024-12-21 23:55:16 --> Undefined array key 0
#0 D:\xampp\htdocs\veatfresh\app\Controllers\Product.php(119): CodeIgniter\Debug\Exceptions->errorHandler(2, 'Undefined array...', 'D:\\xampp\\htdocs...', 119)
#1 D:\xampp\htdocs\veatfresh\system\CodeIgniter.php(825): App\Controllers\Product->product_detail('assets', 'imgs', 'shop', 'thumbnail-5.jpg')
#2 D:\xampp\htdocs\veatfresh\system\CodeIgniter.php(412): CodeIgniter\CodeIgniter->runController(Object(App\Controllers\Product))
#3 D:\xampp\htdocs\veatfresh\system\CodeIgniter.php(320): CodeIgniter\CodeIgniter->handleRequest(NULL, Object(Config\Cache), false)
#4 D:\xampp\htdocs\veatfresh\index.php(37): CodeIgniter\CodeIgniter->run()
#5 {main}
CRITICAL - 2024-12-21 23:55:16 --> Undefined array key 0
#0 D:\xampp\htdocs\veatfresh\app\Controllers\Product.php(119): CodeIgniter\Debug\Exceptions->errorHandler(2, 'Undefined array...', 'D:\\xampp\\htdocs...', 119)
#1 D:\xampp\htdocs\veatfresh\system\CodeIgniter.php(825): App\Controllers\Product->product_detail('assets', 'imgs', 'shop', 'thumbnail-6.jpg')
#2 D:\xampp\htdocs\veatfresh\system\CodeIgniter.php(412): CodeIgniter\CodeIgniter->runController(Object(App\Controllers\Product))
#3 D:\xampp\htdocs\veatfresh\system\CodeIgniter.php(320): CodeIgniter\CodeIgniter->handleRequest(NULL, Object(Config\Cache), false)
#4 D:\xampp\htdocs\veatfresh\index.php(37): CodeIgniter\CodeIgniter->run()
#5 {main}
CRITICAL - 2024-12-21 23:55:16 --> Undefined array key 0
#0 D:\xampp\htdocs\veatfresh\app\Controllers\Product.php(119): CodeIgniter\Debug\Exceptions->errorHandler(2, 'Undefined array...', 'D:\\xampp\\htdocs...', 119)
#1 D:\xampp\htdocs\veatfresh\system\CodeIgniter.php(825): App\Controllers\Product->product_detail('assets', 'imgs', 'shop', 'thumbnail-7.jpg')
#2 D:\xampp\htdocs\veatfresh\system\CodeIgniter.php(412): CodeIgniter\CodeIgniter->runController(Object(App\Controllers\Product))
#3 D:\xampp\htdocs\veatfresh\system\CodeIgniter.php(320): CodeIgniter\CodeIgniter->handleRequest(NULL, Object(Config\Cache), false)
#4 D:\xampp\htdocs\veatfresh\index.php(37): CodeIgniter\CodeIgniter->run()
#5 {main}
CRITICAL - 2024-12-21 23:55:16 --> Undefined array key 0
#0 D:\xampp\htdocs\veatfresh\app\Controllers\Product.php(119): CodeIgniter\Debug\Exceptions->errorHandler(2, 'Undefined array...', 'D:\\xampp\\htdocs...', 119)
#1 D:\xampp\htdocs\veatfresh\system\CodeIgniter.php(825): App\Controllers\Product->product_detail('assets', 'imgs', 'shop', 'thumbnail-8.jpg')
#2 D:\xampp\htdocs\veatfresh\system\CodeIgniter.php(412): CodeIgniter\CodeIgniter->runController(Object(App\Controllers\Product))
#3 D:\xampp\htdocs\veatfresh\system\CodeIgniter.php(320): CodeIgniter\CodeIgniter->handleRequest(NULL, Object(Config\Cache), false)
#4 D:\xampp\htdocs\veatfresh\index.php(37): CodeIgniter\CodeIgniter->run()
#5 {main}
CRITICAL - 2024-12-21 23:55:16 --> Undefined array key 0
#0 D:\xampp\htdocs\veatfresh\app\Controllers\Product.php(119): CodeIgniter\Debug\Exceptions->errorHandler(2, 'Undefined array...', 'D:\\xampp\\htdocs...', 119)
#1 D:\xampp\htdocs\veatfresh\system\CodeIgniter.php(825): App\Controllers\Product->product_detail('assets', 'imgs', 'shop', 'thumbnail-9.jpg')
#2 D:\xampp\htdocs\veatfresh\system\CodeIgniter.php(412): CodeIgniter\CodeIgniter->runController(Object(App\Controllers\Product))
#3 D:\xampp\htdocs\veatfresh\system\CodeIgniter.php(320): CodeIgniter\CodeIgniter->handleRequest(NULL, Object(Config\Cache), false)
#4 D:\xampp\htdocs\veatfresh\index.php(37): CodeIgniter\CodeIgniter->run()
#5 {main}
CRITICAL - 2024-12-21 23:55:17 --> Undefined array key 0
#0 D:\xampp\htdocs\veatfresh\app\Controllers\Product.php(119): CodeIgniter\Debug\Exceptions->errorHandler(2, 'Undefined array...', 'D:\\xampp\\htdocs...', 119)
#1 D:\xampp\htdocs\veatfresh\system\CodeIgniter.php(825): App\Controllers\Product->product_detail('assets', 'imgs', 'shop', 'product-16-2.jp...')
#2 D:\xampp\htdocs\veatfresh\system\CodeIgniter.php(412): CodeIgniter\CodeIgniter->runController(Object(App\Controllers\Product))
#3 D:\xampp\htdocs\veatfresh\system\CodeIgniter.php(320): CodeIgniter\CodeIgniter->handleRequest(NULL, Object(Config\Cache), false)
#4 D:\xampp\htdocs\veatfresh\index.php(37): CodeIgniter\CodeIgniter->run()
#5 {main}
CRITICAL - 2024-12-21 23:55:17 --> Undefined array key 0
#0 D:\xampp\htdocs\veatfresh\app\Controllers\Product.php(119): CodeIgniter\Debug\Exceptions->errorHandler(2, 'Undefined array...', 'D:\\xampp\\htdocs...', 119)
#1 D:\xampp\htdocs\veatfresh\system\CodeIgniter.php(825): App\Controllers\Product->product_detail('assets', 'imgs', 'shop', 'product-16-1.jp...')
#2 D:\xampp\htdocs\veatfresh\system\CodeIgniter.php(412): CodeIgniter\CodeIgniter->runController(Object(App\Controllers\Product))
#3 D:\xampp\htdocs\veatfresh\system\CodeIgniter.php(320): CodeIgniter\CodeIgniter->handleRequest(NULL, Object(Config\Cache), false)
#4 D:\xampp\htdocs\veatfresh\index.php(37): CodeIgniter\CodeIgniter->run()
#5 {main}
CRITICAL - 2024-12-21 23:55:17 --> Undefined array key 0
#0 D:\xampp\htdocs\veatfresh\app\Controllers\Product.php(119): CodeIgniter\Debug\Exceptions->errorHandler(2, 'Undefined array...', 'D:\\xampp\\htdocs...', 119)
#1 D:\xampp\htdocs\veatfresh\system\CodeIgniter.php(825): App\Controllers\Product->product_detail('assets', 'imgs', 'shop', 'product-16-3.jp...')
#2 D:\xampp\htdocs\veatfresh\system\CodeIgniter.php(412): CodeIgniter\CodeIgniter->runController(Object(App\Controllers\Product))
#3 D:\xampp\htdocs\veatfresh\system\CodeIgniter.php(320): CodeIgniter\CodeIgniter->handleRequest(NULL, Object(Config\Cache), false)
#4 D:\xampp\htdocs\veatfresh\index.php(37): CodeIgniter\CodeIgniter->run()
#5 {main}
CRITICAL - 2024-12-21 23:55:17 --> Undefined array key 0
#0 D:\xampp\htdocs\veatfresh\app\Controllers\Product.php(119): CodeIgniter\Debug\Exceptions->errorHandler(2, 'Undefined array...', 'D:\\xampp\\htdocs...', 119)
#1 D:\xampp\htdocs\veatfresh\system\CodeIgniter.php(825): App\Controllers\Product->product_detail('assets', 'imgs', 'shop', 'product-16-4.jp...')
#2 D:\xampp\htdocs\veatfresh\system\CodeIgniter.php(412): CodeIgniter\CodeIgniter->runController(Object(App\Controllers\Product))
#3 D:\xampp\htdocs\veatfresh\system\CodeIgniter.php(320): CodeIgniter\CodeIgniter->handleRequest(NULL, Object(Config\Cache), false)
#4 D:\xampp\htdocs\veatfresh\index.php(37): CodeIgniter\CodeIgniter->run()
#5 {main}
CRITICAL - 2024-12-21 23:55:17 --> Undefined array key 0
#0 D:\xampp\htdocs\veatfresh\app\Controllers\Product.php(119): CodeIgniter\Debug\Exceptions->errorHandler(2, 'Undefined array...', 'D:\\xampp\\htdocs...', 119)
#1 D:\xampp\htdocs\veatfresh\system\CodeIgniter.php(825): App\Controllers\Product->product_detail('assets', 'imgs', 'shop', 'product-16-5.jp...')
#2 D:\xampp\htdocs\veatfresh\system\CodeIgniter.php(412): CodeIgniter\CodeIgniter->runController(Object(App\Controllers\Product))
#3 D:\xampp\htdocs\veatfresh\system\CodeIgniter.php(320): CodeIgniter\CodeIgniter->handleRequest(NULL, Object(Config\Cache), false)
#4 D:\xampp\htdocs\veatfresh\index.php(37): CodeIgniter\CodeIgniter->run()
#5 {main}
CRITICAL - 2024-12-21 23:56:52 --> Undefined array key 0
#0 D:\xampp\htdocs\veatfresh\app\Controllers\Product.php(119): CodeIgniter\Debug\Exceptions->errorHandler(2, 'Undefined array...', 'D:\\xampp\\htdocs...', 119)
#1 D:\xampp\htdocs\veatfresh\system\CodeIgniter.php(825): App\Controllers\Product->product_detail('assets', 'imgs', 'shop', 'product-16-2.jp...')
#2 D:\xampp\htdocs\veatfresh\system\CodeIgniter.php(412): CodeIgniter\CodeIgniter->runController(Object(App\Controllers\Product))
#3 D:\xampp\htdocs\veatfresh\system\CodeIgniter.php(320): CodeIgniter\CodeIgniter->handleRequest(NULL, Object(Config\Cache), false)
#4 D:\xampp\htdocs\veatfresh\index.php(37): CodeIgniter\CodeIgniter->run()
#5 {main}
CRITICAL - 2024-12-21 23:56:52 --> Undefined array key 0
#0 D:\xampp\htdocs\veatfresh\app\Controllers\Product.php(119): CodeIgniter\Debug\Exceptions->errorHandler(2, 'Undefined array...', 'D:\\xampp\\htdocs...', 119)
#1 D:\xampp\htdocs\veatfresh\system\CodeIgniter.php(825): App\Controllers\Product->product_detail('assets', 'imgs', 'shop', 'product-16-1.jp...')
#2 D:\xampp\htdocs\veatfresh\system\CodeIgniter.php(412): CodeIgniter\CodeIgniter->runController(Object(App\Controllers\Product))
#3 D:\xampp\htdocs\veatfresh\system\CodeIgniter.php(320): CodeIgniter\CodeIgniter->handleRequest(NULL, Object(Config\Cache), false)
#4 D:\xampp\htdocs\veatfresh\index.php(37): CodeIgniter\CodeIgniter->run()
#5 {main}
CRITICAL - 2024-12-21 23:56:52 --> Undefined array key 0
#0 D:\xampp\htdocs\veatfresh\app\Controllers\Product.php(119): CodeIgniter\Debug\Exceptions->errorHandler(2, 'Undefined array...', 'D:\\xampp\\htdocs...', 119)
#1 D:\xampp\htdocs\veatfresh\system\CodeIgniter.php(825): App\Controllers\Product->product_detail('assets', 'imgs', 'shop', 'product-16-4.jp...')
#2 D:\xampp\htdocs\veatfresh\system\CodeIgniter.php(412): CodeIgniter\CodeIgniter->runController(Object(App\Controllers\Product))
#3 D:\xampp\htdocs\veatfresh\system\CodeIgniter.php(320): CodeIgniter\CodeIgniter->handleRequest(NULL, Object(Config\Cache), false)
#4 D:\xampp\htdocs\veatfresh\index.php(37): CodeIgniter\CodeIgniter->run()
#5 {main}
CRITICAL - 2024-12-21 23:56:52 --> Undefined array key 0
#0 D:\xampp\htdocs\veatfresh\app\Controllers\Product.php(119): CodeIgniter\Debug\Exceptions->errorHandler(2, 'Undefined array...', 'D:\\xampp\\htdocs...', 119)
#1 D:\xampp\htdocs\veatfresh\system\CodeIgniter.php(825): App\Controllers\Product->product_detail('assets', 'imgs', 'shop', 'product-16-3.jp...')
#2 D:\xampp\htdocs\veatfresh\system\CodeIgniter.php(412): CodeIgniter\CodeIgniter->runController(Object(App\Controllers\Product))
#3 D:\xampp\htdocs\veatfresh\system\CodeIgniter.php(320): CodeIgniter\CodeIgniter->handleRequest(NULL, Object(Config\Cache), false)
#4 D:\xampp\htdocs\veatfresh\index.php(37): CodeIgniter\CodeIgniter->run()
#5 {main}
CRITICAL - 2024-12-21 23:56:52 --> Undefined array key 0
#0 D:\xampp\htdocs\veatfresh\app\Controllers\Product.php(119): CodeIgniter\Debug\Exceptions->errorHandler(2, 'Undefined array...', 'D:\\xampp\\htdocs...', 119)
#1 D:\xampp\htdocs\veatfresh\system\CodeIgniter.php(825): App\Controllers\Product->product_detail('assets', 'imgs', 'shop', 'product-16-5.jp...')
#2 D:\xampp\htdocs\veatfresh\system\CodeIgniter.php(412): CodeIgniter\CodeIgniter->runController(Object(App\Controllers\Product))
#3 D:\xampp\htdocs\veatfresh\system\CodeIgniter.php(320): CodeIgniter\CodeIgniter->handleRequest(NULL, Object(Config\Cache), false)
#4 D:\xampp\htdocs\veatfresh\index.php(37): CodeIgniter\CodeIgniter->run()
#5 {main}
CRITICAL - 2024-12-21 23:56:52 --> Undefined array key 0
#0 D:\xampp\htdocs\veatfresh\app\Controllers\Product.php(119): CodeIgniter\Debug\Exceptions->errorHandler(2, 'Undefined array...', 'D:\\xampp\\htdocs...', 119)
#1 D:\xampp\htdocs\veatfresh\system\CodeIgniter.php(825): App\Controllers\Product->product_detail('assets', 'imgs', 'shop', 'product-16-7.jp...')
#2 D:\xampp\htdocs\veatfresh\system\CodeIgniter.php(412): CodeIgniter\CodeIgniter->runController(Object(App\Controllers\Product))
#3 D:\xampp\htdocs\veatfresh\system\CodeIgniter.php(320): CodeIgniter\CodeIgniter->handleRequest(NULL, Object(Config\Cache), false)
#4 D:\xampp\htdocs\veatfresh\index.php(37): CodeIgniter\CodeIgniter->run()
#5 {main}
CRITICAL - 2024-12-21 23:56:52 --> Undefined array key 0
#0 D:\xampp\htdocs\veatfresh\app\Controllers\Product.php(119): CodeIgniter\Debug\Exceptions->errorHandler(2, 'Undefined array...', 'D:\\xampp\\htdocs...', 119)
#1 D:\xampp\htdocs\veatfresh\system\CodeIgniter.php(825): App\Controllers\Product->product_detail('assets', 'imgs', 'shop', 'product-16-6.jp...')
#2 D:\xampp\htdocs\veatfresh\system\CodeIgniter.php(412): CodeIgniter\CodeIgniter->runController(Object(App\Controllers\Product))
#3 D:\xampp\htdocs\veatfresh\system\CodeIgniter.php(320): CodeIgniter\CodeIgniter->handleRequest(NULL, Object(Config\Cache), false)
#4 D:\xampp\htdocs\veatfresh\index.php(37): CodeIgniter\CodeIgniter->run()
#5 {main}
CRITICAL - 2024-12-21 23:56:53 --> Undefined array key 0
#0 D:\xampp\htdocs\veatfresh\app\Controllers\Product.php(119): CodeIgniter\Debug\Exceptions->errorHandler(2, 'Undefined array...', 'D:\\xampp\\htdocs...', 119)
#1 D:\xampp\htdocs\veatfresh\system\CodeIgniter.php(825): App\Controllers\Product->product_detail('assets', 'imgs', 'shop', 'thumbnail-6.jpg')
#2 D:\xampp\htdocs\veatfresh\system\CodeIgniter.php(412): CodeIgniter\CodeIgniter->runController(Object(App\Controllers\Product))
#3 D:\xampp\htdocs\veatfresh\system\CodeIgniter.php(320): CodeIgniter\CodeIgniter->handleRequest(NULL, Object(Config\Cache), false)
#4 D:\xampp\htdocs\veatfresh\index.php(37): CodeIgniter\CodeIgniter->run()
#5 {main}
CRITICAL - 2024-12-21 23:56:53 --> Undefined array key 0
#0 D:\xampp\htdocs\veatfresh\app\Controllers\Product.php(119): CodeIgniter\Debug\Exceptions->errorHandler(2, 'Undefined array...', 'D:\\xampp\\htdocs...', 119)
#1 D:\xampp\htdocs\veatfresh\system\CodeIgniter.php(825): App\Controllers\Product->product_detail('assets', 'imgs', 'shop', 'thumbnail-9.jpg')
#2 D:\xampp\htdocs\veatfresh\system\CodeIgniter.php(412): CodeIgniter\CodeIgniter->runController(Object(App\Controllers\Product))
#3 D:\xampp\htdocs\veatfresh\system\CodeIgniter.php(320): CodeIgniter\CodeIgniter->handleRequest(NULL, Object(Config\Cache), false)
#4 D:\xampp\htdocs\veatfresh\index.php(37): CodeIgniter\CodeIgniter->run()
#5 {main}
CRITICAL - 2024-12-21 23:56:53 --> Undefined array key 0
#0 D:\xampp\htdocs\veatfresh\app\Controllers\Product.php(119): CodeIgniter\Debug\Exceptions->errorHandler(2, 'Undefined array...', 'D:\\xampp\\htdocs...', 119)
#1 D:\xampp\htdocs\veatfresh\system\CodeIgniter.php(825): App\Controllers\Product->product_detail('assets', 'imgs', 'shop', 'thumbnail-7.jpg')
#2 D:\xampp\htdocs\veatfresh\system\CodeIgniter.php(412): CodeIgniter\CodeIgniter->runController(Object(App\Controllers\Product))
#3 D:\xampp\htdocs\veatfresh\system\CodeIgniter.php(320): CodeIgniter\CodeIgniter->handleRequest(NULL, Object(Config\Cache), false)
#4 D:\xampp\htdocs\veatfresh\index.php(37): CodeIgniter\CodeIgniter->run()
#5 {main}
CRITICAL - 2024-12-21 23:56:53 --> Undefined array key 0
#0 D:\xampp\htdocs\veatfresh\app\Controllers\Product.php(119): CodeIgniter\Debug\Exceptions->errorHandler(2, 'Undefined array...', 'D:\\xampp\\htdocs...', 119)
#1 D:\xampp\htdocs\veatfresh\system\CodeIgniter.php(825): App\Controllers\Product->product_detail('assets', 'imgs', 'shop', 'thumbnail-4.jpg')
#2 D:\xampp\htdocs\veatfresh\system\CodeIgniter.php(412): CodeIgniter\CodeIgniter->runController(Object(App\Controllers\Product))
#3 D:\xampp\htdocs\veatfresh\system\CodeIgniter.php(320): CodeIgniter\CodeIgniter->handleRequest(NULL, Object(Config\Cache), false)
#4 D:\xampp\htdocs\veatfresh\index.php(37): CodeIgniter\CodeIgniter->run()
#5 {main}
CRITICAL - 2024-12-21 23:56:53 --> Undefined array key 0
#0 D:\xampp\htdocs\veatfresh\app\Controllers\Product.php(119): CodeIgniter\Debug\Exceptions->errorHandler(2, 'Undefined array...', 'D:\\xampp\\htdocs...', 119)
#1 D:\xampp\htdocs\veatfresh\system\CodeIgniter.php(825): App\Controllers\Product->product_detail('assets', 'imgs', 'shop', 'thumbnail-5.jpg')
#2 D:\xampp\htdocs\veatfresh\system\CodeIgniter.php(412): CodeIgniter\CodeIgniter->runController(Object(App\Controllers\Product))
#3 D:\xampp\htdocs\veatfresh\system\CodeIgniter.php(320): CodeIgniter\CodeIgniter->handleRequest(NULL, Object(Config\Cache), false)
#4 D:\xampp\htdocs\veatfresh\index.php(37): CodeIgniter\CodeIgniter->run()
#5 {main}
CRITICAL - 2024-12-21 23:56:53 --> Undefined array key 0
#0 D:\xampp\htdocs\veatfresh\app\Controllers\Product.php(119): CodeIgniter\Debug\Exceptions->errorHandler(2, 'Undefined array...', 'D:\\xampp\\htdocs...', 119)
#1 D:\xampp\htdocs\veatfresh\system\CodeIgniter.php(825): App\Controllers\Product->product_detail('assets', 'imgs', 'shop', 'thumbnail-8.jpg')
#2 D:\xampp\htdocs\veatfresh\system\CodeIgniter.php(412): CodeIgniter\CodeIgniter->runController(Object(App\Controllers\Product))
#3 D:\xampp\htdocs\veatfresh\system\CodeIgniter.php(320): CodeIgniter\CodeIgniter->handleRequest(NULL, Object(Config\Cache), false)
#4 D:\xampp\htdocs\veatfresh\index.php(37): CodeIgniter\CodeIgniter->run()
#5 {main}
CRITICAL - 2024-12-21 23:56:53 --> Undefined array key 0
#0 D:\xampp\htdocs\veatfresh\app\Controllers\Product.php(119): CodeIgniter\Debug\Exceptions->errorHandler(2, 'Undefined array...', 'D:\\xampp\\htdocs...', 119)
#1 D:\xampp\htdocs\veatfresh\system\CodeIgniter.php(825): App\Controllers\Product->product_detail('assets', 'imgs', 'shop', 'thumbnail-3.jpg')
#2 D:\xampp\htdocs\veatfresh\system\CodeIgniter.php(412): CodeIgniter\CodeIgniter->runController(Object(App\Controllers\Product))
#3 D:\xampp\htdocs\veatfresh\system\CodeIgniter.php(320): CodeIgniter\CodeIgniter->handleRequest(NULL, Object(Config\Cache), false)
#4 D:\xampp\htdocs\veatfresh\index.php(37): CodeIgniter\CodeIgniter->run()
#5 {main}
CRITICAL - 2024-12-21 23:56:53 --> Undefined array key 0
#0 D:\xampp\htdocs\veatfresh\app\Controllers\Product.php(119): CodeIgniter\Debug\Exceptions->errorHandler(2, 'Undefined array...', 'D:\\xampp\\htdocs...', 119)
#1 D:\xampp\htdocs\veatfresh\system\CodeIgniter.php(825): App\Controllers\Product->product_detail('assets', 'imgs', 'shop', 'product-16-2.jp...')
#2 D:\xampp\htdocs\veatfresh\system\CodeIgniter.php(412): CodeIgniter\CodeIgniter->runController(Object(App\Controllers\Product))
#3 D:\xampp\htdocs\veatfresh\system\CodeIgniter.php(320): CodeIgniter\CodeIgniter->handleRequest(NULL, Object(Config\Cache), false)
#4 D:\xampp\htdocs\veatfresh\index.php(37): CodeIgniter\CodeIgniter->run()
#5 {main}
CRITICAL - 2024-12-21 23:56:53 --> Undefined array key 0
#0 D:\xampp\htdocs\veatfresh\app\Controllers\Product.php(119): CodeIgniter\Debug\Exceptions->errorHandler(2, 'Undefined array...', 'D:\\xampp\\htdocs...', 119)
#1 D:\xampp\htdocs\veatfresh\system\CodeIgniter.php(825): App\Controllers\Product->product_detail('assets', 'imgs', 'shop', 'product-16-4.jp...')
#2 D:\xampp\htdocs\veatfresh\system\CodeIgniter.php(412): CodeIgniter\CodeIgniter->runController(Object(App\Controllers\Product))
#3 D:\xampp\htdocs\veatfresh\system\CodeIgniter.php(320): CodeIgniter\CodeIgniter->handleRequest(NULL, Object(Config\Cache), false)
#4 D:\xampp\htdocs\veatfresh\index.php(37): CodeIgniter\CodeIgniter->run()
#5 {main}
CRITICAL - 2024-12-21 23:56:53 --> Undefined array key 0
#0 D:\xampp\htdocs\veatfresh\app\Controllers\Product.php(119): CodeIgniter\Debug\Exceptions->errorHandler(2, 'Undefined array...', 'D:\\xampp\\htdocs...', 119)
#1 D:\xampp\htdocs\veatfresh\system\CodeIgniter.php(825): App\Controllers\Product->product_detail('assets', 'imgs', 'shop', 'product-16-7.jp...')
#2 D:\xampp\htdocs\veatfresh\system\CodeIgniter.php(412): CodeIgniter\CodeIgniter->runController(Object(App\Controllers\Product))
#3 D:\xampp\htdocs\veatfresh\system\CodeIgniter.php(320): CodeIgniter\CodeIgniter->handleRequest(NULL, Object(Config\Cache), false)
#4 D:\xampp\htdocs\veatfresh\index.php(37): CodeIgniter\CodeIgniter->run()
#5 {main}
CRITICAL - 2024-12-21 23:56:53 --> Undefined array key 0
#0 D:\xampp\htdocs\veatfresh\app\Controllers\Product.php(119): CodeIgniter\Debug\Exceptions->errorHandler(2, 'Undefined array...', 'D:\\xampp\\htdocs...', 119)
#1 D:\xampp\htdocs\veatfresh\system\CodeIgniter.php(825): App\Controllers\Product->product_detail('assets', 'imgs', 'shop', 'product-16-5.jp...')
#2 D:\xampp\htdocs\veatfresh\system\CodeIgniter.php(412): CodeIgniter\CodeIgniter->runController(Object(App\Controllers\Product))
#3 D:\xampp\htdocs\veatfresh\system\CodeIgniter.php(320): CodeIgniter\CodeIgniter->handleRequest(NULL, Object(Config\Cache), false)
#4 D:\xampp\htdocs\veatfresh\index.php(37): CodeIgniter\CodeIgniter->run()
#5 {main}
CRITICAL - 2024-12-21 23:56:53 --> Undefined array key 0
#0 D:\xampp\htdocs\veatfresh\app\Controllers\Product.php(119): CodeIgniter\Debug\Exceptions->errorHandler(2, 'Undefined array...', 'D:\\xampp\\htdocs...', 119)
#1 D:\xampp\htdocs\veatfresh\system\CodeIgniter.php(825): App\Controllers\Product->product_detail('assets', 'imgs', 'shop', 'product-16-1.jp...')
#2 D:\xampp\htdocs\veatfresh\system\CodeIgniter.php(412): CodeIgniter\CodeIgniter->runController(Object(App\Controllers\Product))
#3 D:\xampp\htdocs\veatfresh\system\CodeIgniter.php(320): CodeIgniter\CodeIgniter->handleRequest(NULL, Object(Config\Cache), false)
#4 D:\xampp\htdocs\veatfresh\index.php(37): CodeIgniter\CodeIgniter->run()
#5 {main}
CRITICAL - 2024-12-21 23:56:53 --> Undefined array key 0
#0 D:\xampp\htdocs\veatfresh\app\Controllers\Product.php(119): CodeIgniter\Debug\Exceptions->errorHandler(2, 'Undefined array...', 'D:\\xampp\\htdocs...', 119)
#1 D:\xampp\htdocs\veatfresh\system\CodeIgniter.php(825): App\Controllers\Product->product_detail('assets', 'imgs', 'shop', 'product-16-3.jp...')
#2 D:\xampp\htdocs\veatfresh\system\CodeIgniter.php(412): CodeIgniter\CodeIgniter->runController(Object(App\Controllers\Product))
#3 D:\xampp\htdocs\veatfresh\system\CodeIgniter.php(320): CodeIgniter\CodeIgniter->handleRequest(NULL, Object(Config\Cache), false)
#4 D:\xampp\htdocs\veatfresh\index.php(37): CodeIgniter\CodeIgniter->run()
#5 {main}
CRITICAL - 2024-12-21 23:56:53 --> Undefined array key 0
#0 D:\xampp\htdocs\veatfresh\app\Controllers\Product.php(119): CodeIgniter\Debug\Exceptions->errorHandler(2, 'Undefined array...', 'D:\\xampp\\htdocs...', 119)
#1 D:\xampp\htdocs\veatfresh\system\CodeIgniter.php(825): App\Controllers\Product->product_detail('assets', 'imgs', 'shop', 'product-16-6.jp...')
#2 D:\xampp\htdocs\veatfresh\system\CodeIgniter.php(412): CodeIgniter\CodeIgniter->runController(Object(App\Controllers\Product))
#3 D:\xampp\htdocs\veatfresh\system\CodeIgniter.php(320): CodeIgniter\CodeIgniter->handleRequest(NULL, Object(Config\Cache), false)
#4 D:\xampp\htdocs\veatfresh\index.php(37): CodeIgniter\CodeIgniter->run()
#5 {main}
CRITICAL - 2024-12-21 23:56:53 --> Undefined array key 0
#0 D:\xampp\htdocs\veatfresh\app\Controllers\Product.php(119): CodeIgniter\Debug\Exceptions->errorHandler(2, 'Undefined array...', 'D:\\xampp\\htdocs...', 119)
#1 D:\xampp\htdocs\veatfresh\system\CodeIgniter.php(825): App\Controllers\Product->product_detail('assets', 'imgs', 'shop', 'thumbnail-9.jpg')
#2 D:\xampp\htdocs\veatfresh\system\CodeIgniter.php(412): CodeIgniter\CodeIgniter->runController(Object(App\Controllers\Product))
#3 D:\xampp\htdocs\veatfresh\system\CodeIgniter.php(320): CodeIgniter\CodeIgniter->handleRequest(NULL, Object(Config\Cache), false)
#4 D:\xampp\htdocs\veatfresh\index.php(37): CodeIgniter\CodeIgniter->run()
#5 {main}
CRITICAL - 2024-12-21 23:56:53 --> Undefined array key 0
#0 D:\xampp\htdocs\veatfresh\app\Controllers\Product.php(119): CodeIgniter\Debug\Exceptions->errorHandler(2, 'Undefined array...', 'D:\\xampp\\htdocs...', 119)
#1 D:\xampp\htdocs\veatfresh\system\CodeIgniter.php(825): App\Controllers\Product->product_detail('assets', 'imgs', 'shop', 'thumbnail-8.jpg')
#2 D:\xampp\htdocs\veatfresh\system\CodeIgniter.php(412): CodeIgniter\CodeIgniter->runController(Object(App\Controllers\Product))
#3 D:\xampp\htdocs\veatfresh\system\CodeIgniter.php(320): CodeIgniter\CodeIgniter->handleRequest(NULL, Object(Config\Cache), false)
#4 D:\xampp\htdocs\veatfresh\index.php(37): CodeIgniter\CodeIgniter->run()
#5 {main}
CRITICAL - 2024-12-21 23:56:53 --> Undefined array key 0
#0 D:\xampp\htdocs\veatfresh\app\Controllers\Product.php(119): CodeIgniter\Debug\Exceptions->errorHandler(2, 'Undefined array...', 'D:\\xampp\\htdocs...', 119)
#1 D:\xampp\htdocs\veatfresh\system\CodeIgniter.php(825): App\Controllers\Product->product_detail('assets', 'imgs', 'shop', 'thumbnail-7.jpg')
#2 D:\xampp\htdocs\veatfresh\system\CodeIgniter.php(412): CodeIgniter\CodeIgniter->runController(Object(App\Controllers\Product))
#3 D:\xampp\htdocs\veatfresh\system\CodeIgniter.php(320): CodeIgniter\CodeIgniter->handleRequest(NULL, Object(Config\Cache), false)
#4 D:\xampp\htdocs\veatfresh\index.php(37): CodeIgniter\CodeIgniter->run()
#5 {main}
CRITICAL - 2024-12-21 23:56:53 --> Undefined array key 0
#0 D:\xampp\htdocs\veatfresh\app\Controllers\Product.php(119): CodeIgniter\Debug\Exceptions->errorHandler(2, 'Undefined array...', 'D:\\xampp\\htdocs...', 119)
#1 D:\xampp\htdocs\veatfresh\system\CodeIgniter.php(825): App\Controllers\Product->product_detail('assets', 'imgs', 'shop', 'thumbnail-6.jpg')
#2 D:\xampp\htdocs\veatfresh\system\CodeIgniter.php(412): CodeIgniter\CodeIgniter->runController(Object(App\Controllers\Product))
#3 D:\xampp\htdocs\veatfresh\system\CodeIgniter.php(320): CodeIgniter\CodeIgniter->handleRequest(NULL, Object(Config\Cache), false)
#4 D:\xampp\htdocs\veatfresh\index.php(37): CodeIgniter\CodeIgniter->run()
#5 {main}
CRITICAL - 2024-12-21 23:56:53 --> Undefined array key 0
#0 D:\xampp\htdocs\veatfresh\app\Controllers\Product.php(119): CodeIgniter\Debug\Exceptions->errorHandler(2, 'Undefined array...', 'D:\\xampp\\htdocs...', 119)
#1 D:\xampp\htdocs\veatfresh\system\CodeIgniter.php(825): App\Controllers\Product->product_detail('assets', 'imgs', 'shop', 'thumbnail-3.jpg')
#2 D:\xampp\htdocs\veatfresh\system\CodeIgniter.php(412): CodeIgniter\CodeIgniter->runController(Object(App\Controllers\Product))
#3 D:\xampp\htdocs\veatfresh\system\CodeIgniter.php(320): CodeIgniter\CodeIgniter->handleRequest(NULL, Object(Config\Cache), false)
#4 D:\xampp\htdocs\veatfresh\index.php(37): CodeIgniter\CodeIgniter->run()
#5 {main}
CRITICAL - 2024-12-21 23:56:54 --> Undefined array key 0
#0 D:\xampp\htdocs\veatfresh\app\Controllers\Product.php(119): CodeIgniter\Debug\Exceptions->errorHandler(2, 'Undefined array...', 'D:\\xampp\\htdocs...', 119)
#1 D:\xampp\htdocs\veatfresh\system\CodeIgniter.php(825): App\Controllers\Product->product_detail('assets', 'imgs', 'shop', 'thumbnail-4.jpg')
#2 D:\xampp\htdocs\veatfresh\system\CodeIgniter.php(412): CodeIgniter\CodeIgniter->runController(Object(App\Controllers\Product))
#3 D:\xampp\htdocs\veatfresh\system\CodeIgniter.php(320): CodeIgniter\CodeIgniter->handleRequest(NULL, Object(Config\Cache), false)
#4 D:\xampp\htdocs\veatfresh\index.php(37): CodeIgniter\CodeIgniter->run()
#5 {main}
CRITICAL - 2024-12-21 23:56:54 --> Undefined array key 0
#0 D:\xampp\htdocs\veatfresh\app\Controllers\Product.php(119): CodeIgniter\Debug\Exceptions->errorHandler(2, 'Undefined array...', 'D:\\xampp\\htdocs...', 119)
#1 D:\xampp\htdocs\veatfresh\system\CodeIgniter.php(825): App\Controllers\Product->product_detail('assets', 'imgs', 'shop', 'thumbnail-5.jpg')
#2 D:\xampp\htdocs\veatfresh\system\CodeIgniter.php(412): CodeIgniter\CodeIgniter->runController(Object(App\Controllers\Product))
#3 D:\xampp\htdocs\veatfresh\system\CodeIgniter.php(320): CodeIgniter\CodeIgniter->handleRequest(NULL, Object(Config\Cache), false)
#4 D:\xampp\htdocs\veatfresh\index.php(37): CodeIgniter\CodeIgniter->run()
#5 {main}
CRITICAL - 2024-12-21 23:57:09 --> Undefined array key 0
#0 D:\xampp\htdocs\veatfresh\app\Controllers\Product.php(119): CodeIgniter\Debug\Exceptions->errorHandler(2, 'Undefined array...', 'D:\\xampp\\htdocs...', 119)
#1 D:\xampp\htdocs\veatfresh\system\CodeIgniter.php(825): App\Controllers\Product->product_detail('assets', 'imgs', 'shop', 'product-16-2.jp...')
#2 D:\xampp\htdocs\veatfresh\system\CodeIgniter.php(412): CodeIgniter\CodeIgniter->runController(Object(App\Controllers\Product))
#3 D:\xampp\htdocs\veatfresh\system\CodeIgniter.php(320): CodeIgniter\CodeIgniter->handleRequest(NULL, Object(Config\Cache), false)
#4 D:\xampp\htdocs\veatfresh\index.php(37): CodeIgniter\CodeIgniter->run()
#5 {main}
CRITICAL - 2024-12-21 23:57:09 --> Undefined array key 0
#0 D:\xampp\htdocs\veatfresh\app\Controllers\Product.php(119): CodeIgniter\Debug\Exceptions->errorHandler(2, 'Undefined array...', 'D:\\xampp\\htdocs...', 119)
#1 D:\xampp\htdocs\veatfresh\system\CodeIgniter.php(825): App\Controllers\Product->product_detail('assets', 'imgs', 'shop', 'product-16-3.jp...')
#2 D:\xampp\htdocs\veatfresh\system\CodeIgniter.php(412): CodeIgniter\CodeIgniter->runController(Object(App\Controllers\Product))
#3 D:\xampp\htdocs\veatfresh\system\CodeIgniter.php(320): CodeIgniter\CodeIgniter->handleRequest(NULL, Object(Config\Cache), false)
#4 D:\xampp\htdocs\veatfresh\index.php(37): CodeIgniter\CodeIgniter->run()
#5 {main}
CRITICAL - 2024-12-21 23:57:09 --> Undefined array key 0
#0 D:\xampp\htdocs\veatfresh\app\Controllers\Product.php(119): CodeIgniter\Debug\Exceptions->errorHandler(2, 'Undefined array...', 'D:\\xampp\\htdocs...', 119)
#1 D:\xampp\htdocs\veatfresh\system\CodeIgniter.php(825): App\Controllers\Product->product_detail('assets', 'imgs', 'shop', 'product-16-1.jp...')
#2 D:\xampp\htdocs\veatfresh\system\CodeIgniter.php(412): CodeIgniter\CodeIgniter->runController(Object(App\Controllers\Product))
#3 D:\xampp\htdocs\veatfresh\system\CodeIgniter.php(320): CodeIgniter\CodeIgniter->handleRequest(NULL, Object(Config\Cache), false)
#4 D:\xampp\htdocs\veatfresh\index.php(37): CodeIgniter\CodeIgniter->run()
#5 {main}
CRITICAL - 2024-12-21 23:57:09 --> Undefined array key 0
#0 D:\xampp\htdocs\veatfresh\app\Controllers\Product.php(119): CodeIgniter\Debug\Exceptions->errorHandler(2, 'Undefined array...', 'D:\\xampp\\htdocs...', 119)
#1 D:\xampp\htdocs\veatfresh\system\CodeIgniter.php(825): App\Controllers\Product->product_detail('assets', 'imgs', 'shop', 'product-16-5.jp...')
#2 D:\xampp\htdocs\veatfresh\system\CodeIgniter.php(412): CodeIgniter\CodeIgniter->runController(Object(App\Controllers\Product))
#3 D:\xampp\htdocs\veatfresh\system\CodeIgniter.php(320): CodeIgniter\CodeIgniter->handleRequest(NULL, Object(Config\Cache), false)
#4 D:\xampp\htdocs\veatfresh\index.php(37): CodeIgniter\CodeIgniter->run()
#5 {main}
CRITICAL - 2024-12-21 23:57:09 --> Undefined array key 0
#0 D:\xampp\htdocs\veatfresh\app\Controllers\Product.php(119): CodeIgniter\Debug\Exceptions->errorHandler(2, 'Undefined array...', 'D:\\xampp\\htdocs...', 119)
#1 D:\xampp\htdocs\veatfresh\system\CodeIgniter.php(825): App\Controllers\Product->product_detail('assets', 'imgs', 'shop', 'product-16-4.jp...')
#2 D:\xampp\htdocs\veatfresh\system\CodeIgniter.php(412): CodeIgniter\CodeIgniter->runController(Object(App\Controllers\Product))
#3 D:\xampp\htdocs\veatfresh\system\CodeIgniter.php(320): CodeIgniter\CodeIgniter->handleRequest(NULL, Object(Config\Cache), false)
#4 D:\xampp\htdocs\veatfresh\index.php(37): CodeIgniter\CodeIgniter->run()
#5 {main}
CRITICAL - 2024-12-21 23:57:09 --> Undefined array key 0
#0 D:\xampp\htdocs\veatfresh\app\Controllers\Product.php(119): CodeIgniter\Debug\Exceptions->errorHandler(2, 'Undefined array...', 'D:\\xampp\\htdocs...', 119)
#1 D:\xampp\htdocs\veatfresh\system\CodeIgniter.php(825): App\Controllers\Product->product_detail('assets', 'imgs', 'shop', 'thumbnail-3.jpg')
#2 D:\xampp\htdocs\veatfresh\system\CodeIgniter.php(412): CodeIgniter\CodeIgniter->runController(Object(App\Controllers\Product))
#3 D:\xampp\htdocs\veatfresh\system\CodeIgniter.php(320): CodeIgniter\CodeIgniter->handleRequest(NULL, Object(Config\Cache), false)
#4 D:\xampp\htdocs\veatfresh\index.php(37): CodeIgniter\CodeIgniter->run()
#5 {main}
CRITICAL - 2024-12-21 23:57:09 --> Undefined array key 0
#0 D:\xampp\htdocs\veatfresh\app\Controllers\Product.php(119): CodeIgniter\Debug\Exceptions->errorHandler(2, 'Undefined array...', 'D:\\xampp\\htdocs...', 119)
#1 D:\xampp\htdocs\veatfresh\system\CodeIgniter.php(825): App\Controllers\Product->product_detail('assets', 'imgs', 'shop', 'thumbnail-4.jpg')
#2 D:\xampp\htdocs\veatfresh\system\CodeIgniter.php(412): CodeIgniter\CodeIgniter->runController(Object(App\Controllers\Product))
#3 D:\xampp\htdocs\veatfresh\system\CodeIgniter.php(320): CodeIgniter\CodeIgniter->handleRequest(NULL, Object(Config\Cache), false)
#4 D:\xampp\htdocs\veatfresh\index.php(37): CodeIgniter\CodeIgniter->run()
#5 {main}
CRITICAL - 2024-12-21 23:57:09 --> Undefined array key 0
#0 D:\xampp\htdocs\veatfresh\app\Controllers\Product.php(119): CodeIgniter\Debug\Exceptions->errorHandler(2, 'Undefined array...', 'D:\\xampp\\htdocs...', 119)
#1 D:\xampp\htdocs\veatfresh\system\CodeIgniter.php(825): App\Controllers\Product->product_detail('assets', 'imgs', 'shop', 'thumbnail-9.jpg')
#2 D:\xampp\htdocs\veatfresh\system\CodeIgniter.php(412): CodeIgniter\CodeIgniter->runController(Object(App\Controllers\Product))
#3 D:\xampp\htdocs\veatfresh\system\CodeIgniter.php(320): CodeIgniter\CodeIgniter->handleRequest(NULL, Object(Config\Cache), false)
#4 D:\xampp\htdocs\veatfresh\index.php(37): CodeIgniter\CodeIgniter->run()
#5 {main}
CRITICAL - 2024-12-21 23:57:09 --> Undefined array key 0
#0 D:\xampp\htdocs\veatfresh\app\Controllers\Product.php(119): CodeIgniter\Debug\Exceptions->errorHandler(2, 'Undefined array...', 'D:\\xampp\\htdocs...', 119)
#1 D:\xampp\htdocs\veatfresh\system\CodeIgniter.php(825): App\Controllers\Product->product_detail('assets', 'imgs', 'shop', 'thumbnail-7.jpg')
#2 D:\xampp\htdocs\veatfresh\system\CodeIgniter.php(412): CodeIgniter\CodeIgniter->runController(Object(App\Controllers\Product))
#3 D:\xampp\htdocs\veatfresh\system\CodeIgniter.php(320): CodeIgniter\CodeIgniter->handleRequest(NULL, Object(Config\Cache), false)
#4 D:\xampp\htdocs\veatfresh\index.php(37): CodeIgniter\CodeIgniter->run()
#5 {main}
CRITICAL - 2024-12-21 23:57:09 --> Undefined array key 0
#0 D:\xampp\htdocs\veatfresh\app\Controllers\Product.php(119): CodeIgniter\Debug\Exceptions->errorHandler(2, 'Undefined array...', 'D:\\xampp\\htdocs...', 119)
#1 D:\xampp\htdocs\veatfresh\system\CodeIgniter.php(825): App\Controllers\Product->product_detail('assets', 'imgs', 'shop', 'thumbnail-8.jpg')
#2 D:\xampp\htdocs\veatfresh\system\CodeIgniter.php(412): CodeIgniter\CodeIgniter->runController(Object(App\Controllers\Product))
#3 D:\xampp\htdocs\veatfresh\system\CodeIgniter.php(320): CodeIgniter\CodeIgniter->handleRequest(NULL, Object(Config\Cache), false)
#4 D:\xampp\htdocs\veatfresh\index.php(37): CodeIgniter\CodeIgniter->run()
#5 {main}
CRITICAL - 2024-12-21 23:57:09 --> Undefined array key 0
#0 D:\xampp\htdocs\veatfresh\app\Controllers\Product.php(119): CodeIgniter\Debug\Exceptions->errorHandler(2, 'Undefined array...', 'D:\\xampp\\htdocs...', 119)
#1 D:\xampp\htdocs\veatfresh\system\CodeIgniter.php(825): App\Controllers\Product->product_detail('assets', 'imgs', 'shop', 'product-16-7.jp...')
#2 D:\xampp\htdocs\veatfresh\system\CodeIgniter.php(412): CodeIgniter\CodeIgniter->runController(Object(App\Controllers\Product))
#3 D:\xampp\htdocs\veatfresh\system\CodeIgniter.php(320): CodeIgniter\CodeIgniter->handleRequest(NULL, Object(Config\Cache), false)
#4 D:\xampp\htdocs\veatfresh\index.php(37): CodeIgniter\CodeIgniter->run()
#5 {main}
CRITICAL - 2024-12-21 23:57:09 --> Undefined array key 0
#0 D:\xampp\htdocs\veatfresh\app\Controllers\Product.php(119): CodeIgniter\Debug\Exceptions->errorHandler(2, 'Undefined array...', 'D:\\xampp\\htdocs...', 119)
#1 D:\xampp\htdocs\veatfresh\system\CodeIgniter.php(825): App\Controllers\Product->product_detail('assets', 'imgs', 'shop', 'thumbnail-6.jpg')
#2 D:\xampp\htdocs\veatfresh\system\CodeIgniter.php(412): CodeIgniter\CodeIgniter->runController(Object(App\Controllers\Product))
#3 D:\xampp\htdocs\veatfresh\system\CodeIgniter.php(320): CodeIgniter\CodeIgniter->handleRequest(NULL, Object(Config\Cache), false)
#4 D:\xampp\htdocs\veatfresh\index.php(37): CodeIgniter\CodeIgniter->run()
#5 {main}
CRITICAL - 2024-12-21 23:57:09 --> Undefined array key 0
#0 D:\xampp\htdocs\veatfresh\app\Controllers\Product.php(119): CodeIgniter\Debug\Exceptions->errorHandler(2, 'Undefined array...', 'D:\\xampp\\htdocs...', 119)
#1 D:\xampp\htdocs\veatfresh\system\CodeIgniter.php(825): App\Controllers\Product->product_detail('assets', 'imgs', 'shop', 'product-16-6.jp...')
#2 D:\xampp\htdocs\veatfresh\system\CodeIgniter.php(412): CodeIgniter\CodeIgniter->runController(Object(App\Controllers\Product))
#3 D:\xampp\htdocs\veatfresh\system\CodeIgniter.php(320): CodeIgniter\CodeIgniter->handleRequest(NULL, Object(Config\Cache), false)
#4 D:\xampp\htdocs\veatfresh\index.php(37): CodeIgniter\CodeIgniter->run()
#5 {main}
CRITICAL - 2024-12-21 23:57:09 --> Undefined array key 0
#0 D:\xampp\htdocs\veatfresh\app\Controllers\Product.php(119): CodeIgniter\Debug\Exceptions->errorHandler(2, 'Undefined array...', 'D:\\xampp\\htdocs...', 119)
#1 D:\xampp\htdocs\veatfresh\system\CodeIgniter.php(825): App\Controllers\Product->product_detail('assets', 'imgs', 'shop', 'thumbnail-5.jpg')
#2 D:\xampp\htdocs\veatfresh\system\CodeIgniter.php(412): CodeIgniter\CodeIgniter->runController(Object(App\Controllers\Product))
#3 D:\xampp\htdocs\veatfresh\system\CodeIgniter.php(320): CodeIgniter\CodeIgniter->handleRequest(NULL, Object(Config\Cache), false)
#4 D:\xampp\htdocs\veatfresh\index.php(37): CodeIgniter\CodeIgniter->run()
#5 {main}
CRITICAL - 2024-12-21 23:57:10 --> Undefined array key 0
#0 D:\xampp\htdocs\veatfresh\app\Controllers\Product.php(119): CodeIgniter\Debug\Exceptions->errorHandler(2, 'Undefined array...', 'D:\\xampp\\htdocs...', 119)
#1 D:\xampp\htdocs\veatfresh\system\CodeIgniter.php(825): App\Controllers\Product->product_detail('assets', 'imgs', 'shop', 'product-16-7.jp...')
#2 D:\xampp\htdocs\veatfresh\system\CodeIgniter.php(412): CodeIgniter\CodeIgniter->runController(Object(App\Controllers\Product))
#3 D:\xampp\htdocs\veatfresh\system\CodeIgniter.php(320): CodeIgniter\CodeIgniter->handleRequest(NULL, Object(Config\Cache), false)
#4 D:\xampp\htdocs\veatfresh\index.php(37): CodeIgniter\CodeIgniter->run()
#5 {main}
CRITICAL - 2024-12-21 23:57:10 --> Undefined array key 0
#0 D:\xampp\htdocs\veatfresh\app\Controllers\Product.php(119): CodeIgniter\Debug\Exceptions->errorHandler(2, 'Undefined array...', 'D:\\xampp\\htdocs...', 119)
#1 D:\xampp\htdocs\veatfresh\system\CodeIgniter.php(825): App\Controllers\Product->product_detail('assets', 'imgs', 'shop', 'product-16-1.jp...')
#2 D:\xampp\htdocs\veatfresh\system\CodeIgniter.php(412): CodeIgniter\CodeIgniter->runController(Object(App\Controllers\Product))
#3 D:\xampp\htdocs\veatfresh\system\CodeIgniter.php(320): CodeIgniter\CodeIgniter->handleRequest(NULL, Object(Config\Cache), false)
#4 D:\xampp\htdocs\veatfresh\index.php(37): CodeIgniter\CodeIgniter->run()
#5 {main}
CRITICAL - 2024-12-21 23:57:10 --> Undefined array key 0
#0 D:\xampp\htdocs\veatfresh\app\Controllers\Product.php(119): CodeIgniter\Debug\Exceptions->errorHandler(2, 'Undefined array...', 'D:\\xampp\\htdocs...', 119)
#1 D:\xampp\htdocs\veatfresh\system\CodeIgniter.php(825): App\Controllers\Product->product_detail('assets', 'imgs', 'shop', 'product-16-2.jp...')
#2 D:\xampp\htdocs\veatfresh\system\CodeIgniter.php(412): CodeIgniter\CodeIgniter->runController(Object(App\Controllers\Product))
#3 D:\xampp\htdocs\veatfresh\system\CodeIgniter.php(320): CodeIgniter\CodeIgniter->handleRequest(NULL, Object(Config\Cache), false)
#4 D:\xampp\htdocs\veatfresh\index.php(37): CodeIgniter\CodeIgniter->run()
#5 {main}
CRITICAL - 2024-12-21 23:57:10 --> Undefined array key 0
#0 D:\xampp\htdocs\veatfresh\app\Controllers\Product.php(119): CodeIgniter\Debug\Exceptions->errorHandler(2, 'Undefined array...', 'D:\\xampp\\htdocs...', 119)
#1 D:\xampp\htdocs\veatfresh\system\CodeIgniter.php(825): App\Controllers\Product->product_detail('assets', 'imgs', 'shop', 'product-16-5.jp...')
#2 D:\xampp\htdocs\veatfresh\system\CodeIgniter.php(412): CodeIgniter\CodeIgniter->runController(Object(App\Controllers\Product))
#3 D:\xampp\htdocs\veatfresh\system\CodeIgniter.php(320): CodeIgniter\CodeIgniter->handleRequest(NULL, Object(Config\Cache), false)
#4 D:\xampp\htdocs\veatfresh\index.php(37): CodeIgniter\CodeIgniter->run()
#5 {main}
CRITICAL - 2024-12-21 23:57:10 --> Undefined array key 0
#0 D:\xampp\htdocs\veatfresh\app\Controllers\Product.php(119): CodeIgniter\Debug\Exceptions->errorHandler(2, 'Undefined array...', 'D:\\xampp\\htdocs...', 119)
#1 D:\xampp\htdocs\veatfresh\system\CodeIgniter.php(825): App\Controllers\Product->product_detail('assets', 'imgs', 'shop', 'product-16-3.jp...')
#2 D:\xampp\htdocs\veatfresh\system\CodeIgniter.php(412): CodeIgniter\CodeIgniter->runController(Object(App\Controllers\Product))
#3 D:\xampp\htdocs\veatfresh\system\CodeIgniter.php(320): CodeIgniter\CodeIgniter->handleRequest(NULL, Object(Config\Cache), false)
#4 D:\xampp\htdocs\veatfresh\index.php(37): CodeIgniter\CodeIgniter->run()
#5 {main}
CRITICAL - 2024-12-21 23:57:10 --> Undefined array key 0
#0 D:\xampp\htdocs\veatfresh\app\Controllers\Product.php(119): CodeIgniter\Debug\Exceptions->errorHandler(2, 'Undefined array...', 'D:\\xampp\\htdocs...', 119)
#1 D:\xampp\htdocs\veatfresh\system\CodeIgniter.php(825): App\Controllers\Product->product_detail('assets', 'imgs', 'shop', 'product-16-4.jp...')
#2 D:\xampp\htdocs\veatfresh\system\CodeIgniter.php(412): CodeIgniter\CodeIgniter->runController(Object(App\Controllers\Product))
#3 D:\xampp\htdocs\veatfresh\system\CodeIgniter.php(320): CodeIgniter\CodeIgniter->handleRequest(NULL, Object(Config\Cache), false)
#4 D:\xampp\htdocs\veatfresh\index.php(37): CodeIgniter\CodeIgniter->run()
#5 {main}
CRITICAL - 2024-12-21 23:57:10 --> Undefined array key 0
#0 D:\xampp\htdocs\veatfresh\app\Controllers\Product.php(119): CodeIgniter\Debug\Exceptions->errorHandler(2, 'Undefined array...', 'D:\\xampp\\htdocs...', 119)
#1 D:\xampp\htdocs\veatfresh\system\CodeIgniter.php(825): App\Controllers\Product->product_detail('assets', 'imgs', 'shop', 'product-16-6.jp...')
#2 D:\xampp\htdocs\veatfresh\system\CodeIgniter.php(412): CodeIgniter\CodeIgniter->runController(Object(App\Controllers\Product))
#3 D:\xampp\htdocs\veatfresh\system\CodeIgniter.php(320): CodeIgniter\CodeIgniter->handleRequest(NULL, Object(Config\Cache), false)
#4 D:\xampp\htdocs\veatfresh\index.php(37): CodeIgniter\CodeIgniter->run()
#5 {main}
CRITICAL - 2024-12-21 23:57:10 --> Undefined array key 0
#0 D:\xampp\htdocs\veatfresh\app\Controllers\Product.php(119): CodeIgniter\Debug\Exceptions->errorHandler(2, 'Undefined array...', 'D:\\xampp\\htdocs...', 119)
#1 D:\xampp\htdocs\veatfresh\system\CodeIgniter.php(825): App\Controllers\Product->product_detail('assets', 'imgs', 'shop', 'thumbnail-9.jpg')
#2 D:\xampp\htdocs\veatfresh\system\CodeIgniter.php(412): CodeIgniter\CodeIgniter->runController(Object(App\Controllers\Product))
#3 D:\xampp\htdocs\veatfresh\system\CodeIgniter.php(320): CodeIgniter\CodeIgniter->handleRequest(NULL, Object(Config\Cache), false)
#4 D:\xampp\htdocs\veatfresh\index.php(37): CodeIgniter\CodeIgniter->run()
#5 {main}
CRITICAL - 2024-12-21 23:57:10 --> Undefined array key 0
#0 D:\xampp\htdocs\veatfresh\app\Controllers\Product.php(119): CodeIgniter\Debug\Exceptions->errorHandler(2, 'Undefined array...', 'D:\\xampp\\htdocs...', 119)
#1 D:\xampp\htdocs\veatfresh\system\CodeIgniter.php(825): App\Controllers\Product->product_detail('assets', 'imgs', 'shop', 'thumbnail-8.jpg')
#2 D:\xampp\htdocs\veatfresh\system\CodeIgniter.php(412): CodeIgniter\CodeIgniter->runController(Object(App\Controllers\Product))
#3 D:\xampp\htdocs\veatfresh\system\CodeIgniter.php(320): CodeIgniter\CodeIgniter->handleRequest(NULL, Object(Config\Cache), false)
#4 D:\xampp\htdocs\veatfresh\index.php(37): CodeIgniter\CodeIgniter->run()
#5 {main}
CRITICAL - 2024-12-21 23:57:10 --> Undefined array key 0
#0 D:\xampp\htdocs\veatfresh\app\Controllers\Product.php(119): CodeIgniter\Debug\Exceptions->errorHandler(2, 'Undefined array...', 'D:\\xampp\\htdocs...', 119)
#1 D:\xampp\htdocs\veatfresh\system\CodeIgniter.php(825): App\Controllers\Product->product_detail('assets', 'imgs', 'shop', 'thumbnail-7.jpg')
#2 D:\xampp\htdocs\veatfresh\system\CodeIgniter.php(412): CodeIgniter\CodeIgniter->runController(Object(App\Controllers\Product))
#3 D:\xampp\htdocs\veatfresh\system\CodeIgniter.php(320): CodeIgniter\CodeIgniter->handleRequest(NULL, Object(Config\Cache), false)
#4 D:\xampp\htdocs\veatfresh\index.php(37): CodeIgniter\CodeIgniter->run()
#5 {main}
CRITICAL - 2024-12-21 23:57:10 --> Undefined array key 0
#0 D:\xampp\htdocs\veatfresh\app\Controllers\Product.php(119): CodeIgniter\Debug\Exceptions->errorHandler(2, 'Undefined array...', 'D:\\xampp\\htdocs...', 119)
#1 D:\xampp\htdocs\veatfresh\system\CodeIgniter.php(825): App\Controllers\Product->product_detail('assets', 'imgs', 'shop', 'thumbnail-6.jpg')
#2 D:\xampp\htdocs\veatfresh\system\CodeIgniter.php(412): CodeIgniter\CodeIgniter->runController(Object(App\Controllers\Product))
#3 D:\xampp\htdocs\veatfresh\system\CodeIgniter.php(320): CodeIgniter\CodeIgniter->handleRequest(NULL, Object(Config\Cache), false)
#4 D:\xampp\htdocs\veatfresh\index.php(37): CodeIgniter\CodeIgniter->run()
#5 {main}
CRITICAL - 2024-12-21 23:57:10 --> Undefined array key 0
#0 D:\xampp\htdocs\veatfresh\app\Controllers\Product.php(119): CodeIgniter\Debug\Exceptions->errorHandler(2, 'Undefined array...', 'D:\\xampp\\htdocs...', 119)
#1 D:\xampp\htdocs\veatfresh\system\CodeIgniter.php(825): App\Controllers\Product->product_detail('assets', 'imgs', 'shop', 'thumbnail-3.jpg')
#2 D:\xampp\htdocs\veatfresh\system\CodeIgniter.php(412): CodeIgniter\CodeIgniter->runController(Object(App\Controllers\Product))
#3 D:\xampp\htdocs\veatfresh\system\CodeIgniter.php(320): CodeIgniter\CodeIgniter->handleRequest(NULL, Object(Config\Cache), false)
#4 D:\xampp\htdocs\veatfresh\index.php(37): CodeIgniter\CodeIgniter->run()
#5 {main}
CRITICAL - 2024-12-21 23:57:10 --> Undefined array key 0
#0 D:\xampp\htdocs\veatfresh\app\Controllers\Product.php(119): CodeIgniter\Debug\Exceptions->errorHandler(2, 'Undefined array...', 'D:\\xampp\\htdocs...', 119)
#1 D:\xampp\htdocs\veatfresh\system\CodeIgniter.php(825): App\Controllers\Product->product_detail('assets', 'imgs', 'shop', 'thumbnail-4.jpg')
#2 D:\xampp\htdocs\veatfresh\system\CodeIgniter.php(412): CodeIgniter\CodeIgniter->runController(Object(App\Controllers\Product))
#3 D:\xampp\htdocs\veatfresh\system\CodeIgniter.php(320): CodeIgniter\CodeIgniter->handleRequest(NULL, Object(Config\Cache), false)
#4 D:\xampp\htdocs\veatfresh\index.php(37): CodeIgniter\CodeIgniter->run()
#5 {main}
CRITICAL - 2024-12-21 23:57:10 --> Undefined array key 0
#0 D:\xampp\htdocs\veatfresh\app\Controllers\Product.php(119): CodeIgniter\Debug\Exceptions->errorHandler(2, 'Undefined array...', 'D:\\xampp\\htdocs...', 119)
#1 D:\xampp\htdocs\veatfresh\system\CodeIgniter.php(825): App\Controllers\Product->product_detail('assets', 'imgs', 'shop', 'thumbnail-5.jpg')
#2 D:\xampp\htdocs\veatfresh\system\CodeIgniter.php(412): CodeIgniter\CodeIgniter->runController(Object(App\Controllers\Product))
#3 D:\xampp\htdocs\veatfresh\system\CodeIgniter.php(320): CodeIgniter\CodeIgniter->handleRequest(NULL, Object(Config\Cache), false)
#4 D:\xampp\htdocs\veatfresh\index.php(37): CodeIgniter\CodeIgniter->run()
#5 {main}
