CRITICAL - 2024-04-23 00:04:04 --> Call to undefined function get_total_carts()
#0 /home/a2r9jiz6dv0x/public_html/system/View/View.php(210): include()
#1 /home/a2r9jiz6dv0x/public_html/system/View/View.php(213): CodeIgniter\View\View->CodeIgniter\View\{closure}()
#2 /home/a2r9jiz6dv0x/public_html/system/Common.php(1089): CodeIgniter\View\View->render('includes/navbar', Array, true)
#3 /home/a2r9jiz6dv0x/public_html/app/Views/includes/layout.php(12): view('includes/navbar')
#4 /home/a2r9jiz6dv0x/public_html/system/View/View.php(210): include('/home/a2r9jiz6d...')
#5 /home/a2r9jiz6dv0x/public_html/system/View/View.php(213): CodeIgniter\View\View->CodeIgniter\View\{closure}()
#6 /home/a2r9jiz6dv0x/public_html/system/Common.php(1089): CodeIgniter\View\View->render('includes/layout', Array, true)
#7 /home/a2r9jiz6dv0x/public_html/app/Helpers/render_helper.php(12): view('includes/layout', Array, Array)
#8 /home/a2r9jiz6dv0x/public_html/app/Controllers/Wishlist.php(13): render_frontend('wishlist', Array)
#9 /home/a2r9jiz6dv0x/public_html/system/CodeIgniter.php(825): App\Controllers\Wishlist->index()
#10 /home/a2r9jiz6dv0x/public_html/system/CodeIgniter.php(412): CodeIgniter\CodeIgniter->runController(Object(App\Controllers\Wishlist))
#11 /home/a2r9jiz6dv0x/public_html/system/CodeIgniter.php(320): CodeIgniter\CodeIgniter->handleRequest(NULL, Object(Config\Cache), false)
#12 /home/a2r9jiz6dv0x/public_html/index.php(37): CodeIgniter\CodeIgniter->run()
#13 {main}
CRITICAL - 2024-04-23 01:06:14 --> Call to undefined function get_total_carts()
#0 /home/a2r9jiz6dv0x/public_html/system/View/View.php(210): include()
#1 /home/a2r9jiz6dv0x/public_html/system/View/View.php(213): CodeIgniter\View\View->CodeIgniter\View\{closure}()
#2 /home/a2r9jiz6dv0x/public_html/system/Common.php(1089): CodeIgniter\View\View->render('includes/navbar', Array, true)
#3 /home/a2r9jiz6dv0x/public_html/app/Views/includes/layout.php(12): view('includes/navbar')
#4 /home/a2r9jiz6dv0x/public_html/system/View/View.php(210): include('/home/a2r9jiz6d...')
#5 /home/a2r9jiz6dv0x/public_html/system/View/View.php(213): CodeIgniter\View\View->CodeIgniter\View\{closure}()
#6 /home/a2r9jiz6dv0x/public_html/system/Common.php(1089): CodeIgniter\View\View->render('includes/layout', Array, true)
#7 /home/a2r9jiz6dv0x/public_html/app/Helpers/render_helper.php(12): view('includes/layout', Array, Array)
#8 /home/a2r9jiz6dv0x/public_html/app/Controllers/Wishlist.php(13): render_frontend('wishlist', Array)
#9 /home/a2r9jiz6dv0x/public_html/system/CodeIgniter.php(825): App\Controllers\Wishlist->index()
#10 /home/a2r9jiz6dv0x/public_html/system/CodeIgniter.php(412): CodeIgniter\CodeIgniter->runController(Object(App\Controllers\Wishlist))
#11 /home/a2r9jiz6dv0x/public_html/system/CodeIgniter.php(320): CodeIgniter\CodeIgniter->handleRequest(NULL, Object(Config\Cache), false)
#12 /home/a2r9jiz6dv0x/public_html/index.php(37): CodeIgniter\CodeIgniter->run()
#13 {main}
CRITICAL - 2024-04-23 01:06:21 --> Call to undefined function get_total_carts()
#0 /home/a2r9jiz6dv0x/public_html/system/View/View.php(210): include()
#1 /home/a2r9jiz6dv0x/public_html/system/View/View.php(213): CodeIgniter\View\View->CodeIgniter\View\{closure}()
#2 /home/a2r9jiz6dv0x/public_html/system/Common.php(1089): CodeIgniter\View\View->render('includes/navbar', Array, true)
#3 /home/a2r9jiz6dv0x/public_html/app/Views/includes/layout.php(12): view('includes/navbar')
#4 /home/a2r9jiz6dv0x/public_html/system/View/View.php(210): include('/home/a2r9jiz6d...')
#5 /home/a2r9jiz6dv0x/public_html/system/View/View.php(213): CodeIgniter\View\View->CodeIgniter\View\{closure}()
#6 /home/a2r9jiz6dv0x/public_html/system/Common.php(1089): CodeIgniter\View\View->render('includes/layout', Array, true)
#7 /home/a2r9jiz6dv0x/public_html/app/Helpers/render_helper.php(12): view('includes/layout', Array, Array)
#8 /home/a2r9jiz6dv0x/public_html/app/Controllers/Wishlist.php(13): render_frontend('wishlist', Array)
#9 /home/a2r9jiz6dv0x/public_html/system/CodeIgniter.php(825): App\Controllers\Wishlist->index()
#10 /home/a2r9jiz6dv0x/public_html/system/CodeIgniter.php(412): CodeIgniter\CodeIgniter->runController(Object(App\Controllers\Wishlist))
#11 /home/a2r9jiz6dv0x/public_html/system/CodeIgniter.php(320): CodeIgniter\CodeIgniter->handleRequest(NULL, Object(Config\Cache), false)
#12 /home/a2r9jiz6dv0x/public_html/index.php(37): CodeIgniter\CodeIgniter->run()
#13 {main}
CRITICAL - 2024-04-23 01:06:28 --> Call to undefined function get_total_carts()
#0 /home/a2r9jiz6dv0x/public_html/system/View/View.php(210): include()
#1 /home/a2r9jiz6dv0x/public_html/system/View/View.php(213): CodeIgniter\View\View->CodeIgniter\View\{closure}()
#2 /home/a2r9jiz6dv0x/public_html/system/Common.php(1089): CodeIgniter\View\View->render('includes/navbar', Array, true)
#3 /home/a2r9jiz6dv0x/public_html/app/Views/includes/layout.php(12): view('includes/navbar')
#4 /home/a2r9jiz6dv0x/public_html/system/View/View.php(210): include('/home/a2r9jiz6d...')
#5 /home/a2r9jiz6dv0x/public_html/system/View/View.php(213): CodeIgniter\View\View->CodeIgniter\View\{closure}()
#6 /home/a2r9jiz6dv0x/public_html/system/Common.php(1089): CodeIgniter\View\View->render('includes/layout', Array, true)
#7 /home/a2r9jiz6dv0x/public_html/app/Helpers/render_helper.php(12): view('includes/layout', Array, Array)
#8 /home/a2r9jiz6dv0x/public_html/app/Controllers/Wishlist.php(13): render_frontend('wishlist', Array)
#9 /home/a2r9jiz6dv0x/public_html/system/CodeIgniter.php(825): App\Controllers\Wishlist->index()
#10 /home/a2r9jiz6dv0x/public_html/system/CodeIgniter.php(412): CodeIgniter\CodeIgniter->runController(Object(App\Controllers\Wishlist))
#11 /home/a2r9jiz6dv0x/public_html/system/CodeIgniter.php(320): CodeIgniter\CodeIgniter->handleRequest(NULL, Object(Config\Cache), false)
#12 /home/a2r9jiz6dv0x/public_html/index.php(37): CodeIgniter\CodeIgniter->run()
#13 {main}
