CRITICAL - 2022-08-20 10:21:39 --> file_get_contents(/home/a2r9jiz6dv0x/public_html/writable/debugbar/debugbar_1660903556.json): failed to open stream: No such file or directory
#0 [internal function]: CodeIgniter\Debug\Exceptions->errorHandler(2, 'file_get_conten...', '/home/a2r9jiz6d...', 80, Array)
#1 /home/a2r9jiz6dv0x/public_html/system/Debug/Toolbar/Collectors/History.php(80): file_get_contents('/home/a2r9jiz6d...')
#2 /home/a2r9jiz6dv0x/public_html/system/Debug/Toolbar.php(487): CodeIgniter\Debug\Toolbar\Collectors\History->setFiles(1660971021, 20)
#3 /home/a2r9jiz6dv0x/public_html/system/Debug/Toolbar.php(464): CodeIgniter\Debug\Toolbar->format(Array, 'html')
#4 /home/a2r9jiz6dv0x/public_html/app/Config/Events.php(48): CodeIgniter\Debug\Toolbar->respond()
#5 /home/a2r9jiz6dv0x/public_html/system/Events/Events.php(149): CodeIgniter\Events\Events::Config\{closure}()
#6 /home/a2r9jiz6dv0x/public_html/system/CodeIgniter.php(302): CodeIgniter\Events\Events::trigger('pre_system')
#7 /home/a2r9jiz6dv0x/public_html/index.php(37): CodeIgniter\CodeIgniter->run()
#8 {main}
CRITICAL - 2022-08-20 10:30:11 --> Undefined variable: is_itementered
#0 /home/a2r9jiz6dv0x/public_html/app/Controllers/AjaxController.php(523): CodeIgniter\Debug\Exceptions->errorHandler(8, 'Undefined varia...', '/home/a2r9jiz6d...', 523, Array)
#1 /home/a2r9jiz6dv0x/public_html/system/CodeIgniter.php(825): App\Controllers\AjaxController->do_place_order()
#2 /home/a2r9jiz6dv0x/public_html/system/CodeIgniter.php(412): CodeIgniter\CodeIgniter->runController(Object(App\Controllers\AjaxController))
#3 /home/a2r9jiz6dv0x/public_html/system/CodeIgniter.php(320): CodeIgniter\CodeIgniter->handleRequest(NULL, Object(Config\Cache), false)
#4 /home/a2r9jiz6dv0x/public_html/index.php(37): CodeIgniter\CodeIgniter->run()
#5 {main}
CRITICAL - 2022-08-20 12:05:55 --> unlink(/home/a2r9jiz6dv0x/public_html/writable/debugbar/debugbar_1660971363.json): No such file or directory
#0 [internal function]: CodeIgniter\Debug\Exceptions->errorHandler(2, 'unlink(/home/a2...', '/home/a2r9jiz6d...', 74, Array)
#1 /home/a2r9jiz6dv0x/public_html/system/Debug/Toolbar/Collectors/History.php(74): unlink('/home/a2r9jiz6d...')
#2 /home/a2r9jiz6dv0x/public_html/system/Debug/Toolbar.php(487): CodeIgniter\Debug\Toolbar\Collectors\History->setFiles(1660977280, 20)
#3 /home/a2r9jiz6dv0x/public_html/system/Debug/Toolbar.php(464): CodeIgniter\Debug\Toolbar->format(Array, 'html')
#4 /home/a2r9jiz6dv0x/public_html/app/Config/Events.php(48): CodeIgniter\Debug\Toolbar->respond()
#5 /home/a2r9jiz6dv0x/public_html/system/Events/Events.php(149): CodeIgniter\Events\Events::Config\{closure}()
#6 /home/a2r9jiz6dv0x/public_html/system/CodeIgniter.php(302): CodeIgniter\Events\Events::trigger('pre_system')
#7 /home/a2r9jiz6dv0x/public_html/index.php(37): CodeIgniter\CodeIgniter->run()
#8 {main}
CRITICAL - 2022-08-20 22:33:53 --> file_get_contents(/home/a2r9jiz6dv0x/public_html/writable/debugbar/debugbar_1660977417.json): failed to open stream: No such file or directory
#0 [internal function]: CodeIgniter\Debug\Exceptions->errorHandler(2, 'file_get_conten...', '/home/a2r9jiz6d...', 80, Array)
#1 /home/a2r9jiz6dv0x/public_html/system/Debug/Toolbar/Collectors/History.php(80): file_get_contents('/home/a2r9jiz6d...')
#2 /home/a2r9jiz6dv0x/public_html/system/Debug/Toolbar.php(487): CodeIgniter\Debug\Toolbar\Collectors\History->setFiles(1661014955, 20)
#3 /home/a2r9jiz6dv0x/public_html/system/Debug/Toolbar.php(464): CodeIgniter\Debug\Toolbar->format(Array, 'html')
#4 /home/a2r9jiz6dv0x/public_html/app/Config/Events.php(48): CodeIgniter\Debug\Toolbar->respond()
#5 /home/a2r9jiz6dv0x/public_html/system/Events/Events.php(149): CodeIgniter\Events\Events::Config\{closure}()
#6 /home/a2r9jiz6dv0x/public_html/system/CodeIgniter.php(302): CodeIgniter\Events\Events::trigger('pre_system')
#7 /home/a2r9jiz6dv0x/public_html/index.php(37): CodeIgniter\CodeIgniter->run()
#8 {main}
