CRITICAL - 2022-10-29 13:14:09 --> Cannot use object of type stdClass as array
#0 /home/a2r9jiz6dv0x/public_html/system/View/View.php(210): include()
#1 /home/a2r9jiz6dv0x/public_html/system/View/View.php(213): CodeIgniter\View\View->CodeIgniter\View\{closure}()
#2 /home/a2r9jiz6dv0x/public_html/system/Common.php(1089): CodeIgniter\View\View->render('shop', Array, true)
#3 /home/a2r9jiz6dv0x/public_html/app/Helpers/render_helper.php(10): view('shop', Array, Array)
#4 /home/a2r9jiz6dv0x/public_html/app/Controllers/Product.php(185): render_frontend('shop', Array)
#5 /home/a2r9jiz6dv0x/public_html/system/CodeIgniter.php(825): App\Controllers\Product->all_products()
#6 /home/a2r9jiz6dv0x/public_html/system/CodeIgniter.php(412): CodeIgniter\CodeIgniter->runController(Object(App\Controllers\Product))
#7 /home/a2r9jiz6dv0x/public_html/system/CodeIgniter.php(320): CodeIgniter\CodeIgniter->handleRequest(NULL, Object(Config\Cache), false)
#8 /home/a2r9jiz6dv0x/public_html/index.php(37): CodeIgniter\CodeIgniter->run()
#9 {main}
CRITICAL - 2022-10-29 13:14:12 --> Cannot use object of type stdClass as array
#0 /home/a2r9jiz6dv0x/public_html/system/View/View.php(210): include()
#1 /home/a2r9jiz6dv0x/public_html/system/View/View.php(213): CodeIgniter\View\View->CodeIgniter\View\{closure}()
#2 /home/a2r9jiz6dv0x/public_html/system/Common.php(1089): CodeIgniter\View\View->render('shop', Array, true)
#3 /home/a2r9jiz6dv0x/public_html/app/Helpers/render_helper.php(10): view('shop', Array, Array)
#4 /home/a2r9jiz6dv0x/public_html/app/Controllers/Product.php(185): render_frontend('shop', Array)
#5 /home/a2r9jiz6dv0x/public_html/system/CodeIgniter.php(825): App\Controllers\Product->all_products()
#6 /home/a2r9jiz6dv0x/public_html/system/CodeIgniter.php(412): CodeIgniter\CodeIgniter->runController(Object(App\Controllers\Product))
#7 /home/a2r9jiz6dv0x/public_html/system/CodeIgniter.php(320): CodeIgniter\CodeIgniter->handleRequest(NULL, Object(Config\Cache), false)
#8 /home/a2r9jiz6dv0x/public_html/index.php(37): CodeIgniter\CodeIgniter->run()
#9 {main}
CRITICAL - 2022-10-29 13:14:44 --> Cannot use object of type stdClass as array
#0 /home/a2r9jiz6dv0x/public_html/system/View/View.php(210): include()
#1 /home/a2r9jiz6dv0x/public_html/system/View/View.php(213): CodeIgniter\View\View->CodeIgniter\View\{closure}()
#2 /home/a2r9jiz6dv0x/public_html/system/Common.php(1089): CodeIgniter\View\View->render('shop', Array, true)
#3 /home/a2r9jiz6dv0x/public_html/app/Helpers/render_helper.php(10): view('shop', Array, Array)
#4 /home/a2r9jiz6dv0x/public_html/app/Controllers/Product.php(185): render_frontend('shop', Array)
#5 /home/a2r9jiz6dv0x/public_html/system/CodeIgniter.php(825): App\Controllers\Product->all_products()
#6 /home/a2r9jiz6dv0x/public_html/system/CodeIgniter.php(412): CodeIgniter\CodeIgniter->runController(Object(App\Controllers\Product))
#7 /home/a2r9jiz6dv0x/public_html/system/CodeIgniter.php(320): CodeIgniter\CodeIgniter->handleRequest(NULL, Object(Config\Cache), false)
#8 /home/a2r9jiz6dv0x/public_html/index.php(37): CodeIgniter\CodeIgniter->run()
#9 {main}
